<?xml version="1.0" encoding="UTF-8"?>
<coverage generated="1697769943259" clover="3.2.0">
  <project timestamp="1697769943259" name="All files">
    <metrics statements="611" coveredstatements="513" conditionals="237" coveredconditionals="179" methods="181" coveredmethods="147" elements="1029" coveredelements="839" complexity="0" loc="611" ncloc="611" packages="17" files="19" classes="19"/>
    <package name="src">
      <metrics statements="11" coveredstatements="8" conditionals="18" coveredconditionals="17" methods="2" coveredmethods="2"/>
      <file name="App.js" path="/home/lalith/Desktop/FullStackProject---Customer-Application/Frontend/customer/src/App.js">
        <metrics statements="9" coveredstatements="8" conditionals="18" coveredconditionals="17" methods="2" coveredmethods="2"/>
        <line num="14" count="5" type="stmt"/>
        <line num="15" count="5" type="stmt"/>
        <line num="16" count="5" type="stmt"/>
        <line num="18" count="5" type="stmt"/>
        <line num="19" count="3" type="cond" truecount="4" falsecount="0"/>
        <line num="20" count="2" type="stmt"/>
        <line num="22" count="1" type="cond" truecount="3" falsecount="1"/>
        <line num="23" count="0" type="stmt"/>
        <line num="27" count="5" type="stmt"/>
      </file>
      <file name="index.js" path="/home/lalith/Desktop/FullStackProject---Customer-Application/Frontend/customer/src/index.js">
        <metrics statements="2" coveredstatements="0" conditionals="0" coveredconditionals="0" methods="0" coveredmethods="0"/>
        <line num="5" count="0" type="stmt"/>
        <line num="7" count="0" type="stmt"/>
      </file>
      <file name="setupTests.js" path="/home/lalith/Desktop/FullStackProject---Customer-Application/Frontend/customer/src/setupTests.js">
        <metrics statements="0" coveredstatements="0" conditionals="0" coveredconditionals="0" methods="0" coveredmethods="0"/>
      </file>
    </package>
    <package name="src.components.Customer">
      <metrics statements="119" coveredstatements="92" conditionals="32" coveredconditionals="17" methods="37" coveredmethods="28"/>
      <file name="index.js" path="/home/lalith/Desktop/FullStackProject---Customer-Application/Frontend/customer/src/components/Customer/index.js">
        <metrics statements="119" coveredstatements="92" conditionals="32" coveredconditionals="17" methods="37" coveredmethods="28"/>
        <line num="40" count="49" type="stmt"/>
        <line num="41" count="48" type="stmt"/>
        <line num="42" count="48" type="stmt"/>
        <line num="43" count="48" type="stmt"/>
        <line num="44" count="48" type="stmt"/>
        <line num="45" count="48" type="stmt"/>
        <line num="46" count="48" type="stmt"/>
        <line num="59" count="48" type="stmt"/>
        <line num="60" count="48" type="stmt"/>
        <line num="61" count="48" type="stmt"/>
        <line num="62" count="48" type="stmt"/>
        <line num="63" count="48" type="stmt"/>
        <line num="64" count="48" type="stmt"/>
        <line num="65" count="48" type="stmt"/>
        <line num="67" count="48" type="stmt"/>
        <line num="68" count="19" type="stmt"/>
        <line num="69" count="19" type="stmt"/>
        <line num="74" count="19" type="stmt"/>
        <line num="77" count="18" type="stmt"/>
        <line num="78" count="18" type="stmt"/>
        <line num="81" count="1" type="stmt"/>
        <line num="82" count="1" type="stmt"/>
        <line num="86" count="48" type="stmt"/>
        <line num="87" count="18" type="stmt"/>
        <line num="90" count="48" type="stmt"/>
        <line num="91" count="19" type="cond" truecount="2" falsecount="0"/>
        <line num="92" count="1" type="stmt"/>
        <line num="96" count="48" type="stmt"/>
        <line num="97" count="1" type="stmt"/>
        <line num="100" count="48" type="stmt"/>
        <line num="101" count="4" type="stmt"/>
        <line num="114" count="4" type="stmt"/>
        <line num="117" count="48" type="stmt"/>
        <line num="118" count="2" type="stmt"/>
        <line num="119" count="2" type="stmt"/>
        <line num="121" count="2" type="stmt"/>
        <line num="122" count="2" type="stmt"/>
        <line num="125" count="48" type="stmt"/>
        <line num="126" count="0" type="stmt"/>
        <line num="127" count="0" type="stmt"/>
        <line num="132" count="0" type="cond" truecount="0" falsecount="2"/>
        <line num="133" count="0" type="stmt"/>
        <line num="138" count="0" type="cond" truecount="0" falsecount="4"/>
        <line num="139" count="0" type="stmt"/>
        <line num="143" count="0" type="stmt"/>
        <line num="145" count="0" type="stmt"/>
        <line num="152" count="0" type="stmt"/>
        <line num="153" count="0" type="stmt"/>
        <line num="158" count="0" type="cond" truecount="0" falsecount="2"/>
        <line num="159" count="0" type="stmt"/>
        <line num="168" count="0" type="cond" truecount="0" falsecount="2"/>
        <line num="169" count="0" type="stmt"/>
        <line num="176" count="0" type="stmt"/>
        <line num="178" count="0" type="stmt"/>
        <line num="185" count="0" type="stmt"/>
        <line num="186" count="0" type="stmt"/>
        <line num="193" count="0" type="stmt"/>
        <line num="196" count="48" type="stmt"/>
        <line num="197" count="3" type="stmt"/>
        <line num="198" count="3" type="stmt"/>
        <line num="201" count="48" type="stmt"/>
        <line num="202" count="1" type="stmt"/>
        <line num="203" count="1" type="stmt"/>
        <line num="208" count="1" type="stmt"/>
        <line num="213" count="1" type="cond" truecount="1" falsecount="1"/>
        <line num="214" count="1" type="stmt"/>
        <line num="218" count="1" type="stmt"/>
        <line num="220" count="0" type="stmt"/>
        <line num="225" count="1" type="stmt"/>
        <line num="228" count="0" type="stmt"/>
        <line num="231" count="0" type="stmt"/>
        <line num="235" count="0" type="stmt"/>
        <line num="239" count="48" type="stmt"/>
        <line num="240" count="1" type="stmt"/>
        <line num="241" count="1" type="stmt"/>
        <line num="244" count="48" type="stmt"/>
        <line num="245" count="1" type="stmt"/>
        <line num="248" count="48" type="stmt"/>
        <line num="249" count="48" type="stmt"/>
        <line num="253" count="48" type="cond" truecount="1" falsecount="1"/>
        <line num="257" count="48" type="stmt"/>
        <line num="258" count="0" type="stmt"/>
        <line num="261" count="48" type="stmt"/>
        <line num="262" count="1" type="stmt"/>
        <line num="263" count="1" type="stmt"/>
        <line num="266" count="48" type="stmt"/>
        <line num="267" count="48" type="cond" truecount="2" falsecount="0"/>
        <line num="268" count="2" type="stmt"/>
        <line num="269" count="2" type="stmt"/>
        <line num="272" count="46" type="stmt"/>
        <line num="273" count="23" type="stmt"/>
        <line num="274" count="23" type="stmt"/>
        <line num="276" count="23" type="cond" truecount="2" falsecount="0"/>
        <line num="277" count="21" type="stmt"/>
        <line num="279" count="2" type="stmt"/>
        <line num="283" count="46" type="stmt"/>
        <line num="284" count="46" type="stmt"/>
        <line num="285" count="46" type="stmt"/>
        <line num="289" count="48" type="stmt"/>
        <line num="290" count="2" type="cond" truecount="1" falsecount="1"/>
        <line num="292" count="2" type="stmt"/>
        <line num="293" count="1" type="stmt"/>
        <line num="294" count="1" type="stmt"/>
        <line num="296" count="1" type="cond" truecount="1" falsecount="1"/>
        <line num="297" count="0" type="stmt"/>
        <line num="299" count="1" type="stmt"/>
        <line num="303" count="2" type="stmt"/>
        <line num="304" count="2" type="stmt"/>
        <line num="307" count="48" type="stmt"/>
        <line num="308" count="48" type="stmt"/>
        <line num="311" count="0" type="stmt"/>
        <line num="313" count="0" type="stmt"/>
        <line num="319" count="48" type="stmt"/>
        <line num="406" count="47" type="stmt"/>
        <line num="428" count="1" type="stmt"/>
        <line num="439" count="2" type="stmt"/>
        <line num="449" count="3" type="stmt"/>
        <line num="460" count="1" type="stmt"/>
        <line num="461" count="1" type="stmt"/>
      </file>
    </package>
    <package name="src.components.Customer.CustomerModal">
      <metrics statements="54" coveredstatements="54" conditionals="38" coveredconditionals="38" methods="16" coveredmethods="16"/>
      <file name="index.js" path="/home/lalith/Desktop/FullStackProject---Customer-Application/Frontend/customer/src/components/Customer/CustomerModal/index.js">
        <metrics statements="54" coveredstatements="54" conditionals="38" coveredconditionals="38" methods="16" coveredmethods="16"/>
        <line num="17" count="4" type="stmt"/>
        <line num="24" count="98" type="stmt"/>
        <line num="25" count="98" type="stmt"/>
        <line num="26" count="98" type="stmt"/>
        <line num="27" count="98" type="stmt"/>
        <line num="28" count="98" type="stmt"/>
        <line num="29" count="98" type="stmt"/>
        <line num="30" count="98" type="stmt"/>
        <line num="31" count="98" type="stmt"/>
        <line num="32" count="98" type="stmt"/>
        <line num="33" count="98" type="stmt"/>
        <line num="35" count="98" type="stmt"/>
        <line num="36" count="52" type="cond" truecount="2" falsecount="0"/>
        <line num="37" count="34" type="stmt"/>
        <line num="38" count="34" type="stmt"/>
        <line num="39" count="34" type="stmt"/>
        <line num="40" count="34" type="stmt"/>
        <line num="41" count="34" type="stmt"/>
        <line num="42" count="34" type="stmt"/>
        <line num="43" count="34" type="stmt"/>
        <line num="44" count="34" type="stmt"/>
        <line num="45" count="34" type="stmt"/>
        <line num="46" count="34" type="stmt"/>
        <line num="50" count="98" type="stmt"/>
        <line num="51" count="19" type="stmt"/>
        <line num="52" count="19" type="stmt"/>
        <line num="55" count="98" type="stmt"/>
        <line num="56" count="20" type="stmt"/>
        <line num="57" count="20" type="stmt"/>
        <line num="60" count="98" type="stmt"/>
        <line num="61" count="16" type="cond" truecount="2" falsecount="0"/>
        <line num="73" count="5" type="stmt"/>
        <line num="75" count="11" type="stmt"/>
        <line num="76" count="11" type="stmt"/>
        <line num="77" count="11" type="stmt"/>
        <line num="78" count="11" type="stmt"/>
        <line num="79" count="11" type="stmt"/>
        <line num="80" count="11" type="stmt"/>
        <line num="81" count="11" type="stmt"/>
        <line num="82" count="11" type="stmt"/>
        <line num="83" count="11" type="stmt"/>
        <line num="84" count="11" type="stmt"/>
        <line num="88" count="98" type="stmt"/>
        <line num="105" count="1" type="stmt"/>
        <line num="121" count="1" type="stmt"/>
        <line num="137" count="1" type="stmt"/>
        <line num="152" count="1" type="stmt"/>
        <line num="165" count="1" type="stmt"/>
        <line num="181" count="1" type="stmt"/>
        <line num="197" count="1" type="stmt"/>
        <line num="213" count="1" type="stmt"/>
        <line num="230" count="1" type="stmt"/>
        <line num="249" count="1" type="stmt"/>
        <line num="266" count="1" type="stmt"/>
      </file>
    </package>
    <package name="src.components.Customer.Dashboard">
      <metrics statements="20" coveredstatements="20" conditionals="0" coveredconditionals="0" methods="4" coveredmethods="4"/>
      <file name="index.js" path="/home/lalith/Desktop/FullStackProject---Customer-Application/Frontend/customer/src/components/Customer/Dashboard/index.js">
        <metrics statements="20" coveredstatements="20" conditionals="0" coveredconditionals="0" methods="4" coveredmethods="4"/>
        <line num="12" count="3" type="stmt"/>
        <line num="13" count="2" type="stmt"/>
        <line num="14" count="2" type="stmt"/>
        <line num="15" count="2" type="stmt"/>
        <line num="17" count="2" type="stmt"/>
        <line num="18" count="1" type="stmt"/>
        <line num="21" count="2" type="stmt"/>
        <line num="22" count="2" type="stmt"/>
        <line num="23" count="2" type="stmt"/>
        <line num="24" count="2" type="stmt"/>
        <line num="29" count="2" type="stmt"/>
        <line num="30" count="2" type="stmt"/>
        <line num="34" count="2" type="stmt"/>
        <line num="36" count="1" type="stmt"/>
        <line num="39" count="2" type="stmt"/>
        <line num="40" count="2" type="stmt"/>
        <line num="44" count="2" type="stmt"/>
        <line num="46" count="1" type="stmt"/>
        <line num="50" count="2" type="stmt"/>
        <line num="53" count="2" type="stmt"/>
      </file>
    </package>
    <package name="src.components.Customer.Dashboard.Orders">
      <metrics statements="13" coveredstatements="13" conditionals="6" coveredconditionals="6" methods="5" coveredmethods="5"/>
      <file name="index.js" path="/home/lalith/Desktop/FullStackProject---Customer-Application/Frontend/customer/src/components/Customer/Dashboard/Orders/index.js">
        <metrics statements="13" coveredstatements="13" conditionals="6" coveredconditionals="6" methods="5" coveredmethods="5"/>
        <line num="17" count="6" type="stmt"/>
        <line num="19" count="6" type="stmt"/>
        <line num="20" count="6" type="stmt"/>
        <line num="28" count="6" type="stmt"/>
        <line num="31" count="6" type="stmt"/>
        <line num="32" count="1" type="stmt"/>
        <line num="35" count="6" type="stmt"/>
        <line num="36" count="3" type="stmt"/>
        <line num="37" count="3" type="stmt"/>
        <line num="38" count="3" type="cond" truecount="2" falsecount="0"/>
        <line num="41" count="6" type="cond" truecount="2" falsecount="0"/>
        <line num="43" count="6" type="stmt"/>
        <line num="86" count="6" type="stmt"/>
      </file>
    </package>
    <package name="src.components.Customer.Dashboard.Profile">
      <metrics statements="2" coveredstatements="2" conditionals="0" coveredconditionals="0" methods="1" coveredmethods="1"/>
      <file name="index.js" path="/home/lalith/Desktop/FullStackProject---Customer-Application/Frontend/customer/src/components/Customer/Dashboard/Profile/index.js">
        <metrics statements="2" coveredstatements="2" conditionals="0" coveredconditionals="0" methods="1" coveredmethods="1"/>
        <line num="18" count="4" type="stmt"/>
        <line num="20" count="4" type="stmt"/>
      </file>
    </package>
    <package name="src.components.Customer.Dashboard.Rewards">
      <metrics statements="16" coveredstatements="16" conditionals="0" coveredconditionals="0" methods="7" coveredmethods="7"/>
      <file name="index.js" path="/home/lalith/Desktop/FullStackProject---Customer-Application/Frontend/customer/src/components/Customer/Dashboard/Rewards/index.js">
        <metrics statements="16" coveredstatements="16" conditionals="0" coveredconditionals="0" methods="7" coveredmethods="7"/>
        <line num="5" count="4" type="stmt"/>
        <line num="6" count="4" type="stmt"/>
        <line num="23" count="4" type="stmt"/>
        <line num="24" count="4" type="stmt"/>
        <line num="41" count="4" type="stmt"/>
        <line num="42" count="4" type="stmt"/>
        <line num="68" count="4" type="stmt"/>
        <line num="74" count="4" type="stmt"/>
        <line num="75" count="4" type="stmt"/>
        <line num="76" count="4" type="stmt"/>
        <line num="80" count="4" type="stmt"/>
        <line num="82" count="4" type="stmt"/>
        <line num="85" count="1" type="stmt"/>
        <line num="86" count="1" type="stmt"/>
        <line num="93" count="1" type="stmt"/>
        <line num="97" count="4" type="stmt"/>
      </file>
    </package>
    <package name="src.components.HomePage">
      <metrics statements="4" coveredstatements="4" conditionals="2" coveredconditionals="2" methods="2" coveredmethods="2"/>
      <file name="index.js" path="/home/lalith/Desktop/FullStackProject---Customer-Application/Frontend/customer/src/components/HomePage/index.js">
        <metrics statements="4" coveredstatements="4" conditionals="2" coveredconditionals="2" methods="2" coveredmethods="2"/>
        <line num="10" count="10" type="stmt"/>
        <line num="12" count="10" type="stmt"/>
        <line num="13" count="2" type="stmt"/>
        <line num="16" count="10" type="stmt"/>
      </file>
    </package>
    <package name="src.components.LandingPage">
      <metrics statements="14" coveredstatements="12" conditionals="10" coveredconditionals="10" methods="7" coveredmethods="5"/>
      <file name="index.js" path="/home/lalith/Desktop/FullStackProject---Customer-Application/Frontend/customer/src/components/LandingPage/index.js">
        <metrics statements="14" coveredstatements="12" conditionals="10" coveredconditionals="10" methods="7" coveredmethods="5"/>
        <line num="20" count="12" type="stmt"/>
        <line num="21" count="11" type="stmt"/>
        <line num="23" count="11" type="stmt"/>
        <line num="24" count="8" type="stmt"/>
        <line num="25" count="8" type="stmt"/>
        <line num="30" count="8" type="stmt"/>
        <line num="33" count="8" type="stmt"/>
        <line num="36" count="0" type="stmt"/>
        <line num="39" count="8" type="stmt"/>
        <line num="42" count="8" type="stmt"/>
        <line num="45" count="0" type="stmt"/>
        <line num="49" count="11" type="stmt"/>
        <line num="50" count="8" type="stmt"/>
        <line num="53" count="11" type="stmt"/>
      </file>
    </package>
    <package name="src.components.Login">
      <metrics statements="17" coveredstatements="13" conditionals="2" coveredconditionals="1" methods="3" coveredmethods="2"/>
      <file name="index.js" path="/home/lalith/Desktop/FullStackProject---Customer-Application/Frontend/customer/src/components/Login/index.js">
        <metrics statements="17" coveredstatements="13" conditionals="2" coveredconditionals="1" methods="3" coveredmethods="2"/>
        <line num="10" count="14" type="stmt"/>
        <line num="15" count="14" type="stmt"/>
        <line num="17" count="14" type="stmt"/>
        <line num="18" count="0" type="stmt"/>
        <line num="19" count="0" type="stmt"/>
        <line num="22" count="14" type="stmt"/>
        <line num="23" count="2" type="stmt"/>
        <line num="25" count="2" type="stmt"/>
        <line num="26" count="2" type="stmt"/>
        <line num="30" count="2" type="cond" truecount="1" falsecount="1"/>
        <line num="31" count="2" type="stmt"/>
        <line num="32" count="2" type="stmt"/>
        <line num="33" count="2" type="stmt"/>
        <line num="34" count="2" type="stmt"/>
        <line num="40" count="0" type="stmt"/>
        <line num="41" count="0" type="stmt"/>
        <line num="48" count="14" type="stmt"/>
      </file>
    </package>
    <package name="src.components.Order">
      <metrics statements="143" coveredstatements="107" conditionals="39" coveredconditionals="21" methods="45" coveredmethods="30"/>
      <file name="index.js" path="/home/lalith/Desktop/FullStackProject---Customer-Application/Frontend/customer/src/components/Order/index.js">
        <metrics statements="143" coveredstatements="107" conditionals="39" coveredconditionals="21" methods="45" coveredmethods="30"/>
        <line num="38" count="3" type="stmt"/>
        <line num="39" count="70" type="stmt"/>
        <line num="47" count="70" type="stmt"/>
        <line num="51" count="66" type="stmt"/>
        <line num="52" count="65" type="cond" truecount="1" falsecount="1"/>
        <line num="55" count="65" type="stmt"/>
        <line num="56" count="65" type="stmt"/>
        <line num="57" count="65" type="stmt"/>
        <line num="58" count="65" type="stmt"/>
        <line num="59" count="65" type="stmt"/>
        <line num="60" count="65" type="stmt"/>
        <line num="61" count="65" type="stmt"/>
        <line num="62" count="65" type="stmt"/>
        <line num="63" count="65" type="stmt"/>
        <line num="68" count="65" type="stmt"/>
        <line num="69" count="65" type="stmt"/>
        <line num="70" count="65" type="stmt"/>
        <line num="71" count="65" type="stmt"/>
        <line num="72" count="65" type="stmt"/>
        <line num="73" count="65" type="stmt"/>
        <line num="74" count="65" type="stmt"/>
        <line num="76" count="65" type="stmt"/>
        <line num="77" count="21" type="stmt"/>
        <line num="80" count="20" type="stmt"/>
        <line num="81" count="20" type="stmt"/>
        <line num="84" count="1" type="stmt"/>
        <line num="85" count="1" type="stmt"/>
        <line num="87" count="21" type="stmt"/>
        <line num="90" count="21" type="stmt"/>
        <line num="93" count="0" type="stmt"/>
        <line num="97" count="65" type="stmt"/>
        <line num="98" count="21" type="stmt"/>
        <line num="99" count="21" type="stmt"/>
        <line num="103" count="21" type="stmt"/>
        <line num="104" count="21" type="cond" truecount="1" falsecount="1"/>
        <line num="105" count="0" type="stmt"/>
        <line num="109" count="65" type="stmt"/>
        <line num="110" count="3" type="stmt"/>
        <line num="116" count="3" type="stmt"/>
        <line num="117" count="3" type="stmt"/>
        <line num="118" count="3" type="stmt"/>
        <line num="121" count="65" type="stmt"/>
        <line num="127" count="65" type="stmt"/>
        <line num="128" count="65" type="stmt"/>
        <line num="130" count="65" type="cond" truecount="2" falsecount="0"/>
        <line num="131" count="5" type="stmt"/>
        <line num="132" count="6" type="stmt"/>
        <line num="135" count="60" type="stmt"/>
        <line num="136" count="31" type="stmt"/>
        <line num="137" count="31" type="stmt"/>
        <line num="139" count="31" type="cond" truecount="2" falsecount="0"/>
        <line num="140" count="28" type="stmt"/>
        <line num="142" count="3" type="stmt"/>
        <line num="147" count="65" type="stmt"/>
        <line num="148" count="65" type="stmt"/>
        <line num="150" count="65" type="stmt"/>
        <line num="153" count="65" type="stmt"/>
        <line num="154" count="2" type="stmt"/>
        <line num="156" count="2" type="stmt"/>
        <line num="158" count="2" type="stmt"/>
        <line num="161" count="65" type="stmt"/>
        <line num="162" count="2" type="stmt"/>
        <line num="163" count="2" type="stmt"/>
        <line num="164" count="2" type="stmt"/>
        <line num="167" count="65" type="stmt"/>
        <line num="168" count="2" type="stmt"/>
        <line num="171" count="65" type="stmt"/>
        <line num="172" count="3" type="stmt"/>
        <line num="173" count="3" type="stmt"/>
        <line num="176" count="65" type="stmt"/>
        <line num="177" count="1" type="stmt"/>
        <line num="178" count="1" type="stmt"/>
        <line num="183" count="1" type="stmt"/>
        <line num="186" count="0" type="cond" truecount="0" falsecount="2"/>
        <line num="187" count="0" type="stmt"/>
        <line num="191" count="0" type="stmt"/>
        <line num="192" count="0" type="stmt"/>
        <line num="195" count="0" type="stmt"/>
        <line num="200" count="0" type="stmt"/>
        <line num="203" count="1" type="stmt"/>
        <line num="206" count="1" type="stmt"/>
        <line num="210" count="1" type="stmt"/>
        <line num="214" count="65" type="stmt"/>
        <line num="215" count="1" type="stmt"/>
        <line num="216" count="1" type="stmt"/>
        <line num="219" count="65" type="stmt"/>
        <line num="220" count="1" type="stmt"/>
        <line num="221" count="1" type="stmt"/>
        <line num="224" count="65" type="stmt"/>
        <line num="225" count="1" type="stmt"/>
        <line num="226" count="1" type="stmt"/>
        <line num="231" count="1" type="stmt"/>
        <line num="234" count="65" type="stmt"/>
        <line num="235" count="0" type="stmt"/>
        <line num="236" count="0" type="stmt"/>
        <line num="241" count="0" type="cond" truecount="0" falsecount="2"/>
        <line num="242" count="0" type="stmt"/>
        <line num="252" count="0" type="cond" truecount="0" falsecount="2"/>
        <line num="253" count="0" type="stmt"/>
        <line num="257" count="0" type="stmt"/>
        <line num="258" count="0" type="stmt"/>
        <line num="259" count="0" type="cond" truecount="0" falsecount="2"/>
        <line num="264" count="0" type="stmt"/>
        <line num="266" count="0" type="stmt"/>
        <line num="271" count="0" type="stmt"/>
        <line num="274" count="0" type="stmt"/>
        <line num="277" count="0" type="stmt"/>
        <line num="281" count="0" type="stmt"/>
        <line num="284" count="0" type="stmt"/>
        <line num="287" count="0" type="cond" truecount="0" falsecount="4"/>
        <line num="288" count="0" type="stmt"/>
        <line num="292" count="0" type="stmt"/>
        <line num="294" count="0" type="stmt"/>
        <line num="299" count="0" type="stmt"/>
        <line num="300" count="0" type="stmt"/>
        <line num="303" count="0" type="stmt"/>
        <line num="304" count="0" type="stmt"/>
        <line num="308" count="0" type="stmt"/>
        <line num="313" count="65" type="stmt"/>
        <line num="314" count="68" type="cond" truecount="2" falsecount="0"/>
        <line num="318" count="65" type="cond" truecount="1" falsecount="1"/>
        <line num="322" count="65" type="stmt"/>
        <line num="323" count="0" type="stmt"/>
        <line num="326" count="65" type="stmt"/>
        <line num="327" count="1" type="stmt"/>
        <line num="328" count="1" type="stmt"/>
        <line num="331" count="65" type="stmt"/>
        <line num="332" count="7" type="cond" truecount="2" falsecount="0"/>
        <line num="334" count="7" type="stmt"/>
        <line num="335" count="2" type="stmt"/>
        <line num="336" count="2" type="stmt"/>
        <line num="338" count="2" type="cond" truecount="2" falsecount="0"/>
        <line num="339" count="1" type="stmt"/>
        <line num="341" count="1" type="stmt"/>
        <line num="345" count="7" type="stmt"/>
        <line num="346" count="7" type="stmt"/>
        <line num="349" count="65" type="stmt"/>
        <line num="434" count="65" type="stmt"/>
        <line num="439" count="0" type="stmt"/>
        <line num="456" count="2" type="stmt"/>
        <line num="467" count="2" type="stmt"/>
        <line num="477" count="3" type="stmt"/>
        <line num="614" count="0" type="stmt"/>
      </file>
    </package>
    <package name="src.components.Order.CustomerDetailsModal">
      <metrics statements="13" coveredstatements="13" conditionals="8" coveredconditionals="7" methods="4" coveredmethods="4"/>
      <file name="index.js" path="/home/lalith/Desktop/FullStackProject---Customer-Application/Frontend/customer/src/components/Order/CustomerDetailsModal/index.js">
        <metrics statements="13" coveredstatements="13" conditionals="8" coveredconditionals="7" methods="4" coveredmethods="4"/>
        <line num="14" count="73" type="stmt"/>
        <line num="15" count="73" type="stmt"/>
        <line num="17" count="73" type="stmt"/>
        <line num="18" count="25" type="cond" truecount="4" falsecount="0"/>
        <line num="19" count="4" type="stmt"/>
        <line num="20" count="4" type="stmt"/>
        <line num="21" count="4" type="stmt"/>
        <line num="26" count="4" type="stmt"/>
        <line num="29" count="3" type="stmt"/>
        <line num="30" count="3" type="stmt"/>
        <line num="33" count="1" type="stmt"/>
        <line num="34" count="1" type="stmt"/>
        <line num="39" count="73" type="stmt"/>
      </file>
    </package>
    <package name="src.components.Order.OrderItemsList">
      <metrics statements="3" coveredstatements="3" conditionals="0" coveredconditionals="0" methods="2" coveredmethods="2"/>
      <file name="index.js" path="/home/lalith/Desktop/FullStackProject---Customer-Application/Frontend/customer/src/components/Order/OrderItemsList/index.js">
        <metrics statements="3" coveredstatements="3" conditionals="0" coveredconditionals="0" methods="2" coveredmethods="2"/>
        <line num="14" count="1" type="stmt"/>
        <line num="20" count="1" type="stmt"/>
        <line num="40" count="2" type="stmt"/>
      </file>
    </package>
    <package name="src.components.Order.OrderModal">
      <metrics statements="93" coveredstatements="71" conditionals="62" coveredconditionals="45" methods="22" coveredmethods="16"/>
      <file name="index.js" path="/home/lalith/Desktop/FullStackProject---Customer-Application/Frontend/customer/src/components/Order/OrderModal/index.js">
        <metrics statements="93" coveredstatements="71" conditionals="62" coveredconditionals="45" methods="22" coveredmethods="16"/>
        <line num="31" count="4" type="stmt"/>
        <line num="43" count="102" type="stmt"/>
        <line num="44" count="102" type="stmt"/>
        <line num="45" count="102" type="stmt"/>
        <line num="46" count="102" type="stmt"/>
        <line num="47" count="102" type="stmt"/>
        <line num="48" count="102" type="stmt"/>
        <line num="49" count="102" type="stmt"/>
        <line num="50" count="102" type="stmt"/>
        <line num="52" count="102" type="stmt"/>
        <line num="53" count="35" type="stmt"/>
        <line num="57" count="102" type="stmt"/>
        <line num="58" count="19" type="stmt"/>
        <line num="59" count="19" type="stmt"/>
        <line num="60" count="19" type="stmt"/>
        <line num="61" count="19" type="stmt"/>
        <line num="62" count="19" type="stmt"/>
        <line num="63" count="19" type="stmt"/>
        <line num="64" count="19" type="stmt"/>
        <line num="67" count="102" type="stmt"/>
        <line num="68" count="41" type="cond" truecount="2" falsecount="0"/>
        <line num="69" count="19" type="stmt"/>
        <line num="70" count="19" type="cond" truecount="2" falsecount="0"/>
        <line num="71" count="9" type="stmt"/>
        <line num="73" count="10" type="stmt"/>
        <line num="78" count="102" type="stmt"/>
        <line num="79" count="16" type="stmt"/>
        <line num="80" count="16" type="cond" truecount="1" falsecount="1"/>
        <line num="81" count="16" type="stmt"/>
        <line num="83" count="0" type="stmt"/>
        <line num="87" count="102" type="stmt"/>
        <line num="88" count="16" type="stmt"/>
        <line num="89" count="16" type="cond" truecount="4" falsecount="1"/>
        <line num="91" count="10" type="stmt"/>
        <line num="93" count="2" type="stmt"/>
        <line num="95" count="2" type="stmt"/>
        <line num="97" count="2" type="stmt"/>
        <line num="99" count="0" type="stmt"/>
        <line num="103" count="102" type="stmt"/>
        <line num="104" count="5" type="cond" truecount="2" falsecount="2"/>
        <line num="105" count="0" type="stmt"/>
        <line num="107" count="0" type="stmt"/>
        <line num="108" count="0" type="stmt"/>
        <line num="111" count="0" type="cond" truecount="0" falsecount="2"/>
        <line num="112" count="0" type="stmt"/>
        <line num="113" count="0" type="stmt"/>
        <line num="114" count="0" type="stmt"/>
        <line num="116" count="0" type="stmt"/>
        <line num="122" count="0" type="stmt"/>
        <line num="125" count="0" type="stmt"/>
        <line num="126" count="0" type="stmt"/>
        <line num="127" count="0" type="stmt"/>
        <line num="129" count="5" type="cond" truecount="1" falsecount="1"/>
        <line num="130" count="5" type="stmt"/>
        <line num="132" count="5" type="cond" truecount="2" falsecount="0"/>
        <line num="133" count="3" type="stmt"/>
        <line num="134" count="2" type="cond" truecount="1" falsecount="1"/>
        <line num="135" count="0" type="stmt"/>
        <line num="137" count="2" type="stmt"/>
        <line num="142" count="102" type="stmt"/>
        <line num="143" count="2" type="stmt"/>
        <line num="144" count="1" type="stmt"/>
        <line num="147" count="102" type="stmt"/>
        <line num="148" count="4" type="stmt"/>
        <line num="149" count="4" type="stmt"/>
        <line num="150" count="4" type="cond" truecount="2" falsecount="0"/>
        <line num="151" count="4" type="cond" truecount="1" falsecount="1"/>
        <line num="152" count="4" type="cond" truecount="3" falsecount="1"/>
        <line num="153" count="4" type="stmt"/>
        <line num="155" count="4" type="stmt"/>
        <line num="156" count="4" type="stmt"/>
        <line num="158" count="4" type="cond" truecount="2" falsecount="0"/>
        <line num="159" count="2" type="cond" truecount="2" falsecount="3"/>
        <line num="160" count="0" type="stmt"/>
        <line num="161" count="0" type="stmt"/>
        <line num="162" count="0" type="stmt"/>
        <line num="165" count="2" type="stmt"/>
        <line num="166" count="2" type="cond" truecount="1" falsecount="1"/>
        <line num="167" count="2" type="stmt"/>
        <line num="168" count="2" type="stmt"/>
        <line num="169" count="2" type="stmt"/>
        <line num="170" count="2" type="stmt"/>
        <line num="175" count="102" type="stmt"/>
        <line num="192" count="0" type="stmt"/>
        <line num="207" count="0" type="stmt"/>
        <line num="224" count="0" type="stmt"/>
        <line num="252" count="0" type="stmt"/>
        <line num="256" count="114" type="stmt"/>
        <line num="275" count="2" type="stmt"/>
        <line num="312" count="38" type="stmt"/>
        <line num="319" count="1" type="stmt"/>
        <line num="343" count="80" type="stmt"/>
        <line num="355" count="4" type="stmt"/>
      </file>
    </package>
    <package name="src.components.Register">
      <metrics statements="23" coveredstatements="21" conditionals="4" coveredconditionals="3" methods="4" coveredmethods="4"/>
      <file name="index.js" path="/home/lalith/Desktop/FullStackProject---Customer-Application/Frontend/customer/src/components/Register/index.js">
        <metrics statements="23" coveredstatements="21" conditionals="4" coveredconditionals="3" methods="4" coveredmethods="4"/>
        <line num="10" count="11" type="stmt"/>
        <line num="17" count="11" type="stmt"/>
        <line num="19" count="11" type="stmt"/>
        <line num="20" count="4" type="stmt"/>
        <line num="21" count="4" type="stmt"/>
        <line num="24" count="11" type="stmt"/>
        <line num="25" count="3" type="stmt"/>
        <line num="26" count="3" type="stmt"/>
        <line num="29" count="11" type="stmt"/>
        <line num="30" count="3" type="stmt"/>
        <line num="32" count="3" type="cond" truecount="2" falsecount="0"/>
        <line num="33" count="2" type="stmt"/>
        <line num="37" count="2" type="stmt"/>
        <line num="40" count="1" type="stmt"/>
        <line num="41" count="1" type="stmt"/>
        <line num="45" count="1" type="cond" truecount="1" falsecount="1"/>
        <line num="46" count="1" type="stmt"/>
        <line num="47" count="1" type="stmt"/>
        <line num="48" count="1" type="stmt"/>
        <line num="49" count="1" type="stmt"/>
        <line num="55" count="0" type="stmt"/>
        <line num="56" count="0" type="stmt"/>
        <line num="63" count="11" type="stmt"/>
      </file>
    </package>
    <package name="src.components.Reward">
      <metrics statements="53" coveredstatements="51" conditionals="16" coveredconditionals="12" methods="15" coveredmethods="14"/>
      <file name="index.js" path="/home/lalith/Desktop/FullStackProject---Customer-Application/Frontend/customer/src/components/Reward/index.js">
        <metrics statements="53" coveredstatements="51" conditionals="16" coveredconditionals="12" methods="15" coveredmethods="14"/>
        <line num="24" count="3" type="stmt"/>
        <line num="25" count="14" type="stmt"/>
        <line num="33" count="14" type="stmt"/>
        <line num="37" count="27" type="stmt"/>
        <line num="38" count="26" type="stmt"/>
        <line num="39" count="26" type="stmt"/>
        <line num="40" count="26" type="stmt"/>
        <line num="41" count="26" type="stmt"/>
        <line num="42" count="26" type="stmt"/>
        <line num="44" count="26" type="stmt"/>
        <line num="45" count="10" type="stmt"/>
        <line num="46" count="10" type="stmt"/>
        <line num="51" count="10" type="stmt"/>
        <line num="54" count="8" type="stmt"/>
        <line num="55" count="8" type="stmt"/>
        <line num="58" count="2" type="stmt"/>
        <line num="59" count="2" type="stmt"/>
        <line num="63" count="26" type="stmt"/>
        <line num="64" count="2" type="stmt"/>
        <line num="67" count="26" type="stmt"/>
        <line num="68" count="3" type="cond" truecount="1" falsecount="1"/>
        <line num="69" count="3" type="stmt"/>
        <line num="71" count="3" type="stmt"/>
        <line num="72" count="2" type="stmt"/>
        <line num="73" count="2" type="stmt"/>
        <line num="75" count="2" type="cond" truecount="1" falsecount="1"/>
        <line num="76" count="0" type="stmt"/>
        <line num="78" count="2" type="stmt"/>
        <line num="82" count="3" type="stmt"/>
        <line num="85" count="26" type="stmt"/>
        <line num="86" count="16" type="stmt"/>
        <line num="90" count="26" type="cond" truecount="1" falsecount="1"/>
        <line num="94" count="26" type="stmt"/>
        <line num="95" count="0" type="stmt"/>
        <line num="98" count="26" type="stmt"/>
        <line num="99" count="2" type="stmt"/>
        <line num="100" count="2" type="stmt"/>
        <line num="103" count="26" type="stmt"/>
        <line num="104" count="26" type="stmt"/>
        <line num="105" count="26" type="stmt"/>
        <line num="107" count="26" type="stmt"/>
        <line num="109" count="26" type="cond" truecount="2" falsecount="0"/>
        <line num="110" count="5" type="stmt"/>
        <line num="111" count="6" type="stmt"/>
        <line num="114" count="21" type="stmt"/>
        <line num="115" count="5" type="stmt"/>
        <line num="116" count="5" type="stmt"/>
        <line num="118" count="5" type="cond" truecount="2" falsecount="0"/>
        <line num="119" count="3" type="stmt"/>
        <line num="121" count="2" type="stmt"/>
        <line num="126" count="26" type="stmt"/>
        <line num="129" count="26" type="stmt"/>
        <line num="194" count="13" type="stmt"/>
      </file>
    </package>
    <package name="src.components.common">
      <metrics statements="13" coveredstatements="13" conditionals="0" coveredconditionals="0" methods="5" coveredmethods="5"/>
      <file name="Navbar.js" path="/home/lalith/Desktop/FullStackProject---Customer-Application/Frontend/customer/src/components/common/Navbar.js">
        <metrics statements="13" coveredstatements="13" conditionals="0" coveredconditionals="0" methods="5" coveredmethods="5"/>
        <line num="18" count="156" type="stmt"/>
        <line num="19" count="156" type="stmt"/>
        <line num="21" count="156" type="stmt"/>
        <line num="22" count="1" type="stmt"/>
        <line num="25" count="156" type="stmt"/>
        <line num="26" count="1" type="stmt"/>
        <line num="29" count="156" type="stmt"/>
        <line num="30" count="1" type="stmt"/>
        <line num="33" count="156" type="stmt"/>
        <line num="34" count="1" type="stmt"/>
        <line num="35" count="1" type="stmt"/>
        <line num="36" count="1" type="stmt"/>
        <line num="42" count="156" type="stmt"/>
      </file>
    </package>
  </project>
</coverage>
