{"/Users/lalithphanindrapatibanda/Desktop/FullStackProject---Customer-Application/Frontend/customer/src/App.js": {"path":"/Users/lalithphanindrapatibanda/Desktop/FullStackProject---Customer-Application/Frontend/customer/src/App.js","statementMap":{"0":{"start":{"line":14,"column":19},"end":{"line":14,"column":46}},"1":{"start":{"line":15,"column":19},"end":{"line":15,"column":32}},"2":{"start":{"line":16,"column":19},"end":{"line":16,"column":32}},"3":{"start":{"line":18,"column":2},"end":{"line":25,"column":46}},"4":{"start":{"line":19,"column":4},"end":{"line":24,"column":5}},"5":{"start":{"line":20,"column":6},"end":{"line":20,"column":19}},"6":{"start":{"line":22,"column":9},"end":{"line":24,"column":5}},"7":{"start":{"line":23,"column":6},"end":{"line":23,"column":27}},"8":{"start":{"line":27,"column":2},"end":{"line":84,"column":4}}},"fnMap":{"0":{"name":"App","decl":{"start":{"line":13,"column":9},"end":{"line":13,"column":12}},"loc":{"start":{"line":13,"column":15},"end":{"line":85,"column":1}},"line":13},"1":{"name":"(anonymous_1)","decl":{"start":{"line":18,"column":12},"end":{"line":18,"column":13}},"loc":{"start":{"line":18,"column":18},"end":{"line":25,"column":3}},"line":18}},"branchMap":{"0":{"loc":{"start":{"line":19,"column":4},"end":{"line":24,"column":5}},"type":"if","locations":[{"start":{"line":19,"column":4},"end":{"line":24,"column":5}},{"start":{"line":22,"column":9},"end":{"line":24,"column":5}}],"line":19},"1":{"loc":{"start":{"line":19,"column":8},"end":{"line":19,"column":48}},"type":"binary-expr","locations":[{"start":{"line":19,"column":8},"end":{"line":19,"column":17}},{"start":{"line":19,"column":22},"end":{"line":19,"column":47}}],"line":19},"2":{"loc":{"start":{"line":22,"column":9},"end":{"line":24,"column":5}},"type":"if","locations":[{"start":{"line":22,"column":9},"end":{"line":24,"column":5}},{"start":{},"end":{}}],"line":22},"3":{"loc":{"start":{"line":22,"column":12},"end":{"line":22,"column":51}},"type":"binary-expr","locations":[{"start":{"line":22,"column":12},"end":{"line":22,"column":20}},{"start":{"line":22,"column":25},"end":{"line":22,"column":50}}],"line":22},"4":{"loc":{"start":{"line":34,"column":12},"end":{"line":38,"column":13}},"type":"cond-expr","locations":[{"start":{"line":35,"column":14},"end":{"line":35,"column":29}},{"start":{"line":37,"column":14},"end":{"line":37,"column":25}}],"line":34},"5":{"loc":{"start":{"line":44,"column":12},"end":{"line":48,"column":13}},"type":"cond-expr","locations":[{"start":{"line":45,"column":14},"end":{"line":45,"column":26}},{"start":{"line":47,"column":14},"end":{"line":47,"column":25}}],"line":44},"6":{"loc":{"start":{"line":54,"column":12},"end":{"line":58,"column":13}},"type":"cond-expr","locations":[{"start":{"line":55,"column":14},"end":{"line":55,"column":27}},{"start":{"line":57,"column":14},"end":{"line":57,"column":25}}],"line":54},"7":{"loc":{"start":{"line":64,"column":12},"end":{"line":68,"column":13}},"type":"cond-expr","locations":[{"start":{"line":65,"column":14},"end":{"line":65,"column":23}},{"start":{"line":67,"column":14},"end":{"line":67,"column":25}}],"line":64},"8":{"loc":{"start":{"line":74,"column":12},"end":{"line":78,"column":13}},"type":"cond-expr","locations":[{"start":{"line":75,"column":14},"end":{"line":75,"column":24}},{"start":{"line":77,"column":14},"end":{"line":77,"column":25}}],"line":74}},"s":{"0":5,"1":5,"2":5,"3":5,"4":3,"5":2,"6":1,"7":0,"8":5},"f":{"0":5,"1":3},"b":{"0":[2,1],"1":[3,2],"2":[0,1],"3":[1,1],"4":[1,4],"5":[1,4],"6":[1,4],"7":[1,4],"8":[1,4]},"_coverageSchema":"1a1c01bbd47fc00a2c39e90264f33305004495a9","hash":"02129a6cb860ca6524701dac3c88013fd566d8f7"}
,"/Users/lalithphanindrapatibanda/Desktop/FullStackProject---Customer-Application/Frontend/customer/src/index.js": {"path":"/Users/lalithphanindrapatibanda/Desktop/FullStackProject---Customer-Application/Frontend/customer/src/index.js","statementMap":{"0":{"start":{"line":6,"column":14},"end":{"line":6,"column":57}},"1":{"start":{"line":8,"column":0},"end":{"line":14,"column":2}}},"fnMap":{},"branchMap":{},"s":{"0":0,"1":0},"f":{},"b":{}}
,"/Users/lalithphanindrapatibanda/Desktop/FullStackProject---Customer-Application/Frontend/customer/src/setupTests.js": {"path":"/Users/lalithphanindrapatibanda/Desktop/FullStackProject---Customer-Application/Frontend/customer/src/setupTests.js","statementMap":{},"fnMap":{},"branchMap":{},"s":{},"f":{},"b":{}}
,"/Users/lalithphanindrapatibanda/Desktop/FullStackProject---Customer-Application/Frontend/customer/src/components/Customer/index.js": {"path":"/Users/lalithphanindrapatibanda/Desktop/FullStackProject---Customer-Application/Frontend/customer/src/components/Customer/index.js","statementMap":{"0":{"start":{"line":36,"column":19},"end":{"line":36,"column":32}},"1":{"start":{"line":37,"column":36},"end":{"line":37,"column":48}},"2":{"start":{"line":38,"column":40},"end":{"line":38,"column":52}},"3":{"start":{"line":39,"column":50},"end":{"line":39,"column":64}},"4":{"start":{"line":40,"column":52},"end":{"line":40,"column":67}},"5":{"start":{"line":41,"column":56},"end":{"line":41,"column":71}},"6":{"start":{"line":42,"column":42},"end":{"line":54,"column":4}},"7":{"start":{"line":55,"column":26},"end":{"line":55,"column":37}},"8":{"start":{"line":56,"column":40},"end":{"line":56,"column":51}},"9":{"start":{"line":57,"column":36},"end":{"line":57,"column":51}},"10":{"start":{"line":58,"column":48},"end":{"line":58,"column":60}},"11":{"start":{"line":59,"column":50},"end":{"line":59,"column":64}},"12":{"start":{"line":60,"column":28},"end":{"line":60,"column":42}},"13":{"start":{"line":62,"column":28},"end":{"line":79,"column":3}},"14":{"start":{"line":63,"column":21},"end":{"line":63,"column":48}},"15":{"start":{"line":64,"column":20},"end":{"line":67,"column":5}},"16":{"start":{"line":69,"column":4},"end":{"line":78,"column":9}},"17":{"start":{"line":72,"column":8},"end":{"line":72,"column":36}},"18":{"start":{"line":73,"column":8},"end":{"line":73,"column":47}},"19":{"start":{"line":76,"column":8},"end":{"line":76,"column":59}},"20":{"start":{"line":77,"column":8},"end":{"line":77,"column":62}},"21":{"start":{"line":81,"column":2},"end":{"line":83,"column":9}},"22":{"start":{"line":82,"column":4},"end":{"line":82,"column":24}},"23":{"start":{"line":85,"column":21},"end":{"line":87,"column":3}},"24":{"start":{"line":86,"column":4},"end":{"line":86,"column":41}},"25":{"start":{"line":89,"column":25},"end":{"line":104,"column":3}},"26":{"start":{"line":90,"column":4},"end":{"line":102,"column":7}},"27":{"start":{"line":103,"column":4},"end":{"line":103,"column":33}},"28":{"start":{"line":106,"column":23},"end":{"line":110,"column":3}},"29":{"start":{"line":107,"column":29},"end":{"line":107,"column":93}},"30":{"start":{"line":107,"column":58},"end":{"line":107,"column":92}},"31":{"start":{"line":108,"column":4},"end":{"line":108,"column":38}},"32":{"start":{"line":109,"column":4},"end":{"line":109,"column":33}},"33":{"start":{"line":112,"column":29},"end":{"line":168,"column":3}},"34":{"start":{"line":113,"column":21},"end":{"line":113,"column":48}},"35":{"start":{"line":114,"column":20},"end":{"line":117,"column":5}},"36":{"start":{"line":119,"column":4},"end":{"line":165,"column":5}},"37":{"start":{"line":120,"column":6},"end":{"line":141,"column":11}},"38":{"start":{"line":125,"column":10},"end":{"line":134,"column":11}},"39":{"start":{"line":126,"column":12},"end":{"line":128,"column":15}},"40":{"start":{"line":129,"column":12},"end":{"line":129,"column":32}},"41":{"start":{"line":131,"column":12},"end":{"line":133,"column":15}},"42":{"start":{"line":137,"column":10},"end":{"line":137,"column":57}},"43":{"start":{"line":138,"column":10},"end":{"line":140,"column":13}},"44":{"start":{"line":142,"column":11},"end":{"line":165,"column":5}},"45":{"start":{"line":143,"column":6},"end":{"line":164,"column":11}},"46":{"start":{"line":148,"column":10},"end":{"line":157,"column":11}},"47":{"start":{"line":149,"column":12},"end":{"line":151,"column":15}},"48":{"start":{"line":152,"column":12},"end":{"line":152,"column":32}},"49":{"start":{"line":154,"column":12},"end":{"line":156,"column":15}},"50":{"start":{"line":160,"column":10},"end":{"line":160,"column":59}},"51":{"start":{"line":161,"column":10},"end":{"line":163,"column":13}},"52":{"start":{"line":167,"column":4},"end":{"line":167,"column":34}},"53":{"start":{"line":170,"column":23},"end":{"line":173,"column":3}},"54":{"start":{"line":171,"column":4},"end":{"line":171,"column":36}},"55":{"start":{"line":172,"column":4},"end":{"line":172,"column":31}},"56":{"start":{"line":175,"column":35},"end":{"line":204,"column":3}},"57":{"start":{"line":176,"column":21},"end":{"line":176,"column":48}},"58":{"start":{"line":177,"column":20},"end":{"line":180,"column":5}},"59":{"start":{"line":182,"column":4},"end":{"line":203,"column":9}},"60":{"start":{"line":185,"column":8},"end":{"line":194,"column":9}},"61":{"start":{"line":186,"column":10},"end":{"line":188,"column":13}},"62":{"start":{"line":189,"column":10},"end":{"line":189,"column":30}},"63":{"start":{"line":191,"column":10},"end":{"line":193,"column":13}},"64":{"start":{"line":195,"column":8},"end":{"line":195,"column":36}},"65":{"start":{"line":198,"column":8},"end":{"line":198,"column":91}},"66":{"start":{"line":199,"column":8},"end":{"line":201,"column":11}},"67":{"start":{"line":202,"column":8},"end":{"line":202,"column":36}},"68":{"start":{"line":206,"column":29},"end":{"line":209,"column":3}},"69":{"start":{"line":207,"column":4},"end":{"line":207,"column":30}},"70":{"start":{"line":208,"column":4},"end":{"line":208,"column":32}},"71":{"start":{"line":211,"column":23},"end":{"line":213,"column":3}},"72":{"start":{"line":212,"column":4},"end":{"line":212,"column":35}},"73":{"start":{"line":215,"column":28},"end":{"line":217,"column":3}},"74":{"start":{"line":216,"column":4},"end":{"line":216,"column":72}},"75":{"start":{"line":220,"column":4},"end":{"line":220,"column":83}},"76":{"start":{"line":222,"column":27},"end":{"line":224,"column":3}},"77":{"start":{"line":223,"column":4},"end":{"line":223,"column":21}},"78":{"start":{"line":226,"column":34},"end":{"line":229,"column":3}},"79":{"start":{"line":227,"column":4},"end":{"line":227,"column":53}},"80":{"start":{"line":228,"column":4},"end":{"line":228,"column":15}},"81":{"start":{"line":231,"column":30},"end":{"line":252,"column":3}},"82":{"start":{"line":232,"column":4},"end":{"line":251,"column":5}},"83":{"start":{"line":233,"column":6},"end":{"line":235,"column":8}},"84":{"start":{"line":234,"column":8},"end":{"line":234,"column":76}},"85":{"start":{"line":237,"column":21},"end":{"line":246,"column":8}},"86":{"start":{"line":238,"column":22},"end":{"line":238,"column":47}},"87":{"start":{"line":239,"column":22},"end":{"line":239,"column":47}},"88":{"start":{"line":241,"column":8},"end":{"line":245,"column":9}},"89":{"start":{"line":242,"column":10},"end":{"line":242,"column":44}},"90":{"start":{"line":244,"column":10},"end":{"line":244,"column":44}},"91":{"start":{"line":248,"column":25},"end":{"line":248,"column":43}},"92":{"start":{"line":249,"column":23},"end":{"line":249,"column":47}},"93":{"start":{"line":250,"column":6},"end":{"line":250,"column":48}},"94":{"start":{"line":254,"column":21},"end":{"line":270,"column":3}},"95":{"start":{"line":255,"column":25},"end":{"line":255,"column":61}},"96":{"start":{"line":257,"column":19},"end":{"line":266,"column":6}},"97":{"start":{"line":258,"column":20},"end":{"line":258,"column":45}},"98":{"start":{"line":259,"column":20},"end":{"line":259,"column":45}},"99":{"start":{"line":261,"column":6},"end":{"line":265,"column":7}},"100":{"start":{"line":262,"column":8},"end":{"line":262,"column":42}},"101":{"start":{"line":264,"column":8},"end":{"line":264,"column":42}},"102":{"start":{"line":268,"column":4},"end":{"line":268,"column":31}},"103":{"start":{"line":269,"column":4},"end":{"line":269,"column":31}},"104":{"start":{"line":272,"column":30},"end":{"line":282,"column":3}},"105":{"start":{"line":273,"column":4},"end":{"line":281,"column":6}},"106":{"start":{"line":276,"column":27},"end":{"line":276,"column":56}},"107":{"start":{"line":278,"column":31},"end":{"line":278,"column":52}},"108":{"start":{"line":284,"column":2},"end":{"line":458,"column":4}},"109":{"start":{"line":360,"column":14},"end":{"line":419,"column":25}},"110":{"start":{"line":371,"column":35},"end":{"line":371,"column":66}},"111":{"start":{"line":381,"column":35},"end":{"line":381,"column":68}},"112":{"start":{"line":390,"column":35},"end":{"line":390,"column":68}},"113":{"start":{"line":400,"column":22},"end":{"line":400,"column":63}},"114":{"start":{"line":401,"column":22},"end":{"line":401,"column":42}}},"fnMap":{"0":{"name":"Customer","decl":{"start":{"line":35,"column":9},"end":{"line":35,"column":17}},"loc":{"start":{"line":35,"column":20},"end":{"line":459,"column":1}},"line":35},"1":{"name":"(anonymous_1)","decl":{"start":{"line":62,"column":28},"end":{"line":62,"column":29}},"loc":{"start":{"line":62,"column":34},"end":{"line":79,"column":3}},"line":62},"2":{"name":"(anonymous_2)","decl":{"start":{"line":71,"column":12},"end":{"line":71,"column":13}},"loc":{"start":{"line":71,"column":26},"end":{"line":74,"column":7}},"line":71},"3":{"name":"(anonymous_3)","decl":{"start":{"line":75,"column":13},"end":{"line":75,"column":14}},"loc":{"start":{"line":75,"column":24},"end":{"line":78,"column":7}},"line":75},"4":{"name":"(anonymous_4)","decl":{"start":{"line":81,"column":12},"end":{"line":81,"column":13}},"loc":{"start":{"line":81,"column":18},"end":{"line":83,"column":3}},"line":81},"5":{"name":"(anonymous_5)","decl":{"start":{"line":85,"column":21},"end":{"line":85,"column":22}},"loc":{"start":{"line":85,"column":43},"end":{"line":87,"column":3}},"line":85},"6":{"name":"(anonymous_6)","decl":{"start":{"line":89,"column":25},"end":{"line":89,"column":26}},"loc":{"start":{"line":89,"column":31},"end":{"line":104,"column":3}},"line":89},"7":{"name":"(anonymous_7)","decl":{"start":{"line":106,"column":23},"end":{"line":106,"column":24}},"loc":{"start":{"line":106,"column":39},"end":{"line":110,"column":3}},"line":106},"8":{"name":"(anonymous_8)","decl":{"start":{"line":107,"column":44},"end":{"line":107,"column":45}},"loc":{"start":{"line":107,"column":58},"end":{"line":107,"column":92}},"line":107},"9":{"name":"(anonymous_9)","decl":{"start":{"line":112,"column":29},"end":{"line":112,"column":30}},"loc":{"start":{"line":112,"column":41},"end":{"line":168,"column":3}},"line":112},"10":{"name":"(anonymous_10)","decl":{"start":{"line":124,"column":14},"end":{"line":124,"column":15}},"loc":{"start":{"line":124,"column":28},"end":{"line":135,"column":9}},"line":124},"11":{"name":"(anonymous_11)","decl":{"start":{"line":136,"column":15},"end":{"line":136,"column":16}},"loc":{"start":{"line":136,"column":26},"end":{"line":141,"column":9}},"line":136},"12":{"name":"(anonymous_12)","decl":{"start":{"line":147,"column":14},"end":{"line":147,"column":15}},"loc":{"start":{"line":147,"column":28},"end":{"line":158,"column":9}},"line":147},"13":{"name":"(anonymous_13)","decl":{"start":{"line":159,"column":15},"end":{"line":159,"column":16}},"loc":{"start":{"line":159,"column":26},"end":{"line":164,"column":9}},"line":159},"14":{"name":"(anonymous_14)","decl":{"start":{"line":170,"column":23},"end":{"line":170,"column":24}},"loc":{"start":{"line":170,"column":39},"end":{"line":173,"column":3}},"line":170},"15":{"name":"(anonymous_15)","decl":{"start":{"line":175,"column":35},"end":{"line":175,"column":36}},"loc":{"start":{"line":175,"column":41},"end":{"line":204,"column":3}},"line":175},"16":{"name":"(anonymous_16)","decl":{"start":{"line":184,"column":12},"end":{"line":184,"column":13}},"loc":{"start":{"line":184,"column":26},"end":{"line":196,"column":7}},"line":184},"17":{"name":"(anonymous_17)","decl":{"start":{"line":197,"column":13},"end":{"line":197,"column":14}},"loc":{"start":{"line":197,"column":24},"end":{"line":203,"column":7}},"line":197},"18":{"name":"(anonymous_18)","decl":{"start":{"line":206,"column":29},"end":{"line":206,"column":30}},"loc":{"start":{"line":206,"column":35},"end":{"line":209,"column":3}},"line":206},"19":{"name":"(anonymous_19)","decl":{"start":{"line":211,"column":23},"end":{"line":211,"column":24}},"loc":{"start":{"line":211,"column":30},"end":{"line":213,"column":3}},"line":211},"20":{"name":"(anonymous_20)","decl":{"start":{"line":215,"column":45},"end":{"line":215,"column":46}},"loc":{"start":{"line":216,"column":4},"end":{"line":216,"column":72}},"line":216},"21":{"name":"(anonymous_21)","decl":{"start":{"line":222,"column":27},"end":{"line":222,"column":28}},"loc":{"start":{"line":222,"column":47},"end":{"line":224,"column":3}},"line":222},"22":{"name":"(anonymous_22)","decl":{"start":{"line":226,"column":34},"end":{"line":226,"column":35}},"loc":{"start":{"line":226,"column":45},"end":{"line":229,"column":3}},"line":226},"23":{"name":"(anonymous_23)","decl":{"start":{"line":231,"column":30},"end":{"line":231,"column":31}},"loc":{"start":{"line":231,"column":36},"end":{"line":252,"column":3}},"line":231},"24":{"name":"(anonymous_24)","decl":{"start":{"line":233,"column":30},"end":{"line":233,"column":31}},"loc":{"start":{"line":234,"column":8},"end":{"line":234,"column":76}},"line":234},"25":{"name":"(anonymous_25)","decl":{"start":{"line":237,"column":47},"end":{"line":237,"column":48}},"loc":{"start":{"line":237,"column":57},"end":{"line":246,"column":7}},"line":237},"26":{"name":"(anonymous_26)","decl":{"start":{"line":254,"column":21},"end":{"line":254,"column":22}},"loc":{"start":{"line":254,"column":27},"end":{"line":270,"column":3}},"line":254},"27":{"name":"(anonymous_27)","decl":{"start":{"line":257,"column":45},"end":{"line":257,"column":46}},"loc":{"start":{"line":257,"column":55},"end":{"line":266,"column":5}},"line":257},"28":{"name":"(anonymous_28)","decl":{"start":{"line":272,"column":30},"end":{"line":272,"column":31}},"loc":{"start":{"line":272,"column":36},"end":{"line":282,"column":3}},"line":272},"29":{"name":"(anonymous_29)","decl":{"start":{"line":276,"column":21},"end":{"line":276,"column":22}},"loc":{"start":{"line":276,"column":27},"end":{"line":276,"column":56}},"line":276},"30":{"name":"(anonymous_30)","decl":{"start":{"line":278,"column":21},"end":{"line":278,"column":22}},"loc":{"start":{"line":278,"column":31},"end":{"line":278,"column":52}},"line":278},"31":{"name":"(anonymous_31)","decl":{"start":{"line":359,"column":39},"end":{"line":359,"column":40}},"loc":{"start":{"line":360,"column":14},"end":{"line":419,"column":25}},"line":360},"32":{"name":"(anonymous_32)","decl":{"start":{"line":371,"column":29},"end":{"line":371,"column":30}},"loc":{"start":{"line":371,"column":35},"end":{"line":371,"column":66}},"line":371},"33":{"name":"(anonymous_33)","decl":{"start":{"line":381,"column":29},"end":{"line":381,"column":30}},"loc":{"start":{"line":381,"column":35},"end":{"line":381,"column":68}},"line":381},"34":{"name":"(anonymous_34)","decl":{"start":{"line":390,"column":29},"end":{"line":390,"column":30}},"loc":{"start":{"line":390,"column":35},"end":{"line":390,"column":68}},"line":390},"35":{"name":"(anonymous_35)","decl":{"start":{"line":399,"column":28},"end":{"line":399,"column":29}},"loc":{"start":{"line":399,"column":34},"end":{"line":402,"column":21}},"line":399}},"branchMap":{"0":{"loc":{"start":{"line":119,"column":4},"end":{"line":165,"column":5}},"type":"if","locations":[{"start":{"line":119,"column":4},"end":{"line":165,"column":5}},{"start":{"line":142,"column":11},"end":{"line":165,"column":5}}],"line":119},"1":{"loc":{"start":{"line":125,"column":10},"end":{"line":134,"column":11}},"type":"if","locations":[{"start":{"line":125,"column":10},"end":{"line":134,"column":11}},{"start":{"line":130,"column":17},"end":{"line":134,"column":11}}],"line":125},"2":{"loc":{"start":{"line":125,"column":14},"end":{"line":125,"column":64}},"type":"binary-expr","locations":[{"start":{"line":125,"column":14},"end":{"line":125,"column":37}},{"start":{"line":125,"column":41},"end":{"line":125,"column":64}}],"line":125},"3":{"loc":{"start":{"line":142,"column":11},"end":{"line":165,"column":5}},"type":"if","locations":[{"start":{"line":142,"column":11},"end":{"line":165,"column":5}},{"start":{},"end":{}}],"line":142},"4":{"loc":{"start":{"line":148,"column":10},"end":{"line":157,"column":11}},"type":"if","locations":[{"start":{"line":148,"column":10},"end":{"line":157,"column":11}},{"start":{"line":153,"column":17},"end":{"line":157,"column":11}}],"line":148},"5":{"loc":{"start":{"line":185,"column":8},"end":{"line":194,"column":9}},"type":"if","locations":[{"start":{"line":185,"column":8},"end":{"line":194,"column":9}},{"start":{"line":190,"column":15},"end":{"line":194,"column":9}}],"line":185},"6":{"loc":{"start":{"line":220,"column":4},"end":{"line":220,"column":83}},"type":"cond-expr","locations":[{"start":{"line":220,"column":15},"end":{"line":220,"column":79}},{"start":{"line":220,"column":82},"end":{"line":220,"column":83}}],"line":220},"7":{"loc":{"start":{"line":232,"column":4},"end":{"line":251,"column":5}},"type":"if","locations":[{"start":{"line":232,"column":4},"end":{"line":251,"column":5}},{"start":{"line":236,"column":11},"end":{"line":251,"column":5}}],"line":232},"8":{"loc":{"start":{"line":241,"column":8},"end":{"line":245,"column":9}},"type":"if","locations":[{"start":{"line":241,"column":8},"end":{"line":245,"column":9}},{"start":{"line":243,"column":15},"end":{"line":245,"column":9}}],"line":241},"9":{"loc":{"start":{"line":255,"column":25},"end":{"line":255,"column":61}},"type":"cond-expr","locations":[{"start":{"line":255,"column":47},"end":{"line":255,"column":53}},{"start":{"line":255,"column":56},"end":{"line":255,"column":61}}],"line":255},"10":{"loc":{"start":{"line":261,"column":6},"end":{"line":265,"column":7}},"type":"if","locations":[{"start":{"line":261,"column":6},"end":{"line":265,"column":7}},{"start":{"line":263,"column":13},"end":{"line":265,"column":7}}],"line":261},"11":{"loc":{"start":{"line":337,"column":19},"end":{"line":341,"column":19}},"type":"cond-expr","locations":[{"start":{"line":338,"column":20},"end":{"line":338,"column":39}},{"start":{"line":340,"column":20},"end":{"line":340,"column":41}}],"line":337},"12":{"loc":{"start":{"line":413,"column":19},"end":{"line":417,"column":19}},"type":"binary-expr","locations":[{"start":{"line":413,"column":19},"end":{"line":413,"column":59}},{"start":{"line":414,"column":20},"end":{"line":416,"column":27}}],"line":413},"13":{"loc":{"start":{"line":421,"column":13},"end":{"line":425,"column":13}},"type":"binary-expr","locations":[{"start":{"line":421,"column":13},"end":{"line":421,"column":26}},{"start":{"line":422,"column":14},"end":{"line":424,"column":25}}],"line":421},"14":{"loc":{"start":{"line":428,"column":9},"end":{"line":428,"column":84}},"type":"binary-expr","locations":[{"start":{"line":428,"column":9},"end":{"line":428,"column":14}},{"start":{"line":428,"column":18},"end":{"line":428,"column":84}}],"line":428}},"s":{"0":42,"1":41,"2":41,"3":41,"4":41,"5":41,"6":41,"7":41,"8":41,"9":41,"10":41,"11":41,"12":41,"13":41,"14":16,"15":16,"16":16,"17":15,"18":15,"19":1,"20":1,"21":41,"22":16,"23":41,"24":1,"25":41,"26":3,"27":3,"28":41,"29":2,"30":2,"31":2,"32":2,"33":41,"34":0,"35":0,"36":0,"37":0,"38":0,"39":0,"40":0,"41":0,"42":0,"43":0,"44":0,"45":0,"46":0,"47":0,"48":0,"49":0,"50":0,"51":0,"52":0,"53":41,"54":2,"55":2,"56":41,"57":0,"58":0,"59":0,"60":0,"61":0,"62":0,"63":0,"64":0,"65":0,"66":0,"67":0,"68":41,"69":1,"70":1,"71":41,"72":1,"73":41,"74":38,"75":41,"76":41,"77":0,"78":41,"79":1,"80":1,"81":41,"82":41,"83":2,"84":2,"85":39,"86":18,"87":18,"88":18,"89":16,"90":2,"91":39,"92":39,"93":39,"94":41,"95":2,"96":2,"97":1,"98":1,"99":1,"100":0,"101":1,"102":2,"103":2,"104":41,"105":41,"106":0,"107":0,"108":41,"109":37,"110":1,"111":2,"112":2,"113":1,"114":1},"f":{"0":42,"1":16,"2":15,"3":1,"4":16,"5":1,"6":3,"7":2,"8":2,"9":0,"10":0,"11":0,"12":0,"13":0,"14":2,"15":0,"16":0,"17":0,"18":1,"19":1,"20":38,"21":0,"22":1,"23":41,"24":2,"25":18,"26":2,"27":1,"28":41,"29":0,"30":0,"31":37,"32":1,"33":2,"34":2,"35":1},"b":{"0":[0,0],"1":[0,0],"2":[0,0],"3":[0,0],"4":[0,0],"5":[0,0],"6":[0,41],"7":[2,39],"8":[16,2],"9":[2,0],"10":[0,1],"11":[38,3],"12":[37,0],"13":[41,0],"14":[41,1]},"_coverageSchema":"1a1c01bbd47fc00a2c39e90264f33305004495a9","hash":"a4ed3211b1321e9962af3c502cb6c30025a4d82e"}
,"/Users/lalithphanindrapatibanda/Desktop/FullStackProject---Customer-Application/Frontend/customer/src/components/Customer/CustomerModal/index.js": {"path":"/Users/lalithphanindrapatibanda/Desktop/FullStackProject---Customer-Application/Frontend/customer/src/components/Customer/CustomerModal/index.js","statementMap":{"0":{"start":{"line":17,"column":22},"end":{"line":245,"column":1}},"1":{"start":{"line":24,"column":46},"end":{"line":24,"column":60}},"2":{"start":{"line":25,"column":44},"end":{"line":25,"column":58}},"3":{"start":{"line":26,"column":52},"end":{"line":26,"column":66}},"4":{"start":{"line":27,"column":52},"end":{"line":27,"column":66}},"5":{"start":{"line":28,"column":36},"end":{"line":28,"column":50}},"6":{"start":{"line":29,"column":38},"end":{"line":29,"column":52}},"7":{"start":{"line":30,"column":42},"end":{"line":30,"column":56}},"8":{"start":{"line":31,"column":42},"end":{"line":31,"column":56}},"9":{"start":{"line":32,"column":42},"end":{"line":32,"column":56}},"10":{"start":{"line":33,"column":42},"end":{"line":33,"column":56}},"11":{"start":{"line":34,"column":40},"end":{"line":34,"column":54}},"12":{"start":{"line":36,"column":2},"end":{"line":50,"column":15}},"13":{"start":{"line":37,"column":4},"end":{"line":49,"column":5}},"14":{"start":{"line":38,"column":6},"end":{"line":38,"column":30}},"15":{"start":{"line":39,"column":6},"end":{"line":39,"column":29}},"16":{"start":{"line":40,"column":6},"end":{"line":40,"column":33}},"17":{"start":{"line":41,"column":6},"end":{"line":41,"column":33}},"18":{"start":{"line":42,"column":6},"end":{"line":42,"column":25}},"19":{"start":{"line":43,"column":6},"end":{"line":43,"column":26}},"20":{"start":{"line":44,"column":6},"end":{"line":44,"column":28}},"21":{"start":{"line":45,"column":6},"end":{"line":45,"column":28}},"22":{"start":{"line":46,"column":6},"end":{"line":46,"column":28}},"23":{"start":{"line":47,"column":6},"end":{"line":47,"column":28}},"24":{"start":{"line":48,"column":6},"end":{"line":48,"column":27}},"25":{"start":{"line":52,"column":24},"end":{"line":55,"column":3}},"26":{"start":{"line":53,"column":23},"end":{"line":53,"column":73}},"27":{"start":{"line":54,"column":4},"end":{"line":54,"column":34}},"28":{"start":{"line":57,"column":30},"end":{"line":60,"column":3}},"29":{"start":{"line":58,"column":23},"end":{"line":58,"column":33}},"30":{"start":{"line":59,"column":4},"end":{"line":59,"column":36}},"31":{"start":{"line":62,"column":26},"end":{"line":88,"column":3}},"32":{"start":{"line":63,"column":4},"end":{"line":87,"column":5}},"33":{"start":{"line":75,"column":6},"end":{"line":75,"column":19}},"34":{"start":{"line":77,"column":6},"end":{"line":77,"column":46}},"35":{"start":{"line":78,"column":6},"end":{"line":78,"column":44}},"36":{"start":{"line":79,"column":6},"end":{"line":79,"column":52}},"37":{"start":{"line":80,"column":6},"end":{"line":80,"column":36}},"38":{"start":{"line":81,"column":6},"end":{"line":81,"column":38}},"39":{"start":{"line":82,"column":6},"end":{"line":82,"column":42}},"40":{"start":{"line":83,"column":6},"end":{"line":83,"column":42}},"41":{"start":{"line":84,"column":6},"end":{"line":84,"column":61}},"42":{"start":{"line":85,"column":6},"end":{"line":85,"column":55}},"43":{"start":{"line":86,"column":6},"end":{"line":86,"column":40}},"44":{"start":{"line":90,"column":2},"end":{"line":244,"column":4}},"45":{"start":{"line":104,"column":31},"end":{"line":104,"column":86}},"46":{"start":{"line":116,"column":31},"end":{"line":116,"column":85}},"47":{"start":{"line":128,"column":31},"end":{"line":128,"column":89}},"48":{"start":{"line":139,"column":31},"end":{"line":139,"column":89}},"49":{"start":{"line":151,"column":31},"end":{"line":151,"column":81}},"50":{"start":{"line":163,"column":31},"end":{"line":163,"column":82}},"51":{"start":{"line":175,"column":31},"end":{"line":175,"column":84}},"52":{"start":{"line":187,"column":31},"end":{"line":187,"column":84}},"53":{"start":{"line":200,"column":31},"end":{"line":200,"column":84}},"54":{"start":{"line":213,"column":31},"end":{"line":213,"column":84}},"55":{"start":{"line":224,"column":33},"end":{"line":224,"column":85}}},"fnMap":{"0":{"name":"(anonymous_0)","decl":{"start":{"line":17,"column":22},"end":{"line":17,"column":23}},"loc":{"start":{"line":23,"column":6},"end":{"line":245,"column":1}},"line":23},"1":{"name":"(anonymous_1)","decl":{"start":{"line":36,"column":12},"end":{"line":36,"column":13}},"loc":{"start":{"line":36,"column":18},"end":{"line":50,"column":3}},"line":36},"2":{"name":"(anonymous_2)","decl":{"start":{"line":52,"column":24},"end":{"line":52,"column":25}},"loc":{"start":{"line":52,"column":35},"end":{"line":55,"column":3}},"line":52},"3":{"name":"(anonymous_3)","decl":{"start":{"line":57,"column":30},"end":{"line":57,"column":31}},"loc":{"start":{"line":57,"column":43},"end":{"line":60,"column":3}},"line":57},"4":{"name":"(anonymous_4)","decl":{"start":{"line":62,"column":26},"end":{"line":62,"column":27}},"loc":{"start":{"line":62,"column":32},"end":{"line":88,"column":3}},"line":62},"5":{"name":"(anonymous_5)","decl":{"start":{"line":104,"column":24},"end":{"line":104,"column":25}},"loc":{"start":{"line":104,"column":31},"end":{"line":104,"column":86}},"line":104},"6":{"name":"(anonymous_6)","decl":{"start":{"line":116,"column":24},"end":{"line":116,"column":25}},"loc":{"start":{"line":116,"column":31},"end":{"line":116,"column":85}},"line":116},"7":{"name":"(anonymous_7)","decl":{"start":{"line":128,"column":24},"end":{"line":128,"column":25}},"loc":{"start":{"line":128,"column":31},"end":{"line":128,"column":89}},"line":128},"8":{"name":"(anonymous_8)","decl":{"start":{"line":139,"column":24},"end":{"line":139,"column":25}},"loc":{"start":{"line":139,"column":31},"end":{"line":139,"column":89}},"line":139},"9":{"name":"(anonymous_9)","decl":{"start":{"line":151,"column":24},"end":{"line":151,"column":25}},"loc":{"start":{"line":151,"column":31},"end":{"line":151,"column":81}},"line":151},"10":{"name":"(anonymous_10)","decl":{"start":{"line":163,"column":24},"end":{"line":163,"column":25}},"loc":{"start":{"line":163,"column":31},"end":{"line":163,"column":82}},"line":163},"11":{"name":"(anonymous_11)","decl":{"start":{"line":175,"column":24},"end":{"line":175,"column":25}},"loc":{"start":{"line":175,"column":31},"end":{"line":175,"column":84}},"line":175},"12":{"name":"(anonymous_12)","decl":{"start":{"line":187,"column":24},"end":{"line":187,"column":25}},"loc":{"start":{"line":187,"column":31},"end":{"line":187,"column":84}},"line":187},"13":{"name":"(anonymous_13)","decl":{"start":{"line":200,"column":24},"end":{"line":200,"column":25}},"loc":{"start":{"line":200,"column":31},"end":{"line":200,"column":84}},"line":200},"14":{"name":"(anonymous_14)","decl":{"start":{"line":213,"column":24},"end":{"line":213,"column":25}},"loc":{"start":{"line":213,"column":31},"end":{"line":213,"column":84}},"line":213},"15":{"name":"(anonymous_15)","decl":{"start":{"line":224,"column":26},"end":{"line":224,"column":27}},"loc":{"start":{"line":224,"column":33},"end":{"line":224,"column":85}},"line":224}},"branchMap":{"0":{"loc":{"start":{"line":37,"column":4},"end":{"line":49,"column":5}},"type":"if","locations":[{"start":{"line":37,"column":4},"end":{"line":49,"column":5}},{"start":{},"end":{}}],"line":37},"1":{"loc":{"start":{"line":63,"column":4},"end":{"line":87,"column":5}},"type":"if","locations":[{"start":{"line":63,"column":4},"end":{"line":87,"column":5}},{"start":{"line":76,"column":11},"end":{"line":87,"column":5}}],"line":63},"2":{"loc":{"start":{"line":64,"column":6},"end":{"line":73,"column":21}},"type":"binary-expr","locations":[{"start":{"line":64,"column":6},"end":{"line":64,"column":24}},{"start":{"line":65,"column":6},"end":{"line":65,"column":23}},{"start":{"line":66,"column":6},"end":{"line":66,"column":27}},{"start":{"line":67,"column":6},"end":{"line":67,"column":19}},{"start":{"line":68,"column":6},"end":{"line":68,"column":20}},{"start":{"line":69,"column":6},"end":{"line":69,"column":22}},{"start":{"line":70,"column":6},"end":{"line":70,"column":22}},{"start":{"line":71,"column":6},"end":{"line":71,"column":43}},{"start":{"line":72,"column":6},"end":{"line":72,"column":37}},{"start":{"line":73,"column":6},"end":{"line":73,"column":21}}],"line":64},"3":{"loc":{"start":{"line":93,"column":9},"end":{"line":93,"column":81}},"type":"cond-expr","locations":[{"start":{"line":93,"column":31},"end":{"line":93,"column":58}},{"start":{"line":93,"column":61},"end":{"line":93,"column":81}}],"line":93},"4":{"loc":{"start":{"line":107,"column":13},"end":{"line":107,"column":94}},"type":"binary-expr","locations":[{"start":{"line":107,"column":13},"end":{"line":107,"column":28}},{"start":{"line":107,"column":32},"end":{"line":107,"column":94}}],"line":107},"5":{"loc":{"start":{"line":119,"column":13},"end":{"line":119,"column":93}},"type":"binary-expr","locations":[{"start":{"line":119,"column":13},"end":{"line":119,"column":27}},{"start":{"line":119,"column":31},"end":{"line":119,"column":93}}],"line":119},"6":{"loc":{"start":{"line":131,"column":13},"end":{"line":131,"column":97}},"type":"binary-expr","locations":[{"start":{"line":131,"column":13},"end":{"line":131,"column":31}},{"start":{"line":131,"column":35},"end":{"line":131,"column":97}}],"line":131},"7":{"loc":{"start":{"line":142,"column":13},"end":{"line":142,"column":97}},"type":"binary-expr","locations":[{"start":{"line":142,"column":13},"end":{"line":142,"column":31}},{"start":{"line":142,"column":35},"end":{"line":142,"column":97}}],"line":142},"8":{"loc":{"start":{"line":154,"column":13},"end":{"line":154,"column":89}},"type":"binary-expr","locations":[{"start":{"line":154,"column":13},"end":{"line":154,"column":23}},{"start":{"line":154,"column":27},"end":{"line":154,"column":89}}],"line":154},"9":{"loc":{"start":{"line":166,"column":13},"end":{"line":166,"column":90}},"type":"binary-expr","locations":[{"start":{"line":166,"column":13},"end":{"line":166,"column":24}},{"start":{"line":166,"column":28},"end":{"line":166,"column":90}}],"line":166},"10":{"loc":{"start":{"line":178,"column":13},"end":{"line":178,"column":92}},"type":"binary-expr","locations":[{"start":{"line":178,"column":13},"end":{"line":178,"column":26}},{"start":{"line":178,"column":30},"end":{"line":178,"column":92}}],"line":178},"11":{"loc":{"start":{"line":190,"column":13},"end":{"line":190,"column":92}},"type":"binary-expr","locations":[{"start":{"line":190,"column":13},"end":{"line":190,"column":26}},{"start":{"line":190,"column":30},"end":{"line":190,"column":92}}],"line":190},"12":{"loc":{"start":{"line":203,"column":13},"end":{"line":203,"column":114}},"type":"binary-expr","locations":[{"start":{"line":203,"column":13},"end":{"line":203,"column":26}},{"start":{"line":203,"column":30},"end":{"line":203,"column":114}}],"line":203},"13":{"loc":{"start":{"line":216,"column":13},"end":{"line":216,"column":126}},"type":"binary-expr","locations":[{"start":{"line":216,"column":13},"end":{"line":216,"column":26}},{"start":{"line":216,"column":30},"end":{"line":216,"column":126}}],"line":216},"14":{"loc":{"start":{"line":230,"column":15},"end":{"line":230,"column":93}},"type":"binary-expr","locations":[{"start":{"line":230,"column":15},"end":{"line":230,"column":27}},{"start":{"line":230,"column":31},"end":{"line":230,"column":93}}],"line":230},"15":{"loc":{"start":{"line":240,"column":11},"end":{"line":240,"column":47}},"type":"cond-expr","locations":[{"start":{"line":240,"column":33},"end":{"line":240,"column":39}},{"start":{"line":240,"column":42},"end":{"line":240,"column":47}}],"line":240}},"s":{"0":4,"1":89,"2":89,"3":89,"4":89,"5":89,"6":89,"7":89,"8":89,"9":89,"10":89,"11":89,"12":89,"13":49,"14":33,"15":33,"16":33,"17":33,"18":33,"19":33,"20":33,"21":33,"22":33,"23":33,"24":33,"25":89,"26":18,"27":18,"28":89,"29":19,"30":19,"31":89,"32":15,"33":5,"34":10,"35":10,"36":10,"37":10,"38":10,"39":10,"40":10,"41":10,"42":10,"43":10,"44":89,"45":1,"46":1,"47":1,"48":1,"49":1,"50":1,"51":1,"52":1,"53":1,"54":1,"55":1},"f":{"0":89,"1":49,"2":18,"3":19,"4":15,"5":1,"6":1,"7":1,"8":1,"9":1,"10":1,"11":1,"12":1,"13":1,"14":1,"15":1},"b":{"0":[33,16],"1":[5,10],"2":[15,11,11,9,9,9,9,9,8,6],"3":[37,52],"4":[89,8],"5":[89,8],"6":[89,12],"7":[89,0],"8":[89,12],"9":[89,12],"10":[89,12],"11":[89,12],"12":[89,10],"13":[89,12],"14":[89,10],"15":[37,52]},"_coverageSchema":"1a1c01bbd47fc00a2c39e90264f33305004495a9","hash":"658c1e780bc5a58695f5aaa79db64620577e6a97"}
,"/Users/lalithphanindrapatibanda/Desktop/FullStackProject---Customer-Application/Frontend/customer/src/components/Customer/Dashboard/index.js": {"path":"/Users/lalithphanindrapatibanda/Desktop/FullStackProject---Customer-Application/Frontend/customer/src/components/Customer/Dashboard/index.js","statementMap":{"0":{"start":{"line":12,"column":18},"end":{"line":80,"column":1}},"1":{"start":{"line":13,"column":19},"end":{"line":13,"column":32}},"2":{"start":{"line":14,"column":25},"end":{"line":14,"column":36}},"3":{"start":{"line":15,"column":30},"end":{"line":15,"column":42}},"4":{"start":{"line":16,"column":34},"end":{"line":16,"column":46}},"5":{"start":{"line":18,"column":17},"end":{"line":20,"column":2}},"6":{"start":{"line":19,"column":2},"end":{"line":19,"column":15}},"7":{"start":{"line":23,"column":2},"end":{"line":47,"column":19}},"8":{"start":{"line":24,"column":22},"end":{"line":44,"column":5}},"9":{"start":{"line":25,"column":23},"end":{"line":25,"column":50}},"10":{"start":{"line":26,"column":22},"end":{"line":29,"column":7}},"11":{"start":{"line":31,"column":6},"end":{"line":36,"column":7}},"12":{"start":{"line":32,"column":33},"end":{"line":32,"column":110}},"13":{"start":{"line":33,"column":8},"end":{"line":33,"column":43}},"14":{"start":{"line":35,"column":8},"end":{"line":35,"column":62}},"15":{"start":{"line":38,"column":6},"end":{"line":43,"column":7}},"16":{"start":{"line":39,"column":31},"end":{"line":39,"column":105}},"17":{"start":{"line":40,"column":8},"end":{"line":40,"column":39}},"18":{"start":{"line":42,"column":8},"end":{"line":42,"column":60}},"19":{"start":{"line":46,"column":4},"end":{"line":46,"column":16}},"20":{"start":{"line":50,"column":2},"end":{"line":79,"column":4}}},"fnMap":{"0":{"name":"(anonymous_0)","decl":{"start":{"line":12,"column":18},"end":{"line":12,"column":19}},"loc":{"start":{"line":12,"column":24},"end":{"line":80,"column":1}},"line":12},"1":{"name":"(anonymous_1)","decl":{"start":{"line":18,"column":17},"end":{"line":18,"column":18}},"loc":{"start":{"line":18,"column":23},"end":{"line":20,"column":2}},"line":18},"2":{"name":"(anonymous_2)","decl":{"start":{"line":23,"column":12},"end":{"line":23,"column":13}},"loc":{"start":{"line":23,"column":18},"end":{"line":47,"column":3}},"line":23},"3":{"name":"(anonymous_3)","decl":{"start":{"line":24,"column":22},"end":{"line":24,"column":23}},"loc":{"start":{"line":24,"column":34},"end":{"line":44,"column":5}},"line":24}},"branchMap":{},"s":{"0":3,"1":5,"2":4,"3":4,"4":4,"5":4,"6":1,"7":4,"8":3,"9":3,"10":3,"11":3,"12":3,"13":3,"14":1,"15":3,"16":3,"17":3,"18":1,"19":3,"20":4},"f":{"0":5,"1":1,"2":3,"3":3},"b":{},"_coverageSchema":"1a1c01bbd47fc00a2c39e90264f33305004495a9","hash":"ecc8df02f69ae51eaa5ba69ca73ab39c9673bad8"}
,"/Users/lalithphanindrapatibanda/Desktop/FullStackProject---Customer-Application/Frontend/customer/src/components/Customer/Dashboard/Orders/index.js": {"path":"/Users/lalithphanindrapatibanda/Desktop/FullStackProject---Customer-Application/Frontend/customer/src/components/Customer/Dashboard/Orders/index.js","statementMap":{"0":{"start":{"line":16,"column":15},"end":{"line":93,"column":1}},"1":{"start":{"line":17,"column":42},"end":{"line":17,"column":58}},"2":{"start":{"line":18,"column":36},"end":{"line":18,"column":50}},"3":{"start":{"line":20,"column":21},"end":{"line":30,"column":3}},"4":{"start":{"line":21,"column":20},"end":{"line":28,"column":5}},"5":{"start":{"line":29,"column":4},"end":{"line":29,"column":69}},"6":{"start":{"line":32,"column":21},"end":{"line":39,"column":3}},"7":{"start":{"line":33,"column":21},"end":{"line":35,"column":87}},"8":{"start":{"line":34,"column":41},"end":{"line":34,"column":86}},"9":{"start":{"line":35,"column":41},"end":{"line":35,"column":86}},"10":{"start":{"line":37,"column":4},"end":{"line":37,"column":29}},"11":{"start":{"line":38,"column":4},"end":{"line":38,"column":30}},"12":{"start":{"line":41,"column":19},"end":{"line":41,"column":66}},"13":{"start":{"line":43,"column":2},"end":{"line":45,"column":15}},"14":{"start":{"line":44,"column":4},"end":{"line":44,"column":28}},"15":{"start":{"line":47,"column":2},"end":{"line":92,"column":4}},"16":{"start":{"line":75,"column":16},"end":{"line":83,"column":27}}},"fnMap":{"0":{"name":"(anonymous_0)","decl":{"start":{"line":16,"column":15},"end":{"line":16,"column":16}},"loc":{"start":{"line":16,"column":31},"end":{"line":93,"column":1}},"line":16},"1":{"name":"(anonymous_1)","decl":{"start":{"line":20,"column":21},"end":{"line":20,"column":22}},"loc":{"start":{"line":20,"column":37},"end":{"line":30,"column":3}},"line":20},"2":{"name":"(anonymous_2)","decl":{"start":{"line":32,"column":21},"end":{"line":32,"column":22}},"loc":{"start":{"line":32,"column":27},"end":{"line":39,"column":3}},"line":32},"3":{"name":"(anonymous_3)","decl":{"start":{"line":34,"column":31},"end":{"line":34,"column":32}},"loc":{"start":{"line":34,"column":41},"end":{"line":34,"column":86}},"line":34},"4":{"name":"(anonymous_4)","decl":{"start":{"line":35,"column":31},"end":{"line":35,"column":32}},"loc":{"start":{"line":35,"column":41},"end":{"line":35,"column":86}},"line":35},"5":{"name":"(anonymous_5)","decl":{"start":{"line":43,"column":12},"end":{"line":43,"column":13}},"loc":{"start":{"line":43,"column":18},"end":{"line":45,"column":3}},"line":43},"6":{"name":"(anonymous_6)","decl":{"start":{"line":74,"column":32},"end":{"line":74,"column":33}},"loc":{"start":{"line":75,"column":16},"end":{"line":83,"column":27}},"line":75}},"branchMap":{"0":{"loc":{"start":{"line":33,"column":21},"end":{"line":35,"column":87}},"type":"cond-expr","locations":[{"start":{"line":34,"column":8},"end":{"line":34,"column":87}},{"start":{"line":35,"column":8},"end":{"line":35,"column":87}}],"line":33},"1":{"loc":{"start":{"line":41,"column":19},"end":{"line":41,"column":66}},"type":"cond-expr","locations":[{"start":{"line":41,"column":31},"end":{"line":41,"column":48}},{"start":{"line":41,"column":51},"end":{"line":41,"column":66}}],"line":41},"2":{"loc":{"start":{"line":49,"column":7},"end":{"line":90,"column":7}},"type":"cond-expr","locations":[{"start":{"line":50,"column":8},"end":{"line":87,"column":25}},{"start":{"line":89,"column":8},"end":{"line":89,"column":86}}],"line":49}},"s":{"0":4,"1":10,"2":10,"3":10,"4":8,"5":8,"6":10,"7":1,"8":1,"9":0,"10":1,"11":1,"12":10,"13":10,"14":7,"15":10,"16":8},"f":{"0":10,"1":8,"2":1,"3":1,"4":0,"5":7,"6":8},"b":{"0":[1,0],"1":[8,2],"2":[4,6]},"_coverageSchema":"1a1c01bbd47fc00a2c39e90264f33305004495a9","hash":"7b66643175fcb77f46925b67259aa9ad224a9e84"}
,"/Users/lalithphanindrapatibanda/Desktop/FullStackProject---Customer-Application/Frontend/customer/src/components/Customer/Dashboard/Profile/index.js": {"path":"/Users/lalithphanindrapatibanda/Desktop/FullStackProject---Customer-Application/Frontend/customer/src/components/Customer/Dashboard/Profile/index.js","statementMap":{"0":{"start":{"line":4,"column":16},"end":{"line":66,"column":1}},"1":{"start":{"line":17,"column":6},"end":{"line":17,"column":14}},"2":{"start":{"line":19,"column":2},"end":{"line":65,"column":4}}},"fnMap":{"0":{"name":"(anonymous_0)","decl":{"start":{"line":4,"column":16},"end":{"line":4,"column":17}},"loc":{"start":{"line":4,"column":34},"end":{"line":66,"column":1}},"line":4}},"branchMap":{},"s":{"0":4,"1":6,"2":6},"f":{"0":6},"b":{},"_coverageSchema":"1a1c01bbd47fc00a2c39e90264f33305004495a9","hash":"2d71baedbb43658c40cff9a9720077f5c2f2bb5e"}
,"/Users/lalithphanindrapatibanda/Desktop/FullStackProject---Customer-Application/Frontend/customer/src/components/Customer/Dashboard/Rewards/index.js": {"path":"/Users/lalithphanindrapatibanda/Desktop/FullStackProject---Customer-Application/Frontend/customer/src/components/Customer/Dashboard/Rewards/index.js","statementMap":{"0":{"start":{"line":6,"column":16},"end":{"line":76,"column":1}},"1":{"start":{"line":7,"column":40},"end":{"line":11,"column":4}},"2":{"start":{"line":13,"column":2},"end":{"line":34,"column":11}},"3":{"start":{"line":14,"column":21},"end":{"line":14,"column":48}},"4":{"start":{"line":15,"column":20},"end":{"line":18,"column":5}},"5":{"start":{"line":19,"column":19},"end":{"line":19,"column":70}},"6":{"start":{"line":21,"column":4},"end":{"line":33,"column":9}},"7":{"start":{"line":24,"column":25},"end":{"line":24,"column":33}},"8":{"start":{"line":25,"column":8},"end":{"line":29,"column":11}},"9":{"start":{"line":32,"column":8},"end":{"line":32,"column":63}},"10":{"start":{"line":36,"column":2},"end":{"line":75,"column":4}}},"fnMap":{"0":{"name":"(anonymous_0)","decl":{"start":{"line":6,"column":16},"end":{"line":6,"column":17}},"loc":{"start":{"line":6,"column":28},"end":{"line":76,"column":1}},"line":6},"1":{"name":"(anonymous_1)","decl":{"start":{"line":13,"column":12},"end":{"line":13,"column":13}},"loc":{"start":{"line":13,"column":18},"end":{"line":34,"column":3}},"line":13},"2":{"name":"(anonymous_2)","decl":{"start":{"line":23,"column":12},"end":{"line":23,"column":13}},"loc":{"start":{"line":23,"column":26},"end":{"line":30,"column":7}},"line":23},"3":{"name":"(anonymous_3)","decl":{"start":{"line":31,"column":13},"end":{"line":31,"column":14}},"loc":{"start":{"line":31,"column":24},"end":{"line":33,"column":7}},"line":31}},"branchMap":{},"s":{"0":4,"1":6,"2":6,"3":5,"4":5,"5":5,"6":5,"7":2,"8":2,"9":1,"10":6},"f":{"0":6,"1":5,"2":2,"3":1},"b":{},"_coverageSchema":"1a1c01bbd47fc00a2c39e90264f33305004495a9","hash":"37d76465f95195e7d4ebddb2a96134efc3499a86"}
,"/Users/lalithphanindrapatibanda/Desktop/FullStackProject---Customer-Application/Frontend/customer/src/components/HomePage/index.js": {"path":"/Users/lalithphanindrapatibanda/Desktop/FullStackProject---Customer-Application/Frontend/customer/src/components/HomePage/index.js","statementMap":{"0":{"start":{"line":10,"column":36},"end":{"line":10,"column":50}},"1":{"start":{"line":12,"column":21},"end":{"line":14,"column":3}},"2":{"start":{"line":13,"column":4},"end":{"line":13,"column":29}},"3":{"start":{"line":16,"column":2},"end":{"line":37,"column":4}}},"fnMap":{"0":{"name":"HomePage","decl":{"start":{"line":9,"column":9},"end":{"line":9,"column":17}},"loc":{"start":{"line":9,"column":20},"end":{"line":38,"column":1}},"line":9},"1":{"name":"(anonymous_1)","decl":{"start":{"line":12,"column":21},"end":{"line":12,"column":22}},"loc":{"start":{"line":12,"column":27},"end":{"line":14,"column":3}},"line":12}},"branchMap":{"0":{"loc":{"start":{"line":24,"column":13},"end":{"line":32,"column":13}},"type":"cond-expr","locations":[{"start":{"line":25,"column":14},"end":{"line":27,"column":17}},{"start":{"line":29,"column":14},"end":{"line":31,"column":17}}],"line":24}},"s":{"0":10,"1":10,"2":2,"3":10},"f":{"0":10,"1":2},"b":{"0":[8,2]},"_coverageSchema":"1a1c01bbd47fc00a2c39e90264f33305004495a9","hash":"045e77ce1998b68e172a4ffb3b6caca34bb12464"}
,"/Users/lalithphanindrapatibanda/Desktop/FullStackProject---Customer-Application/Frontend/customer/src/components/LandingPage/index.js": {"path":"/Users/lalithphanindrapatibanda/Desktop/FullStackProject---Customer-Application/Frontend/customer/src/components/LandingPage/index.js","statementMap":{"0":{"start":{"line":18,"column":30},"end":{"line":18,"column":42}},"1":{"start":{"line":19,"column":42},"end":{"line":19,"column":54}},"2":{"start":{"line":21,"column":28},"end":{"line":47,"column":3}},"3":{"start":{"line":22,"column":21},"end":{"line":22,"column":48}},"4":{"start":{"line":23,"column":20},"end":{"line":26,"column":5}},"5":{"start":{"line":28,"column":4},"end":{"line":37,"column":9}},"6":{"start":{"line":31,"column":8},"end":{"line":31,"column":30}},"7":{"start":{"line":32,"column":8},"end":{"line":32,"column":33}},"8":{"start":{"line":35,"column":8},"end":{"line":35,"column":31}},"9":{"start":{"line":36,"column":8},"end":{"line":36,"column":69}},"10":{"start":{"line":39,"column":4},"end":{"line":46,"column":9}},"11":{"start":{"line":42,"column":8},"end":{"line":42,"column":39}},"12":{"start":{"line":45,"column":8},"end":{"line":45,"column":73}},"13":{"start":{"line":49,"column":2},"end":{"line":51,"column":9}},"14":{"start":{"line":50,"column":4},"end":{"line":50,"column":24}},"15":{"start":{"line":53,"column":2},"end":{"line":218,"column":4}}},"fnMap":{"0":{"name":"LandingPage","decl":{"start":{"line":17,"column":9},"end":{"line":17,"column":20}},"loc":{"start":{"line":17,"column":23},"end":{"line":219,"column":1}},"line":17},"1":{"name":"(anonymous_1)","decl":{"start":{"line":21,"column":28},"end":{"line":21,"column":29}},"loc":{"start":{"line":21,"column":34},"end":{"line":47,"column":3}},"line":21},"2":{"name":"(anonymous_2)","decl":{"start":{"line":30,"column":12},"end":{"line":30,"column":13}},"loc":{"start":{"line":30,"column":26},"end":{"line":33,"column":7}},"line":30},"3":{"name":"(anonymous_3)","decl":{"start":{"line":34,"column":13},"end":{"line":34,"column":14}},"loc":{"start":{"line":34,"column":24},"end":{"line":37,"column":7}},"line":34},"4":{"name":"(anonymous_4)","decl":{"start":{"line":41,"column":12},"end":{"line":41,"column":13}},"loc":{"start":{"line":41,"column":26},"end":{"line":43,"column":7}},"line":41},"5":{"name":"(anonymous_5)","decl":{"start":{"line":44,"column":13},"end":{"line":44,"column":14}},"loc":{"start":{"line":44,"column":24},"end":{"line":46,"column":7}},"line":44},"6":{"name":"(anonymous_6)","decl":{"start":{"line":49,"column":12},"end":{"line":49,"column":13}},"loc":{"start":{"line":49,"column":18},"end":{"line":51,"column":3}},"line":49}},"branchMap":{"0":{"loc":{"start":{"line":151,"column":19},"end":{"line":151,"column":45}},"type":"binary-expr","locations":[{"start":{"line":151,"column":19},"end":{"line":151,"column":40}},{"start":{"line":151,"column":44},"end":{"line":151,"column":45}}],"line":151},"1":{"loc":{"start":{"line":164,"column":19},"end":{"line":164,"column":54}},"type":"binary-expr","locations":[{"start":{"line":164,"column":19},"end":{"line":164,"column":49}},{"start":{"line":164,"column":53},"end":{"line":164,"column":54}}],"line":164},"2":{"loc":{"start":{"line":190,"column":19},"end":{"line":190,"column":52}},"type":"binary-expr","locations":[{"start":{"line":190,"column":19},"end":{"line":190,"column":47}},{"start":{"line":190,"column":51},"end":{"line":190,"column":52}}],"line":190},"3":{"loc":{"start":{"line":203,"column":19},"end":{"line":203,"column":47}},"type":"binary-expr","locations":[{"start":{"line":203,"column":19},"end":{"line":203,"column":42}},{"start":{"line":203,"column":46},"end":{"line":203,"column":47}}],"line":203}},"s":{"0":11,"1":10,"2":10,"3":7,"4":7,"5":7,"6":7,"7":7,"8":0,"9":0,"10":7,"11":7,"12":0,"13":10,"14":7,"15":10},"f":{"0":11,"1":7,"2":7,"3":0,"4":7,"5":0,"6":7},"b":{"0":[10,9],"1":[10,9],"2":[10,9],"3":[10,9]},"_coverageSchema":"1a1c01bbd47fc00a2c39e90264f33305004495a9","hash":"92f457b7f03dad1c4c4fbc7e438bb1d2afc51c2a"}
,"/Users/lalithphanindrapatibanda/Desktop/FullStackProject---Customer-Application/Frontend/customer/src/components/Login/index.js": {"path":"/Users/lalithphanindrapatibanda/Desktop/FullStackProject---Customer-Application/Frontend/customer/src/components/Login/index.js","statementMap":{"0":{"start":{"line":10,"column":34},"end":{"line":13,"column":4}},"1":{"start":{"line":15,"column":19},"end":{"line":15,"column":32}},"2":{"start":{"line":17,"column":23},"end":{"line":20,"column":3}},"3":{"start":{"line":18,"column":28},"end":{"line":18,"column":36}},"4":{"start":{"line":19,"column":4},"end":{"line":19,"column":48}},"5":{"start":{"line":22,"column":22},"end":{"line":41,"column":3}},"6":{"start":{"line":23,"column":4},"end":{"line":23,"column":23}},"7":{"start":{"line":25,"column":4},"end":{"line":40,"column":5}},"8":{"start":{"line":26,"column":23},"end":{"line":26,"column":92}},"9":{"start":{"line":27,"column":6},"end":{"line":34,"column":7}},"10":{"start":{"line":28,"column":8},"end":{"line":28,"column":59}},"11":{"start":{"line":29,"column":8},"end":{"line":29,"column":59}},"12":{"start":{"line":30,"column":8},"end":{"line":30,"column":30}},"13":{"start":{"line":31,"column":8},"end":{"line":33,"column":11}},"14":{"start":{"line":36,"column":6},"end":{"line":36,"column":43}},"15":{"start":{"line":37,"column":6},"end":{"line":39,"column":25}},"16":{"start":{"line":43,"column":2},"end":{"line":81,"column":4}}},"fnMap":{"0":{"name":"Login","decl":{"start":{"line":9,"column":9},"end":{"line":9,"column":14}},"loc":{"start":{"line":9,"column":31},"end":{"line":82,"column":1}},"line":9},"1":{"name":"(anonymous_1)","decl":{"start":{"line":17,"column":23},"end":{"line":17,"column":24}},"loc":{"start":{"line":17,"column":30},"end":{"line":20,"column":3}},"line":17},"2":{"name":"(anonymous_2)","decl":{"start":{"line":22,"column":22},"end":{"line":22,"column":23}},"loc":{"start":{"line":22,"column":35},"end":{"line":41,"column":3}},"line":22}},"branchMap":{"0":{"loc":{"start":{"line":27,"column":6},"end":{"line":34,"column":7}},"type":"if","locations":[{"start":{"line":27,"column":6},"end":{"line":34,"column":7}},{"start":{},"end":{}}],"line":27}},"s":{"0":14,"1":14,"2":14,"3":0,"4":0,"5":14,"6":2,"7":2,"8":2,"9":1,"10":1,"11":1,"12":1,"13":1,"14":1,"15":1,"16":14},"f":{"0":14,"1":0,"2":2},"b":{"0":[1,0]},"_coverageSchema":"1a1c01bbd47fc00a2c39e90264f33305004495a9","hash":"6170cd4097a3d16cbf2a777dde9752bb2c84bde5"}
,"/Users/lalithphanindrapatibanda/Desktop/FullStackProject---Customer-Application/Frontend/customer/src/components/Order/index.js": {"path":"/Users/lalithphanindrapatibanda/Desktop/FullStackProject---Customer-Application/Frontend/customer/src/components/Order/index.js","statementMap":{"0":{"start":{"line":37,"column":26},"end":{"line":47,"column":1}},"1":{"start":{"line":38,"column":18},"end":{"line":45,"column":3}},"2":{"start":{"line":46,"column":2},"end":{"line":46,"column":67}},"3":{"start":{"line":50,"column":30},"end":{"line":50,"column":42}},"4":{"start":{"line":51,"column":50},"end":{"line":51,"column":62}},"5":{"start":{"line":52,"column":44},"end":{"line":52,"column":58}},"6":{"start":{"line":53,"column":52},"end":{"line":53,"column":67}},"7":{"start":{"line":54,"column":48},"end":{"line":54,"column":63}},"8":{"start":{"line":55,"column":50},"end":{"line":55,"column":65}},"9":{"start":{"line":56,"column":54},"end":{"line":56,"column":66}},"10":{"start":{"line":57,"column":44},"end":{"line":57,"column":58}},"11":{"start":{"line":58,"column":46},"end":{"line":62,"column":4}},"12":{"start":{"line":63,"column":26},"end":{"line":63,"column":37}},"13":{"start":{"line":64,"column":40},"end":{"line":64,"column":51}},"14":{"start":{"line":65,"column":36},"end":{"line":65,"column":51}},"15":{"start":{"line":66,"column":44},"end":{"line":66,"column":59}},"16":{"start":{"line":67,"column":46},"end":{"line":67,"column":58}},"17":{"start":{"line":68,"column":47},"end":{"line":68,"column":59}},"18":{"start":{"line":69,"column":28},"end":{"line":69,"column":42}},"19":{"start":{"line":71,"column":24},"end":{"line":90,"column":3}},"20":{"start":{"line":72,"column":4},"end":{"line":81,"column":9}},"21":{"start":{"line":75,"column":8},"end":{"line":75,"column":33}},"22":{"start":{"line":76,"column":8},"end":{"line":76,"column":23}},"23":{"start":{"line":79,"column":8},"end":{"line":79,"column":59}},"24":{"start":{"line":80,"column":8},"end":{"line":80,"column":59}},"25":{"start":{"line":82,"column":4},"end":{"line":89,"column":9}},"26":{"start":{"line":85,"column":8},"end":{"line":85,"column":42}},"27":{"start":{"line":88,"column":8},"end":{"line":88,"column":65}},"28":{"start":{"line":92,"column":2},"end":{"line":99,"column":9}},"29":{"start":{"line":93,"column":21},"end":{"line":93,"column":48}},"30":{"start":{"line":94,"column":20},"end":{"line":97,"column":5}},"31":{"start":{"line":98,"column":3},"end":{"line":98,"column":26}},"32":{"start":{"line":101,"column":25},"end":{"line":111,"column":3}},"33":{"start":{"line":102,"column":4},"end":{"line":106,"column":7}},"34":{"start":{"line":108,"column":4},"end":{"line":108,"column":36}},"35":{"start":{"line":109,"column":4},"end":{"line":109,"column":38}},"36":{"start":{"line":110,"column":4},"end":{"line":110,"column":30}},"37":{"start":{"line":113,"column":21},"end":{"line":117,"column":3}},"38":{"start":{"line":119,"column":27},"end":{"line":143,"column":3}},"39":{"start":{"line":120,"column":34},"end":{"line":120,"column":45}},"40":{"start":{"line":122,"column":4},"end":{"line":137,"column":5}},"41":{"start":{"line":123,"column":6},"end":{"line":125,"column":8}},"42":{"start":{"line":124,"column":8},"end":{"line":124,"column":51}},"43":{"start":{"line":127,"column":6},"end":{"line":136,"column":9}},"44":{"start":{"line":128,"column":22},"end":{"line":128,"column":53}},"45":{"start":{"line":129,"column":22},"end":{"line":129,"column":53}},"46":{"start":{"line":131,"column":8},"end":{"line":135,"column":9}},"47":{"start":{"line":132,"column":10},"end":{"line":132,"column":31}},"48":{"start":{"line":134,"column":10},"end":{"line":134,"column":31}},"49":{"start":{"line":139,"column":23},"end":{"line":139,"column":41}},"50":{"start":{"line":140,"column":21},"end":{"line":140,"column":45}},"51":{"start":{"line":142,"column":4},"end":{"line":142,"column":63}},"52":{"start":{"line":145,"column":23},"end":{"line":151,"column":3}},"53":{"start":{"line":146,"column":21},"end":{"line":146,"column":70}},"54":{"start":{"line":146,"column":44},"end":{"line":146,"column":69}},"55":{"start":{"line":148,"column":4},"end":{"line":148,"column":32}},"56":{"start":{"line":150,"column":4},"end":{"line":150,"column":30}},"57":{"start":{"line":153,"column":21},"end":{"line":157,"column":3}},"58":{"start":{"line":154,"column":21},"end":{"line":154,"column":70}},"59":{"start":{"line":154,"column":44},"end":{"line":154,"column":69}},"60":{"start":{"line":155,"column":4},"end":{"line":155,"column":31}},"61":{"start":{"line":156,"column":4},"end":{"line":156,"column":29}},"62":{"start":{"line":159,"column":23},"end":{"line":161,"column":3}},"63":{"start":{"line":160,"column":4},"end":{"line":160,"column":40}},"64":{"start":{"line":163,"column":23},"end":{"line":166,"column":3}},"65":{"start":{"line":164,"column":4},"end":{"line":164,"column":30}},"66":{"start":{"line":165,"column":4},"end":{"line":165,"column":31}},"67":{"start":{"line":168,"column":35},"end":{"line":204,"column":3}},"68":{"start":{"line":169,"column":21},"end":{"line":169,"column":48}},"69":{"start":{"line":170,"column":20},"end":{"line":173,"column":5}},"70":{"start":{"line":175,"column":4},"end":{"line":203,"column":9}},"71":{"start":{"line":178,"column":8},"end":{"line":191,"column":9}},"72":{"start":{"line":179,"column":10},"end":{"line":182,"column":13}},"73":{"start":{"line":183,"column":10},"end":{"line":185,"column":12}},"74":{"start":{"line":184,"column":12},"end":{"line":184,"column":73}},"75":{"start":{"line":184,"column":41},"end":{"line":184,"column":72}},"76":{"start":{"line":187,"column":10},"end":{"line":190,"column":13}},"77":{"start":{"line":192,"column":8},"end":{"line":192,"column":36}},"78":{"start":{"line":195,"column":8},"end":{"line":197,"column":10}},"79":{"start":{"line":198,"column":8},"end":{"line":201,"column":11}},"80":{"start":{"line":202,"column":8},"end":{"line":202,"column":36}},"81":{"start":{"line":206,"column":29},"end":{"line":209,"column":3}},"82":{"start":{"line":207,"column":4},"end":{"line":207,"column":27}},"83":{"start":{"line":208,"column":4},"end":{"line":208,"column":32}},"84":{"start":{"line":211,"column":31},"end":{"line":214,"column":3}},"85":{"start":{"line":212,"column":4},"end":{"line":212,"column":30}},"86":{"start":{"line":213,"column":4},"end":{"line":213,"column":27}},"87":{"start":{"line":216,"column":32},"end":{"line":224,"column":3}},"88":{"start":{"line":217,"column":4},"end":{"line":217,"column":31}},"89":{"start":{"line":218,"column":4},"end":{"line":222,"column":7}},"90":{"start":{"line":223,"column":4},"end":{"line":223,"column":26}},"91":{"start":{"line":226,"column":31},"end":{"line":304,"column":3}},"92":{"start":{"line":227,"column":4},"end":{"line":227,"column":30}},"93":{"start":{"line":228,"column":21},"end":{"line":228,"column":48}},"94":{"start":{"line":229,"column":20},"end":{"line":232,"column":5}},"95":{"start":{"line":234,"column":4},"end":{"line":303,"column":5}},"96":{"start":{"line":235,"column":6},"end":{"line":275,"column":11}},"97":{"start":{"line":245,"column":10},"end":{"line":263,"column":11}},"98":{"start":{"line":246,"column":12},"end":{"line":249,"column":15}},"99":{"start":{"line":250,"column":12},"end":{"line":256,"column":14}},"100":{"start":{"line":251,"column":14},"end":{"line":255,"column":15}},"101":{"start":{"line":252,"column":16},"end":{"line":254,"column":25}},"102":{"start":{"line":257,"column":12},"end":{"line":257,"column":35}},"103":{"start":{"line":259,"column":12},"end":{"line":262,"column":15}},"104":{"start":{"line":264,"column":10},"end":{"line":264,"column":37}},"105":{"start":{"line":267,"column":10},"end":{"line":269,"column":12}},"106":{"start":{"line":270,"column":10},"end":{"line":273,"column":13}},"107":{"start":{"line":274,"column":10},"end":{"line":274,"column":37}},"108":{"start":{"line":277,"column":6},"end":{"line":302,"column":11}},"109":{"start":{"line":280,"column":10},"end":{"line":291,"column":11}},"110":{"start":{"line":281,"column":12},"end":{"line":284,"column":15}},"111":{"start":{"line":285,"column":12},"end":{"line":285,"column":70}},"112":{"start":{"line":285,"column":38},"end":{"line":285,"column":68}},"113":{"start":{"line":287,"column":12},"end":{"line":290,"column":15}},"114":{"start":{"line":292,"column":10},"end":{"line":292,"column":32}},"115":{"start":{"line":293,"column":10},"end":{"line":293,"column":37}},"116":{"start":{"line":296,"column":10},"end":{"line":296,"column":68}},"117":{"start":{"line":297,"column":10},"end":{"line":300,"column":13}},"118":{"start":{"line":301,"column":10},"end":{"line":301,"column":37}},"119":{"start":{"line":306,"column":25},"end":{"line":308,"column":1}},"120":{"start":{"line":307,"column":2},"end":{"line":307,"column":65}},"121":{"start":{"line":311,"column":4},"end":{"line":311,"column":80}},"122":{"start":{"line":313,"column":27},"end":{"line":315,"column":3}},"123":{"start":{"line":314,"column":4},"end":{"line":314,"column":21}},"124":{"start":{"line":317,"column":34},"end":{"line":320,"column":3}},"125":{"start":{"line":318,"column":4},"end":{"line":318,"column":53}},"126":{"start":{"line":319,"column":4},"end":{"line":319,"column":15}},"127":{"start":{"line":322,"column":21},"end":{"line":338,"column":3}},"128":{"start":{"line":323,"column":25},"end":{"line":323,"column":61}},"129":{"start":{"line":325,"column":19},"end":{"line":334,"column":6}},"130":{"start":{"line":326,"column":20},"end":{"line":326,"column":51}},"131":{"start":{"line":327,"column":20},"end":{"line":327,"column":51}},"132":{"start":{"line":329,"column":6},"end":{"line":333,"column":7}},"133":{"start":{"line":330,"column":8},"end":{"line":330,"column":29}},"134":{"start":{"line":332,"column":8},"end":{"line":332,"column":29}},"135":{"start":{"line":336,"column":4},"end":{"line":336,"column":31}},"136":{"start":{"line":337,"column":4},"end":{"line":337,"column":22}},"137":{"start":{"line":340,"column":2},"end":{"line":574,"column":4}},"138":{"start":{"line":410,"column":14},"end":{"line":456,"column":25}},"139":{"start":{"line":415,"column":35},"end":{"line":415,"column":74}},"140":{"start":{"line":431,"column":35},"end":{"line":431,"column":60}},"141":{"start":{"line":441,"column":35},"end":{"line":441,"column":62}},"142":{"start":{"line":450,"column":35},"end":{"line":450,"column":62}},"143":{"start":{"line":555,"column":27},"end":{"line":555,"column":54}}},"fnMap":{"0":{"name":"(anonymous_0)","decl":{"start":{"line":37,"column":26},"end":{"line":37,"column":27}},"loc":{"start":{"line":37,"column":42},"end":{"line":47,"column":1}},"line":37},"1":{"name":"Order","decl":{"start":{"line":49,"column":9},"end":{"line":49,"column":14}},"loc":{"start":{"line":49,"column":17},"end":{"line":575,"column":1}},"line":49},"2":{"name":"(anonymous_2)","decl":{"start":{"line":71,"column":24},"end":{"line":71,"column":25}},"loc":{"start":{"line":71,"column":37},"end":{"line":90,"column":3}},"line":71},"3":{"name":"(anonymous_3)","decl":{"start":{"line":74,"column":12},"end":{"line":74,"column":13}},"loc":{"start":{"line":74,"column":26},"end":{"line":77,"column":7}},"line":74},"4":{"name":"(anonymous_4)","decl":{"start":{"line":78,"column":13},"end":{"line":78,"column":14}},"loc":{"start":{"line":78,"column":24},"end":{"line":81,"column":7}},"line":78},"5":{"name":"(anonymous_5)","decl":{"start":{"line":84,"column":12},"end":{"line":84,"column":13}},"loc":{"start":{"line":84,"column":26},"end":{"line":86,"column":7}},"line":84},"6":{"name":"(anonymous_6)","decl":{"start":{"line":87,"column":13},"end":{"line":87,"column":14}},"loc":{"start":{"line":87,"column":24},"end":{"line":89,"column":7}},"line":87},"7":{"name":"(anonymous_7)","decl":{"start":{"line":92,"column":12},"end":{"line":92,"column":13}},"loc":{"start":{"line":92,"column":18},"end":{"line":99,"column":3}},"line":92},"8":{"name":"(anonymous_8)","decl":{"start":{"line":101,"column":25},"end":{"line":101,"column":26}},"loc":{"start":{"line":101,"column":31},"end":{"line":111,"column":3}},"line":101},"9":{"name":"(anonymous_9)","decl":{"start":{"line":119,"column":27},"end":{"line":119,"column":28}},"loc":{"start":{"line":119,"column":33},"end":{"line":143,"column":3}},"line":119},"10":{"name":"(anonymous_10)","decl":{"start":{"line":123,"column":63},"end":{"line":123,"column":64}},"loc":{"start":{"line":124,"column":8},"end":{"line":124,"column":51}},"line":124},"11":{"name":"(anonymous_11)","decl":{"start":{"line":127,"column":61},"end":{"line":127,"column":62}},"loc":{"start":{"line":127,"column":71},"end":{"line":136,"column":7}},"line":127},"12":{"name":"(anonymous_12)","decl":{"start":{"line":145,"column":23},"end":{"line":145,"column":24}},"loc":{"start":{"line":145,"column":36},"end":{"line":151,"column":3}},"line":145},"13":{"name":"(anonymous_13)","decl":{"start":{"line":146,"column":33},"end":{"line":146,"column":34}},"loc":{"start":{"line":146,"column":44},"end":{"line":146,"column":69}},"line":146},"14":{"name":"(anonymous_14)","decl":{"start":{"line":153,"column":21},"end":{"line":153,"column":22}},"loc":{"start":{"line":153,"column":34},"end":{"line":157,"column":3}},"line":153},"15":{"name":"(anonymous_15)","decl":{"start":{"line":154,"column":33},"end":{"line":154,"column":34}},"loc":{"start":{"line":154,"column":44},"end":{"line":154,"column":69}},"line":154},"16":{"name":"(anonymous_16)","decl":{"start":{"line":159,"column":23},"end":{"line":159,"column":24}},"loc":{"start":{"line":159,"column":30},"end":{"line":161,"column":3}},"line":159},"17":{"name":"(anonymous_17)","decl":{"start":{"line":163,"column":23},"end":{"line":163,"column":24}},"loc":{"start":{"line":163,"column":36},"end":{"line":166,"column":3}},"line":163},"18":{"name":"(anonymous_18)","decl":{"start":{"line":168,"column":35},"end":{"line":168,"column":36}},"loc":{"start":{"line":168,"column":41},"end":{"line":204,"column":3}},"line":168},"19":{"name":"(anonymous_19)","decl":{"start":{"line":177,"column":12},"end":{"line":177,"column":13}},"loc":{"start":{"line":177,"column":26},"end":{"line":193,"column":7}},"line":177},"20":{"name":"(anonymous_20)","decl":{"start":{"line":183,"column":20},"end":{"line":183,"column":21}},"loc":{"start":{"line":184,"column":12},"end":{"line":184,"column":73}},"line":184},"21":{"name":"(anonymous_21)","decl":{"start":{"line":184,"column":30},"end":{"line":184,"column":31}},"loc":{"start":{"line":184,"column":41},"end":{"line":184,"column":72}},"line":184},"22":{"name":"(anonymous_22)","decl":{"start":{"line":194,"column":13},"end":{"line":194,"column":14}},"loc":{"start":{"line":194,"column":24},"end":{"line":203,"column":7}},"line":194},"23":{"name":"(anonymous_23)","decl":{"start":{"line":206,"column":29},"end":{"line":206,"column":30}},"loc":{"start":{"line":206,"column":35},"end":{"line":209,"column":3}},"line":206},"24":{"name":"(anonymous_24)","decl":{"start":{"line":211,"column":31},"end":{"line":211,"column":32}},"loc":{"start":{"line":211,"column":37},"end":{"line":214,"column":3}},"line":211},"25":{"name":"(anonymous_25)","decl":{"start":{"line":216,"column":32},"end":{"line":216,"column":33}},"loc":{"start":{"line":216,"column":38},"end":{"line":224,"column":3}},"line":216},"26":{"name":"(anonymous_26)","decl":{"start":{"line":226,"column":31},"end":{"line":226,"column":32}},"loc":{"start":{"line":226,"column":50},"end":{"line":304,"column":3}},"line":226},"27":{"name":"(anonymous_27)","decl":{"start":{"line":244,"column":14},"end":{"line":244,"column":15}},"loc":{"start":{"line":244,"column":28},"end":{"line":265,"column":9}},"line":244},"28":{"name":"(anonymous_28)","decl":{"start":{"line":250,"column":22},"end":{"line":250,"column":23}},"loc":{"start":{"line":251,"column":14},"end":{"line":255,"column":15}},"line":251},"29":{"name":"(anonymous_29)","decl":{"start":{"line":251,"column":29},"end":{"line":251,"column":30}},"loc":{"start":{"line":252,"column":16},"end":{"line":254,"column":25}},"line":252},"30":{"name":"(anonymous_30)","decl":{"start":{"line":266,"column":15},"end":{"line":266,"column":16}},"loc":{"start":{"line":266,"column":26},"end":{"line":275,"column":9}},"line":266},"31":{"name":"(anonymous_31)","decl":{"start":{"line":279,"column":14},"end":{"line":279,"column":15}},"loc":{"start":{"line":279,"column":28},"end":{"line":294,"column":9}},"line":279},"32":{"name":"(anonymous_32)","decl":{"start":{"line":285,"column":22},"end":{"line":285,"column":23}},"loc":{"start":{"line":285,"column":38},"end":{"line":285,"column":68}},"line":285},"33":{"name":"(anonymous_33)","decl":{"start":{"line":295,"column":15},"end":{"line":295,"column":16}},"loc":{"start":{"line":295,"column":26},"end":{"line":302,"column":9}},"line":295},"34":{"name":"(anonymous_34)","decl":{"start":{"line":306,"column":39},"end":{"line":306,"column":40}},"loc":{"start":{"line":307,"column":2},"end":{"line":307,"column":65}},"line":307},"35":{"name":"(anonymous_35)","decl":{"start":{"line":313,"column":27},"end":{"line":313,"column":28}},"loc":{"start":{"line":313,"column":47},"end":{"line":315,"column":3}},"line":313},"36":{"name":"(anonymous_36)","decl":{"start":{"line":317,"column":34},"end":{"line":317,"column":35}},"loc":{"start":{"line":317,"column":45},"end":{"line":320,"column":3}},"line":317},"37":{"name":"(anonymous_37)","decl":{"start":{"line":322,"column":21},"end":{"line":322,"column":22}},"loc":{"start":{"line":322,"column":27},"end":{"line":338,"column":3}},"line":322},"38":{"name":"(anonymous_38)","decl":{"start":{"line":325,"column":36},"end":{"line":325,"column":37}},"loc":{"start":{"line":325,"column":46},"end":{"line":334,"column":5}},"line":325},"39":{"name":"(anonymous_39)","decl":{"start":{"line":409,"column":36},"end":{"line":409,"column":37}},"loc":{"start":{"line":410,"column":14},"end":{"line":456,"column":25}},"line":410},"40":{"name":"(anonymous_40)","decl":{"start":{"line":415,"column":29},"end":{"line":415,"column":30}},"loc":{"start":{"line":415,"column":35},"end":{"line":415,"column":74}},"line":415},"41":{"name":"(anonymous_41)","decl":{"start":{"line":431,"column":29},"end":{"line":431,"column":30}},"loc":{"start":{"line":431,"column":35},"end":{"line":431,"column":60}},"line":431},"42":{"name":"(anonymous_42)","decl":{"start":{"line":441,"column":29},"end":{"line":441,"column":30}},"loc":{"start":{"line":441,"column":35},"end":{"line":441,"column":62}},"line":441},"43":{"name":"(anonymous_43)","decl":{"start":{"line":450,"column":29},"end":{"line":450,"column":30}},"loc":{"start":{"line":450,"column":35},"end":{"line":450,"column":62}},"line":450},"44":{"name":"(anonymous_44)","decl":{"start":{"line":555,"column":21},"end":{"line":555,"column":22}},"loc":{"start":{"line":555,"column":27},"end":{"line":555,"column":54}},"line":555}},"branchMap":{"0":{"loc":{"start":{"line":122,"column":4},"end":{"line":137,"column":5}},"type":"if","locations":[{"start":{"line":122,"column":4},"end":{"line":137,"column":5}},{"start":{"line":126,"column":11},"end":{"line":137,"column":5}}],"line":122},"1":{"loc":{"start":{"line":131,"column":8},"end":{"line":135,"column":9}},"type":"if","locations":[{"start":{"line":131,"column":8},"end":{"line":135,"column":9}},{"start":{"line":133,"column":15},"end":{"line":135,"column":9}}],"line":131},"2":{"loc":{"start":{"line":178,"column":8},"end":{"line":191,"column":9}},"type":"if","locations":[{"start":{"line":178,"column":8},"end":{"line":191,"column":9}},{"start":{"line":186,"column":15},"end":{"line":191,"column":9}}],"line":178},"3":{"loc":{"start":{"line":234,"column":4},"end":{"line":303,"column":5}},"type":"if","locations":[{"start":{"line":234,"column":4},"end":{"line":303,"column":5}},{"start":{"line":276,"column":11},"end":{"line":303,"column":5}}],"line":234},"4":{"loc":{"start":{"line":245,"column":10},"end":{"line":263,"column":11}},"type":"if","locations":[{"start":{"line":245,"column":10},"end":{"line":263,"column":11}},{"start":{"line":258,"column":17},"end":{"line":263,"column":11}}],"line":245},"5":{"loc":{"start":{"line":252,"column":16},"end":{"line":254,"column":25}},"type":"cond-expr","locations":[{"start":{"line":253,"column":20},"end":{"line":253,"column":34}},{"start":{"line":254,"column":20},"end":{"line":254,"column":25}}],"line":252},"6":{"loc":{"start":{"line":280,"column":10},"end":{"line":291,"column":11}},"type":"if","locations":[{"start":{"line":280,"column":10},"end":{"line":291,"column":11}},{"start":{"line":286,"column":17},"end":{"line":291,"column":11}}],"line":280},"7":{"loc":{"start":{"line":280,"column":14},"end":{"line":280,"column":64}},"type":"binary-expr","locations":[{"start":{"line":280,"column":14},"end":{"line":280,"column":37}},{"start":{"line":280,"column":41},"end":{"line":280,"column":64}}],"line":280},"8":{"loc":{"start":{"line":307,"column":2},"end":{"line":307,"column":65}},"type":"binary-expr","locations":[{"start":{"line":307,"column":2},"end":{"line":307,"column":18}},{"start":{"line":307,"column":22},"end":{"line":307,"column":65}}],"line":307},"9":{"loc":{"start":{"line":311,"column":4},"end":{"line":311,"column":80}},"type":"cond-expr","locations":[{"start":{"line":311,"column":15},"end":{"line":311,"column":76}},{"start":{"line":311,"column":79},"end":{"line":311,"column":80}}],"line":311},"10":{"loc":{"start":{"line":323,"column":25},"end":{"line":323,"column":61}},"type":"cond-expr","locations":[{"start":{"line":323,"column":47},"end":{"line":323,"column":53}},{"start":{"line":323,"column":56},"end":{"line":323,"column":61}}],"line":323},"11":{"loc":{"start":{"line":329,"column":6},"end":{"line":333,"column":7}},"type":"if","locations":[{"start":{"line":329,"column":6},"end":{"line":333,"column":7}},{"start":{"line":331,"column":13},"end":{"line":333,"column":7}}],"line":329},"12":{"loc":{"start":{"line":394,"column":19},"end":{"line":394,"column":76}},"type":"cond-expr","locations":[{"start":{"line":394,"column":41},"end":{"line":394,"column":56}},{"start":{"line":394,"column":59},"end":{"line":394,"column":76}}],"line":394},"13":{"loc":{"start":{"line":458,"column":13},"end":{"line":462,"column":13}},"type":"binary-expr","locations":[{"start":{"line":458,"column":13},"end":{"line":458,"column":26}},{"start":{"line":459,"column":14},"end":{"line":461,"column":25}}],"line":458},"14":{"loc":{"start":{"line":465,"column":9},"end":{"line":465,"column":84}},"type":"binary-expr","locations":[{"start":{"line":465,"column":9},"end":{"line":465,"column":14}},{"start":{"line":465,"column":18},"end":{"line":465,"column":84}}],"line":465},"15":{"loc":{"start":{"line":486,"column":9},"end":{"line":538,"column":9}},"type":"binary-expr","locations":[{"start":{"line":486,"column":9},"end":{"line":486,"column":22}},{"start":{"line":487,"column":10},"end":{"line":537,"column":13}}],"line":486},"16":{"loc":{"start":{"line":526,"column":15},"end":{"line":530,"column":16}},"type":"binary-expr","locations":[{"start":{"line":526,"column":15},"end":{"line":526,"column":39}},{"start":{"line":526,"column":43},"end":{"line":526,"column":78}},{"start":{"line":527,"column":16},"end":{"line":529,"column":17}}],"line":526}},"s":{"0":3,"1":62,"2":62,"3":60,"4":59,"5":59,"6":59,"7":59,"8":59,"9":59,"10":59,"11":59,"12":59,"13":59,"14":59,"15":59,"16":59,"17":59,"18":59,"19":59,"20":19,"21":18,"22":18,"23":1,"24":1,"25":19,"26":19,"27":0,"28":59,"29":19,"30":19,"31":19,"32":59,"33":2,"34":2,"35":2,"36":2,"37":59,"38":59,"39":59,"40":59,"41":5,"42":6,"43":54,"44":27,"45":27,"46":27,"47":24,"48":3,"49":59,"50":59,"51":59,"52":59,"53":1,"54":1,"55":1,"56":1,"57":59,"58":2,"59":2,"60":2,"61":2,"62":59,"63":2,"64":59,"65":3,"66":3,"67":59,"68":1,"69":1,"70":1,"71":0,"72":0,"73":0,"74":0,"75":0,"76":0,"77":0,"78":1,"79":1,"80":1,"81":59,"82":1,"83":1,"84":59,"85":1,"86":1,"87":59,"88":1,"89":1,"90":1,"91":59,"92":0,"93":0,"94":0,"95":0,"96":0,"97":0,"98":0,"99":0,"100":0,"101":0,"102":0,"103":0,"104":0,"105":0,"106":0,"107":0,"108":0,"109":0,"110":0,"111":0,"112":0,"113":0,"114":0,"115":0,"116":0,"117":0,"118":0,"119":59,"120":60,"121":59,"122":59,"123":0,"124":59,"125":1,"126":1,"127":59,"128":7,"129":7,"130":2,"131":2,"132":2,"133":1,"134":1,"135":7,"136":7,"137":59,"138":57,"139":0,"140":2,"141":1,"142":3,"143":0},"f":{"0":62,"1":60,"2":19,"3":18,"4":1,"5":19,"6":0,"7":19,"8":2,"9":59,"10":6,"11":27,"12":1,"13":1,"14":2,"15":2,"16":2,"17":3,"18":1,"19":0,"20":0,"21":0,"22":1,"23":1,"24":1,"25":1,"26":0,"27":0,"28":0,"29":0,"30":0,"31":0,"32":0,"33":0,"34":60,"35":0,"36":1,"37":7,"38":2,"39":57,"40":0,"41":2,"42":1,"43":3,"44":0},"b":{"0":[5,54],"1":[24,3],"2":[0,0],"3":[0,0],"4":[0,0],"5":[0,0],"6":[0,0],"7":[0,0],"8":[60,60],"9":[0,59],"10":[5,2],"11":[1,1],"12":[51,8],"13":[59,0],"14":[59,1],"15":[59,2],"16":[2,0,0]},"_coverageSchema":"1a1c01bbd47fc00a2c39e90264f33305004495a9","hash":"a881903b36d5c3fb489efbbbef687429b11a313d"}
[...]
,"/Users/lalithphanindrapatibanda/Desktop/FullStackProject---Customer-Application/Frontend/customer/src/components/Register/index.js": {"path":"/Users/lalithphanindrapatibanda/Desktop/FullStackProject---Customer-Application/Frontend/customer/src/components/Register/index.js","statementMap":{"0":{"start":{"line":10,"column":34},"end":{"line":15,"column":4}},"1":{"start":{"line":17,"column":19},"end":{"line":17,"column":32}},"2":{"start":{"line":19,"column":23},"end":{"line":22,"column":3}},"3":{"start":{"line":20,"column":28},"end":{"line":20,"column":36}},"4":{"start":{"line":21,"column":4},"end":{"line":21,"column":48}},"5":{"start":{"line":24,"column":23},"end":{"line":27,"column":3}},"6":{"start":{"line":25,"column":23},"end":{"line":25,"column":65}},"7":{"start":{"line":26,"column":4},"end":{"line":26,"column":34}},"8":{"start":{"line":29,"column":25},"end":{"line":58,"column":3}},"9":{"start":{"line":30,"column":4},"end":{"line":30,"column":23}},"10":{"start":{"line":32,"column":4},"end":{"line":38,"column":5}},"11":{"start":{"line":33,"column":6},"end":{"line":36,"column":9}},"12":{"start":{"line":37,"column":6},"end":{"line":37,"column":13}},"13":{"start":{"line":40,"column":4},"end":{"line":57,"column":5}},"14":{"start":{"line":41,"column":23},"end":{"line":41,"column":83}},"15":{"start":{"line":42,"column":6},"end":{"line":50,"column":7}},"16":{"start":{"line":43,"column":8},"end":{"line":43,"column":59}},"17":{"start":{"line":44,"column":8},"end":{"line":44,"column":59}},"18":{"start":{"line":45,"column":8},"end":{"line":45,"column":30}},"19":{"start":{"line":46,"column":8},"end":{"line":49,"column":11}},"20":{"start":{"line":52,"column":6},"end":{"line":52,"column":50}},"21":{"start":{"line":53,"column":6},"end":{"line":56,"column":9}},"22":{"start":{"line":60,"column":2},"end":{"line":109,"column":4}}},"fnMap":{"0":{"name":"Register","decl":{"start":{"line":9,"column":9},"end":{"line":9,"column":17}},"loc":{"start":{"line":9,"column":34},"end":{"line":110,"column":1}},"line":9},"1":{"name":"(anonymous_1)","decl":{"start":{"line":19,"column":23},"end":{"line":19,"column":24}},"loc":{"start":{"line":19,"column":30},"end":{"line":22,"column":3}},"line":19},"2":{"name":"(anonymous_2)","decl":{"start":{"line":24,"column":23},"end":{"line":24,"column":24}},"loc":{"start":{"line":24,"column":34},"end":{"line":27,"column":3}},"line":24},"3":{"name":"(anonymous_3)","decl":{"start":{"line":29,"column":25},"end":{"line":29,"column":26}},"loc":{"start":{"line":29,"column":38},"end":{"line":58,"column":3}},"line":29}},"branchMap":{"0":{"loc":{"start":{"line":32,"column":4},"end":{"line":38,"column":5}},"type":"if","locations":[{"start":{"line":32,"column":4},"end":{"line":38,"column":5}},{"start":{},"end":{}}],"line":32},"1":{"loc":{"start":{"line":42,"column":6},"end":{"line":50,"column":7}},"type":"if","locations":[{"start":{"line":42,"column":6},"end":{"line":50,"column":7}},{"start":{},"end":{}}],"line":42}},"s":{"0":11,"1":11,"2":11,"3":4,"4":4,"5":11,"6":3,"7":3,"8":11,"9":3,"10":3,"11":2,"12":2,"13":1,"14":1,"15":1,"16":1,"17":1,"18":1,"19":1,"20":0,"21":0,"22":11},"f":{"0":11,"1":4,"2":3,"3":3},"b":{"0":[2,1],"1":[1,0]},"_coverageSchema":"1a1c01bbd47fc00a2c39e90264f33305004495a9","hash":"09b40633a6bcd238326fb84caa46c41e5409dcb5"}
,"/Users/lalithphanindrapatibanda/Desktop/FullStackProject---Customer-Application/Frontend/customer/src/components/Reward/index.js": {"path":"/Users/lalithphanindrapatibanda/Desktop/FullStackProject---Customer-Application/Frontend/customer/src/components/Reward/index.js","statementMap":{"0":{"start":{"line":20,"column":26},"end":{"line":30,"column":1}},"1":{"start":{"line":21,"column":18},"end":{"line":28,"column":3}},"2":{"start":{"line":29,"column":2},"end":{"line":29,"column":67}},"3":{"start":{"line":33,"column":32},"end":{"line":33,"column":44}},"4":{"start":{"line":34,"column":50},"end":{"line":34,"column":62}},"5":{"start":{"line":35,"column":26},"end":{"line":35,"column":37}},"6":{"start":{"line":36,"column":40},"end":{"line":36,"column":51}},"7":{"start":{"line":37,"column":36},"end":{"line":37,"column":51}},"8":{"start":{"line":38,"column":28},"end":{"line":38,"column":42}},"9":{"start":{"line":40,"column":2},"end":{"line":57,"column":9}},"10":{"start":{"line":41,"column":21},"end":{"line":41,"column":48}},"11":{"start":{"line":42,"column":20},"end":{"line":45,"column":5}},"12":{"start":{"line":47,"column":4},"end":{"line":56,"column":9}},"13":{"start":{"line":50,"column":8},"end":{"line":50,"column":34}},"14":{"start":{"line":51,"column":8},"end":{"line":51,"column":23}},"15":{"start":{"line":54,"column":8},"end":{"line":54,"column":60}},"16":{"start":{"line":55,"column":8},"end":{"line":55,"column":59}},"17":{"start":{"line":59,"column":23},"end":{"line":61,"column":3}},"18":{"start":{"line":60,"column":4},"end":{"line":60,"column":40}},"19":{"start":{"line":63,"column":21},"end":{"line":79,"column":3}},"20":{"start":{"line":64,"column":25},"end":{"line":64,"column":61}},"21":{"start":{"line":65,"column":4},"end":{"line":65,"column":31}},"22":{"start":{"line":67,"column":26},"end":{"line":76,"column":6}},"23":{"start":{"line":68,"column":20},"end":{"line":68,"column":43}},"24":{"start":{"line":69,"column":20},"end":{"line":69,"column":43}},"25":{"start":{"line":71,"column":6},"end":{"line":75,"column":7}},"26":{"start":{"line":72,"column":8},"end":{"line":72,"column":29}},"27":{"start":{"line":74,"column":8},"end":{"line":74,"column":29}},"28":{"start":{"line":78,"column":4},"end":{"line":78,"column":30}},"29":{"start":{"line":81,"column":26},"end":{"line":83,"column":3}},"30":{"start":{"line":82,"column":4},"end":{"line":82,"column":48}},"31":{"start":{"line":86,"column":4},"end":{"line":86,"column":81}},"32":{"start":{"line":88,"column":27},"end":{"line":90,"column":3}},"33":{"start":{"line":89,"column":4},"end":{"line":89,"column":21}},"34":{"start":{"line":92,"column":34},"end":{"line":95,"column":3}},"35":{"start":{"line":93,"column":4},"end":{"line":93,"column":53}},"36":{"start":{"line":94,"column":4},"end":{"line":94,"column":15}},"37":{"start":{"line":97,"column":28},"end":{"line":121,"column":3}},"38":{"start":{"line":98,"column":23},"end":{"line":98,"column":41}},"39":{"start":{"line":99,"column":21},"end":{"line":99,"column":45}},"40":{"start":{"line":101,"column":35},"end":{"line":101,"column":47}},"41":{"start":{"line":103,"column":4},"end":{"line":118,"column":5}},"42":{"start":{"line":104,"column":6},"end":{"line":106,"column":8}},"43":{"start":{"line":105,"column":8},"end":{"line":105,"column":52}},"44":{"start":{"line":108,"column":6},"end":{"line":117,"column":9}},"45":{"start":{"line":109,"column":22},"end":{"line":109,"column":45}},"46":{"start":{"line":110,"column":22},"end":{"line":110,"column":45}},"47":{"start":{"line":112,"column":8},"end":{"line":116,"column":9}},"48":{"start":{"line":113,"column":10},"end":{"line":113,"column":31}},"49":{"start":{"line":115,"column":10},"end":{"line":115,"column":31}},"50":{"start":{"line":120,"column":4},"end":{"line":120,"column":64}},"51":{"start":{"line":124,"column":2},"end":{"line":205,"column":4}},"52":{"start":{"line":176,"column":14},"end":{"line":182,"column":25}}},"fnMap":{"0":{"name":"(anonymous_0)","decl":{"start":{"line":20,"column":26},"end":{"line":20,"column":27}},"loc":{"start":{"line":20,"column":42},"end":{"line":30,"column":1}},"line":20},"1":{"name":"Reward","decl":{"start":{"line":32,"column":9},"end":{"line":32,"column":15}},"loc":{"start":{"line":32,"column":18},"end":{"line":206,"column":1}},"line":32},"2":{"name":"(anonymous_2)","decl":{"start":{"line":40,"column":12},"end":{"line":40,"column":13}},"loc":{"start":{"line":40,"column":18},"end":{"line":57,"column":3}},"line":40},"3":{"name":"(anonymous_3)","decl":{"start":{"line":49,"column":12},"end":{"line":49,"column":13}},"loc":{"start":{"line":49,"column":26},"end":{"line":52,"column":7}},"line":49},"4":{"name":"(anonymous_4)","decl":{"start":{"line":53,"column":13},"end":{"line":53,"column":14}},"loc":{"start":{"line":53,"column":24},"end":{"line":56,"column":7}},"line":53},"5":{"name":"(anonymous_5)","decl":{"start":{"line":59,"column":23},"end":{"line":59,"column":24}},"loc":{"start":{"line":59,"column":30},"end":{"line":61,"column":3}},"line":59},"6":{"name":"(anonymous_6)","decl":{"start":{"line":63,"column":21},"end":{"line":63,"column":22}},"loc":{"start":{"line":63,"column":27},"end":{"line":79,"column":3}},"line":63},"7":{"name":"(anonymous_7)","decl":{"start":{"line":67,"column":44},"end":{"line":67,"column":45}},"loc":{"start":{"line":67,"column":54},"end":{"line":76,"column":5}},"line":67},"8":{"name":"(anonymous_8)","decl":{"start":{"line":81,"column":41},"end":{"line":81,"column":42}},"loc":{"start":{"line":82,"column":4},"end":{"line":82,"column":48}},"line":82},"9":{"name":"(anonymous_9)","decl":{"start":{"line":88,"column":27},"end":{"line":88,"column":28}},"loc":{"start":{"line":88,"column":47},"end":{"line":90,"column":3}},"line":88},"10":{"name":"(anonymous_10)","decl":{"start":{"line":92,"column":34},"end":{"line":92,"column":35}},"loc":{"start":{"line":92,"column":45},"end":{"line":95,"column":3}},"line":92},"11":{"name":"(anonymous_11)","decl":{"start":{"line":97,"column":28},"end":{"line":97,"column":29}},"loc":{"start":{"line":97,"column":34},"end":{"line":121,"column":3}},"line":97},"12":{"name":"(anonymous_12)","decl":{"start":{"line":104,"column":65},"end":{"line":104,"column":66}},"loc":{"start":{"line":105,"column":8},"end":{"line":105,"column":52}},"line":105},"13":{"name":"(anonymous_13)","decl":{"start":{"line":108,"column":63},"end":{"line":108,"column":64}},"loc":{"start":{"line":108,"column":73},"end":{"line":117,"column":7}},"line":108},"14":{"name":"(anonymous_14)","decl":{"start":{"line":175,"column":37},"end":{"line":175,"column":38}},"loc":{"start":{"line":176,"column":14},"end":{"line":182,"column":25}},"line":176}},"branchMap":{"0":{"loc":{"start":{"line":64,"column":25},"end":{"line":64,"column":61}},"type":"cond-expr","locations":[{"start":{"line":64,"column":47},"end":{"line":64,"column":53}},{"start":{"line":64,"column":56},"end":{"line":64,"column":61}}],"line":64},"1":{"loc":{"start":{"line":71,"column":6},"end":{"line":75,"column":7}},"type":"if","locations":[{"start":{"line":71,"column":6},"end":{"line":75,"column":7}},{"start":{"line":73,"column":13},"end":{"line":75,"column":7}}],"line":71},"2":{"loc":{"start":{"line":86,"column":4},"end":{"line":86,"column":81}},"type":"cond-expr","locations":[{"start":{"line":86,"column":15},"end":{"line":86,"column":77}},{"start":{"line":86,"column":80},"end":{"line":86,"column":81}}],"line":86},"3":{"loc":{"start":{"line":103,"column":4},"end":{"line":118,"column":5}},"type":"if","locations":[{"start":{"line":103,"column":4},"end":{"line":118,"column":5}},{"start":{"line":107,"column":11},"end":{"line":118,"column":5}}],"line":103},"4":{"loc":{"start":{"line":112,"column":8},"end":{"line":116,"column":9}},"type":"if","locations":[{"start":{"line":112,"column":8},"end":{"line":116,"column":9}},{"start":{"line":114,"column":15},"end":{"line":116,"column":9}}],"line":112},"5":{"loc":{"start":{"line":165,"column":19},"end":{"line":169,"column":19}},"type":"cond-expr","locations":[{"start":{"line":166,"column":20},"end":{"line":166,"column":39}},{"start":{"line":168,"column":20},"end":{"line":168,"column":41}}],"line":165},"6":{"loc":{"start":{"line":184,"column":13},"end":{"line":188,"column":13}},"type":"binary-expr","locations":[{"start":{"line":184,"column":13},"end":{"line":184,"column":26}},{"start":{"line":185,"column":14},"end":{"line":187,"column":25}}],"line":184},"7":{"loc":{"start":{"line":191,"column":9},"end":{"line":191,"column":84}},"type":"binary-expr","locations":[{"start":{"line":191,"column":9},"end":{"line":191,"column":14}},{"start":{"line":191,"column":18},"end":{"line":191,"column":84}}],"line":191}},"s":{"0":3,"1":14,"2":14,"3":24,"4":24,"5":24,"6":24,"7":24,"8":24,"9":24,"10":9,"11":9,"12":9,"13":7,"14":7,"15":2,"16":2,"17":24,"18":2,"19":24,"20":3,"21":3,"22":3,"23":2,"24":2,"25":2,"26":0,"27":2,"28":3,"29":24,"30":16,"31":24,"32":24,"33":0,"34":24,"35":1,"36":1,"37":24,"38":24,"39":24,"40":24,"41":24,"42":5,"43":6,"44":19,"45":5,"46":5,"47":5,"48":3,"49":2,"50":24,"51":24,"52":13},"f":{"0":14,"1":24,"2":9,"3":7,"4":2,"5":2,"6":3,"7":2,"8":16,"9":0,"10":1,"11":24,"12":6,"13":5,"14":13},"b":{"0":[3,0],"1":[0,2],"2":[0,24],"3":[5,19],"4":[3,2],"5":[20,4],"6":[24,0],"7":[24,2]},"_coverageSchema":"1a1c01bbd47fc00a2c39e90264f33305004495a9","hash":"867d0e7b3686b078ed9b91dd96e01d1794857e2d"}
,"/Users/lalithphanindrapatibanda/Desktop/FullStackProject---Customer-Application/Frontend/customer/src/components/common/Navbar.js": {"path":"/Users/lalithphanindrapatibanda/Desktop/FullStackProject---Customer-Application/Frontend/customer/src/components/common/Navbar.js","statementMap":{"0":{"start":{"line":18,"column":19},"end":{"line":18,"column":32}},"1":{"start":{"line":19,"column":52},"end":{"line":19,"column":67}},"2":{"start":{"line":21,"column":17},"end":{"line":23,"column":2}},"3":{"start":{"line":22,"column":2},"end":{"line":22,"column":15}},"4":{"start":{"line":25,"column":26},"end":{"line":27,"column":3}},"5":{"start":{"line":26,"column":4},"end":{"line":26,"column":31}},"6":{"start":{"line":29,"column":27},"end":{"line":31,"column":3}},"7":{"start":{"line":30,"column":4},"end":{"line":30,"column":32}},"8":{"start":{"line":33,"column":23},"end":{"line":39,"column":3}},"9":{"start":{"line":34,"column":4},"end":{"line":34,"column":25}},"10":{"start":{"line":35,"column":4},"end":{"line":35,"column":18}},"11":{"start":{"line":36,"column":4},"end":{"line":38,"column":24}},"12":{"start":{"line":41,"column":2},"end":{"line":70,"column":4}}},"fnMap":{"0":{"name":"Navbar","decl":{"start":{"line":17,"column":9},"end":{"line":17,"column":15}},"loc":{"start":{"line":17,"column":18},"end":{"line":71,"column":1}},"line":17},"1":{"name":"(anonymous_1)","decl":{"start":{"line":21,"column":17},"end":{"line":21,"column":18}},"loc":{"start":{"line":21,"column":23},"end":{"line":23,"column":2}},"line":21},"2":{"name":"(anonymous_2)","decl":{"start":{"line":25,"column":26},"end":{"line":25,"column":27}},"loc":{"start":{"line":25,"column":32},"end":{"line":27,"column":3}},"line":25},"3":{"name":"(anonymous_3)","decl":{"start":{"line":29,"column":27},"end":{"line":29,"column":28}},"loc":{"start":{"line":29,"column":33},"end":{"line":31,"column":3}},"line":29},"4":{"name":"(anonymous_4)","decl":{"start":{"line":33,"column":23},"end":{"line":33,"column":24}},"loc":{"start":{"line":33,"column":29},"end":{"line":39,"column":3}},"line":33}},"branchMap":{},"s":{"0":140,"1":140,"2":140,"3":1,"4":140,"5":1,"6":140,"7":1,"8":140,"9":1,"10":1,"11":1,"12":140},"f":{"0":140,"1":1,"2":1,"3":1,"4":1},"b":{},"_coverageSchema":"1a1c01bbd47fc00a2c39e90264f33305004495a9","hash":"80a04e4c4658bd28732241c52d8cc84158e2d9b6"}
,"/Users/lalithphanindrapatibanda/Desktop/FullStackProject---Customer-Application/Frontend/customer/src/service/AuthContext.js": {"path":"/Users/lalithphanindrapatibanda/Desktop/FullStackProject---Customer-Application/Frontend/customer/src/service/AuthContext.js","statementMap":{"0":{"start":{"line":3,"column":20},"end":{"line":3,"column":35}},"1":{"start":{"line":6,"column":26},"end":{"line":6,"column":40}},"2":{"start":{"line":8,"column":16},"end":{"line":10,"column":3}},"3":{"start":{"line":9,"column":4},"end":{"line":9,"column":22}},"4":{"start":{"line":12,"column":17},"end":{"line":14,"column":3}},"5":{"start":{"line":13,"column":4},"end":{"line":13,"column":18}},"6":{"start":{"line":16,"column":2},"end":{"line":20,"column":4}},"7":{"start":{"line":24,"column":2},"end":{"line":24,"column":33}}},"fnMap":{"0":{"name":"AuthProvider","decl":{"start":{"line":5,"column":16},"end":{"line":5,"column":28}},"loc":{"start":{"line":5,"column":43},"end":{"line":21,"column":1}},"line":5},"1":{"name":"(anonymous_1)","decl":{"start":{"line":8,"column":16},"end":{"line":8,"column":17}},"loc":{"start":{"line":8,"column":30},"end":{"line":10,"column":3}},"line":8},"2":{"name":"(anonymous_2)","decl":{"start":{"line":12,"column":17},"end":{"line":12,"column":18}},"loc":{"start":{"line":12,"column":23},"end":{"line":14,"column":3}},"line":12},"3":{"name":"useAuth","decl":{"start":{"line":23,"column":16},"end":{"line":23,"column":23}},"loc":{"start":{"line":23,"column":26},"end":{"line":25,"column":1}},"line":23}},"branchMap":{},"s":{"0":1,"1":3,"2":3,"3":1,"4":3,"5":1,"6":3,"7":3},"f":{"0":3,"1":1,"2":1,"3":3},"b":{},"_coverageSchema":"1a1c01bbd47fc00a2c39e90264f33305004495a9","hash":"968278489e7adc9b2f96e056e8a642ac69005bc9"}
,"/Users/lalithphanindrapatibanda/Desktop/FullStackProject---Customer-Application/Frontend/customer/src/service/Authentication.js": {"path":"/Users/lalithphanindrapatibanda/Desktop/FullStackProject---Customer-Application/Frontend/customer/src/service/Authentication.js","statementMap":{"0":{"start":{"line":4,"column":17},"end":{"line":4,"column":40}},"1":{"start":{"line":7,"column":20},"end":{"line":7,"column":46}},"2":{"start":{"line":8,"column":4},"end":{"line":13,"column":5}},"3":{"start":{"line":9,"column":28},"end":{"line":9,"column":52}},"4":{"start":{"line":10,"column":6},"end":{"line":12,"column":7}},"5":{"start":{"line":11,"column":8},"end":{"line":11,"column":41}},"6":{"start":{"line":14,"column":4},"end":{"line":14,"column":16}},"7":{"start":{"line":17,"column":20},"end":{"line":17,"column":34}},"8":{"start":{"line":19,"column":18},"end":{"line":21,"column":3}},"9":{"start":{"line":23,"column":28},"end":{"line":30,"column":3}},"10":{"start":{"line":24,"column":4},"end":{"line":29,"column":5}},"11":{"start":{"line":25,"column":23},"end":{"line":25,"column":73}},"12":{"start":{"line":26,"column":6},"end":{"line":26,"column":27}},"13":{"start":{"line":28,"column":6},"end":{"line":28,"column":18}},"14":{"start":{"line":32,"column":27},"end":{"line":39,"column":3}},"15":{"start":{"line":33,"column":4},"end":{"line":38,"column":5}},"16":{"start":{"line":34,"column":23},"end":{"line":34,"column":96}},"17":{"start":{"line":35,"column":6},"end":{"line":35,"column":27}},"18":{"start":{"line":37,"column":6},"end":{"line":37,"column":18}}},"fnMap":{"0":{"name":"getCSRFToken","decl":{"start":{"line":6,"column":9},"end":{"line":6,"column":21}},"loc":{"start":{"line":6,"column":24},"end":{"line":15,"column":3}},"line":6},"1":{"name":"(anonymous_1)","decl":{"start":{"line":23,"column":28},"end":{"line":23,"column":29}},"loc":{"start":{"line":23,"column":48},"end":{"line":30,"column":3}},"line":23},"2":{"name":"(anonymous_2)","decl":{"start":{"line":32,"column":27},"end":{"line":32,"column":28}},"loc":{"start":{"line":32,"column":48},"end":{"line":39,"column":3}},"line":32}},"branchMap":{"0":{"loc":{"start":{"line":10,"column":6},"end":{"line":12,"column":7}},"type":"if","locations":[{"start":{"line":10,"column":6},"end":{"line":12,"column":7}},{"start":{},"end":{}}],"line":10}},"s":{"0":1,"1":1,"2":1,"3":1,"4":1,"5":0,"6":1,"7":1,"8":1,"9":1,"10":5,"11":5,"12":2,"13":3,"14":1,"15":2,"16":2,"17":1,"18":1},"f":{"0":1,"1":5,"2":2},"b":{"0":[0,1]},"_coverageSchema":"1a1c01bbd47fc00a2c39e90264f33305004495a9","hash":"8f02102cdb80ecf0656ad45deb687479723497ca"}
}
