TN:
SF:src/App.js
FN:13,App
FN:18,(anonymous_1)
FNF:2
FNH:2
FNDA:5,App
FNDA:3,(anonymous_1)
DA:14,5
DA:15,5
DA:16,5
DA:18,5
DA:19,3
DA:20,2
DA:22,1
DA:23,0
DA:27,5
LF:9
LH:8
BRDA:19,0,0,2
BRDA:19,0,1,1
BRDA:19,1,0,3
BRDA:19,1,1,2
BRDA:22,2,0,0
BRDA:22,2,1,1
BRDA:22,3,0,1
BRDA:22,3,1,1
BRDA:34,4,0,1
BRDA:34,4,1,4
BRDA:44,5,0,1
BRDA:44,5,1,4
BRDA:54,6,0,1
BRDA:54,6,1,4
BRDA:64,7,0,1
BRDA:64,7,1,4
BRDA:74,8,0,1
BRDA:74,8,1,4
BRF:18
BRH:17
end_of_record
TN:
SF:src/index.js
FNF:0
FNH:0
DA:6,0
DA:8,0
LF:2
LH:0
BRF:0
BRH:0
end_of_record
TN:
SF:src/setupTests.js
FNF:0
FNH:0
LF:0
LH:0
BRF:0
BRH:0
end_of_record
TN:
SF:src/components/Customer/index.js
FN:35,Customer
FN:63,(anonymous_1)
FN:72,(anonymous_2)
FN:76,(anonymous_3)
FN:82,(anonymous_4)
FN:86,(anonymous_5)
FN:93,(anonymous_6)
FN:97,(anonymous_7)
FN:114,(anonymous_8)
FN:115,(anonymous_9)
FN:120,(anonymous_10)
FN:132,(anonymous_11)
FN:144,(anonymous_12)
FN:155,(anonymous_13)
FN:167,(anonymous_14)
FN:178,(anonymous_15)
FN:183,(anonymous_16)
FN:192,(anonymous_17)
FN:205,(anonymous_18)
FN:214,(anonymous_19)
FN:219,(anonymous_20)
FN:223,(anonymous_21)
FN:230,(anonymous_22)
FN:234,(anonymous_23)
FN:239,(anonymous_24)
FN:241,(anonymous_25)
FN:245,(anonymous_26)
FN:262,(anonymous_27)
FN:265,(anonymous_28)
FN:280,(anonymous_29)
FN:284,(anonymous_30)
FN:286,(anonymous_31)
FN:367,(anonymous_32)
FN:379,(anonymous_33)
FN:389,(anonymous_34)
FN:398,(anonymous_35)
FN:407,(anonymous_36)
FNF:37
FNH:28
FNDA:49,Customer
FNDA:19,(anonymous_1)
FNDA:18,(anonymous_2)
FNDA:1,(anonymous_3)
FNDA:18,(anonymous_4)
FNDA:19,(anonymous_5)
FNDA:1,(anonymous_6)
FNDA:4,(anonymous_7)
FNDA:2,(anonymous_8)
FNDA:2,(anonymous_9)
FNDA:0,(anonymous_10)
FNDA:0,(anonymous_11)
FNDA:0,(anonymous_12)
FNDA:0,(anonymous_13)
FNDA:0,(anonymous_14)
FNDA:3,(anonymous_15)
FNDA:1,(anonymous_16)
FNDA:1,(anonymous_17)
FNDA:0,(anonymous_18)
FNDA:1,(anonymous_19)
FNDA:1,(anonymous_20)
FNDA:48,(anonymous_21)
FNDA:0,(anonymous_22)
FNDA:1,(anonymous_23)
FNDA:48,(anonymous_24)
FNDA:2,(anonymous_25)
FNDA:23,(anonymous_26)
FNDA:2,(anonymous_27)
FNDA:1,(anonymous_28)
FNDA:48,(anonymous_29)
FNDA:0,(anonymous_30)
FNDA:0,(anonymous_31)
FNDA:47,(anonymous_32)
FNDA:1,(anonymous_33)
FNDA:2,(anonymous_34)
FNDA:3,(anonymous_35)
FNDA:1,(anonymous_36)
DA:36,49
DA:37,48
DA:38,48
DA:39,48
DA:40,48
DA:41,48
DA:42,48
DA:55,48
DA:56,48
DA:57,48
DA:58,48
DA:59,48
DA:60,48
DA:61,48
DA:63,48
DA:64,19
DA:65,19
DA:70,19
DA:73,18
DA:74,18
DA:77,1
DA:78,1
DA:82,48
DA:83,18
DA:86,48
DA:87,19
DA:88,1
DA:93,48
DA:94,1
DA:97,48
DA:98,4
DA:111,4
DA:114,48
DA:115,2
DA:116,2
DA:117,2
DA:120,48
DA:121,0
DA:122,0
DA:127,0
DA:128,0
DA:133,0
DA:134,0
DA:137,0
DA:139,0
DA:145,0
DA:146,0
DA:150,0
DA:151,0
DA:156,0
DA:157,0
DA:160,0
DA:162,0
DA:168,0
DA:169,0
DA:175,0
DA:178,48
DA:179,3
DA:180,3
DA:183,48
DA:184,1
DA:185,1
DA:190,1
DA:193,1
DA:194,1
DA:197,1
DA:199,0
DA:203,1
DA:206,0
DA:207,0
DA:210,0
DA:214,48
DA:215,1
DA:216,1
DA:219,48
DA:220,1
DA:223,48
DA:224,48
DA:228,48
DA:230,48
DA:231,0
DA:234,48
DA:235,1
DA:236,1
DA:239,48
DA:240,48
DA:241,2
DA:242,2
DA:245,46
DA:246,23
DA:247,23
DA:249,23
DA:250,21
DA:252,2
DA:256,46
DA:257,46
DA:258,46
DA:262,48
DA:263,2
DA:265,2
DA:266,1
DA:267,1
DA:269,1
DA:270,0
DA:272,1
DA:276,2
DA:277,2
DA:280,48
DA:281,48
DA:284,0
DA:286,0
DA:292,48
DA:368,47
DA:379,1
DA:389,2
DA:398,3
DA:408,1
DA:409,1
LF:118
LH:91
BRDA:87,0,0,1
BRDA:87,0,1,18
BRDA:127,1,0,0
BRDA:127,1,1,0
BRDA:133,2,0,0
BRDA:133,2,1,0
BRDA:133,3,0,0
BRDA:133,3,1,0
BRDA:150,4,0,0
BRDA:150,4,1,0
BRDA:156,5,0,0
BRDA:156,5,1,0
BRDA:193,6,0,1
BRDA:193,6,1,0
BRDA:228,7,0,0
BRDA:228,7,1,48
BRDA:240,8,0,2
BRDA:240,8,1,46
BRDA:249,9,0,21
BRDA:249,9,1,2
BRDA:263,10,0,2
BRDA:263,10,1,0
BRDA:269,11,0,0
BRDA:269,11,1,1
BRDA:345,12,0,45
BRDA:345,12,1,3
BRDA:421,13,0,47
BRDA:421,13,1,1
BRDA:429,14,0,48
BRDA:429,14,1,0
BRDA:436,15,0,48
BRDA:436,15,1,1
BRF:32
BRH:17
end_of_record
TN:
SF:src/components/Customer/CustomerModal/index.js
FN:17,(anonymous_0)
FN:36,(anonymous_1)
FN:52,(anonymous_2)
FN:57,(anonymous_3)
FN:62,(anonymous_4)
FN:104,(anonymous_5)
FN:116,(anonymous_6)
FN:128,(anonymous_7)
FN:139,(anonymous_8)
FN:151,(anonymous_9)
FN:163,(anonymous_10)
FN:175,(anonymous_11)
FN:187,(anonymous_12)
FN:200,(anonymous_13)
FN:213,(anonymous_14)
FN:224,(anonymous_15)
FNF:16
FNH:16
FNDA:98,(anonymous_0)
FNDA:52,(anonymous_1)
FNDA:19,(anonymous_2)
FNDA:20,(anonymous_3)
FNDA:16,(anonymous_4)
FNDA:1,(anonymous_5)
FNDA:1,(anonymous_6)
FNDA:1,(anonymous_7)
FNDA:1,(anonymous_8)
FNDA:1,(anonymous_9)
FNDA:1,(anonymous_10)
FNDA:1,(anonymous_11)
FNDA:1,(anonymous_12)
FNDA:1,(anonymous_13)
FNDA:1,(anonymous_14)
FNDA:1,(anonymous_15)
DA:17,4
DA:24,98
DA:25,98
DA:26,98
DA:27,98
DA:28,98
DA:29,98
DA:30,98
DA:31,98
DA:32,98
DA:33,98
DA:34,98
DA:36,98
DA:37,52
DA:38,34
DA:39,34
DA:40,34
DA:41,34
DA:42,34
DA:43,34
DA:44,34
DA:45,34
DA:46,34
DA:47,34
DA:48,34
DA:52,98
DA:53,19
DA:54,19
DA:57,98
DA:58,20
DA:59,20
DA:62,98
DA:63,16
DA:75,5
DA:77,11
DA:78,11
DA:79,11
DA:80,11
DA:81,11
DA:82,11
DA:83,11
DA:84,11
DA:85,11
DA:86,11
DA:90,98
DA:104,1
DA:116,1
DA:128,1
DA:139,1
DA:151,1
DA:163,1
DA:175,1
DA:187,1
DA:200,1
DA:213,1
DA:224,1
LF:56
LH:56
BRDA:37,0,0,34
BRDA:37,0,1,18
BRDA:63,1,0,5
BRDA:63,1,1,11
BRDA:64,2,0,16
BRDA:64,2,1,11
BRDA:64,2,2,11
BRDA:64,2,3,9
BRDA:64,2,4,9
BRDA:64,2,5,9
BRDA:64,2,6,9
BRDA:64,2,7,9
BRDA:64,2,8,8
BRDA:64,2,9,6
BRDA:93,3,0,37
BRDA:93,3,1,61
BRDA:107,4,0,98
BRDA:107,4,1,10
BRDA:119,5,0,98
BRDA:119,5,1,10
BRDA:131,6,0,98
BRDA:131,6,1,14
BRDA:142,7,0,98
BRDA:142,7,1,0
BRDA:154,8,0,98
BRDA:154,8,1,14
BRDA:166,9,0,98
BRDA:166,9,1,14
BRDA:178,10,0,98
BRDA:178,10,1,14
BRDA:190,11,0,98
BRDA:190,11,1,14
BRDA:203,12,0,98
BRDA:203,12,1,12
BRDA:216,13,0,98
BRDA:216,13,1,14
BRDA:230,14,0,98
BRDA:230,14,1,10
BRDA:240,15,0,37
BRDA:240,15,1,61
BRF:40
BRH:39
end_of_record
TN:
SF:src/components/Customer/Dashboard/index.js
FN:12,(anonymous_0)
FN:18,(anonymous_1)
FN:23,(anonymous_2)
FN:24,(anonymous_3)
FNF:4
FNH:4
FNDA:5,(anonymous_0)
FNDA:1,(anonymous_1)
FNDA:3,(anonymous_2)
FNDA:3,(anonymous_3)
DA:12,3
DA:13,5
DA:14,4
DA:15,4
DA:16,4
DA:18,4
DA:19,1
DA:23,4
DA:24,3
DA:25,3
DA:26,3
DA:31,3
DA:32,3
DA:33,3
DA:35,1
DA:38,3
DA:39,3
DA:40,3
DA:42,1
DA:46,3
DA:50,4
LF:21
LH:21
BRF:0
BRH:0
end_of_record
TN:
SF:src/components/Customer/Dashboard/Orders/index.js
FN:16,(anonymous_0)
FN:20,(anonymous_1)
FN:32,(anonymous_2)
FN:34,(anonymous_3)
FN:35,(anonymous_4)
FN:43,(anonymous_5)
FN:74,(anonymous_6)
FNF:7
FNH:6
FNDA:10,(anonymous_0)
FNDA:8,(anonymous_1)
FNDA:1,(anonymous_2)
FNDA:1,(anonymous_3)
FNDA:0,(anonymous_4)
FNDA:7,(anonymous_5)
FNDA:8,(anonymous_6)
DA:16,4
DA:17,10
DA:18,10
DA:20,10
DA:21,8
DA:29,8
DA:32,10
DA:33,1
DA:34,1
DA:35,0
DA:37,1
DA:38,1
DA:41,10
DA:43,10
DA:44,7
DA:47,10
DA:75,8
LF:17
LH:16
BRDA:33,0,0,1
BRDA:33,0,1,0
BRDA:41,1,0,8
BRDA:41,1,1,2
BRDA:49,2,0,4
BRDA:49,2,1,6
BRF:6
BRH:5
end_of_record
TN:
SF:src/components/Customer/Dashboard/Profile/index.js
FN:5,(anonymous_0)
FNF:1
FNH:1
FNDA:6,(anonymous_0)
DA:5,4
DA:18,6
DA:20,6
LF:3
LH:3
BRF:0
BRH:0
end_of_record
TN:
SF:src/components/Customer/Dashboard/Rewards/index.js
FN:5,(anonymous_0)
FN:22,(anonymous_1)
FN:39,(anonymous_2)
FN:64,(anonymous_3)
FN:71,(anonymous_4)
FN:81,(anonymous_5)
FN:89,(anonymous_6)
FNF:7
FNH:7
FNDA:8,(anonymous_0)
FNDA:8,(anonymous_1)
FNDA:6,(anonymous_2)
FNDA:6,(anonymous_3)
FNDA:5,(anonymous_4)
FNDA:2,(anonymous_5)
FNDA:1,(anonymous_6)
DA:5,4
DA:6,8
DA:22,4
DA:23,8
DA:39,4
DA:40,6
DA:64,4
DA:65,6
DA:71,6
DA:72,5
DA:73,5
DA:77,5
DA:79,5
DA:82,2
DA:83,2
DA:90,1
DA:94,6
LF:17
LH:17
BRF:0
BRH:0
end_of_record
TN:
SF:src/components/HomePage/index.js
FN:9,HomePage
FN:12,(anonymous_1)
FNF:2
FNH:2
FNDA:10,HomePage
FNDA:2,(anonymous_1)
DA:10,10
DA:12,10
DA:13,2
DA:16,10
LF:4
LH:4
BRDA:24,0,0,8
BRDA:24,0,1,2
BRF:2
BRH:2
end_of_record
TN:
SF:src/components/LandingPage/index.js
FN:19,LandingPage
FN:23,(anonymous_1)
FN:32,(anonymous_2)
FN:35,(anonymous_3)
FN:41,(anonymous_4)
FN:44,(anonymous_5)
FN:49,(anonymous_6)
FNF:7
FNH:5
FNDA:12,LandingPage
FNDA:8,(anonymous_1)
FNDA:8,(anonymous_2)
FNDA:0,(anonymous_3)
FNDA:8,(anonymous_4)
FNDA:0,(anonymous_5)
FNDA:8,(anonymous_6)
DA:20,12
DA:21,11
DA:23,11
DA:24,8
DA:25,8
DA:30,8
DA:33,8
DA:36,0
DA:39,8
DA:42,8
DA:45,0
DA:49,11
DA:50,8
DA:53,11
LF:14
LH:12
BRDA:119,0,0,11
BRDA:119,0,1,10
BRDA:130,1,0,11
BRDA:130,1,1,10
BRDA:141,2,0,11
BRDA:141,2,1,10
BRDA:152,3,0,11
BRDA:152,3,1,10
BRDA:163,4,0,11
BRDA:163,4,1,10
BRF:10
BRH:10
end_of_record
TN:
SF:src/components/Login/index.js
FN:9,Login
FN:17,(anonymous_1)
FN:22,(anonymous_2)
FNF:3
FNH:2
FNDA:14,Login
FNDA:0,(anonymous_1)
FNDA:2,(anonymous_2)
DA:10,14
DA:15,14
DA:17,14
DA:18,0
DA:19,0
DA:22,14
DA:23,2
DA:25,2
DA:26,2
DA:27,2
DA:28,2
DA:29,2
DA:30,2
DA:31,2
DA:36,0
DA:37,0
DA:43,14
LF:17
LH:13
BRDA:27,0,0,2
BRDA:27,0,1,0
BRF:2
BRH:1
end_of_record
TN:
SF:src/components/Order/index.js
FN:38,(anonymous_0)
FN:50,Order
FN:74,(anonymous_2)
FN:77,(anonymous_3)
FN:81,(anonymous_4)
FN:87,(anonymous_5)
FN:90,(anonymous_6)
FN:95,(anonymous_7)
FN:108,(anonymous_8)
FN:126,(anonymous_9)
FN:130,(anonymous_10)
FN:134,(anonymous_11)
FN:152,(anonymous_12)
FN:153,(anonymous_13)
FN:160,(anonymous_14)
FN:161,(anonymous_15)
FN:166,(anonymous_16)
FN:170,(anonymous_17)
FN:175,(anonymous_18)
FN:184,(anonymous_19)
FN:190,(anonymous_20)
FN:191,(anonymous_21)
FN:201,(anonymous_22)
FN:213,(anonymous_23)
FN:218,(anonymous_24)
FN:223,(anonymous_25)
FN:233,(anonymous_26)
FN:251,(anonymous_27)
FN:257,(anonymous_28)
FN:258,(anonymous_29)
FN:273,(anonymous_30)
FN:286,(anonymous_31)
FN:292,(anonymous_32)
FN:302,(anonymous_33)
FN:313,(anonymous_34)
FN:320,(anonymous_35)
FN:324,(anonymous_36)
FN:329,(anonymous_37)
FN:332,(anonymous_38)
FN:417,(anonymous_39)
FN:423,(anonymous_40)
FN:439,(anonymous_41)
FN:449,(anonymous_42)
FN:458,(anonymous_43)
FN:563,(anonymous_44)
FNF:45
FNH:30
FNDA:70,(anonymous_0)
FNDA:66,Order
FNDA:21,(anonymous_2)
FNDA:20,(anonymous_3)
FNDA:1,(anonymous_4)
FNDA:21,(anonymous_5)
FNDA:0,(anonymous_6)
FNDA:21,(anonymous_7)
FNDA:3,(anonymous_8)
FNDA:65,(anonymous_9)
FNDA:6,(anonymous_10)
FNDA:31,(anonymous_11)
FNDA:2,(anonymous_12)
FNDA:2,(anonymous_13)
FNDA:2,(anonymous_14)
FNDA:2,(anonymous_15)
FNDA:2,(anonymous_16)
FNDA:3,(anonymous_17)
FNDA:1,(anonymous_18)
FNDA:0,(anonymous_19)
FNDA:0,(anonymous_20)
FNDA:0,(anonymous_21)
FNDA:1,(anonymous_22)
FNDA:1,(anonymous_23)
FNDA:1,(anonymous_24)
FNDA:1,(anonymous_25)
FNDA:0,(anonymous_26)
FNDA:0,(anonymous_27)
FNDA:0,(anonymous_28)
FNDA:0,(anonymous_29)
FNDA:0,(anonymous_30)
FNDA:0,(anonymous_31)
FNDA:0,(anonymous_32)
FNDA:0,(anonymous_33)
FNDA:68,(anonymous_34)
FNDA:0,(anonymous_35)
FNDA:1,(anonymous_36)
FNDA:7,(anonymous_37)
FNDA:2,(anonymous_38)
FNDA:65,(anonymous_39)
FNDA:0,(anonymous_40)
FNDA:2,(anonymous_41)
FNDA:2,(anonymous_42)
FNDA:3,(anonymous_43)
FNDA:0,(anonymous_44)
DA:38,3
DA:39,70
DA:47,70
DA:51,66
DA:52,65
DA:53,65
DA:54,65
DA:55,65
DA:56,65
DA:57,65
DA:58,65
DA:59,65
DA:60,65
DA:61,65
DA:66,65
DA:67,65
DA:68,65
DA:69,65
DA:70,65
DA:71,65
DA:72,65
DA:74,65
DA:75,21
DA:78,20
DA:79,20
DA:82,1
DA:83,1
DA:85,21
DA:88,21
DA:91,0
DA:95,65
DA:96,21
DA:97,21
DA:98,21
DA:102,21
DA:103,21
DA:104,0
DA:108,65
DA:109,3
DA:115,3
DA:116,3
DA:117,3
DA:120,65
DA:126,65
DA:127,65
DA:129,65
DA:130,5
DA:131,6
DA:134,60
DA:135,31
DA:136,31
DA:138,31
DA:139,28
DA:141,3
DA:146,65
DA:147,65
DA:149,65
DA:152,65
DA:153,2
DA:155,2
DA:157,2
DA:160,65
DA:161,2
DA:162,2
DA:163,2
DA:166,65
DA:167,2
DA:170,65
DA:171,3
DA:172,3
DA:175,65
DA:176,1
DA:177,1
DA:182,1
DA:185,0
DA:186,0
DA:190,0
DA:191,0
DA:194,0
DA:199,0
DA:202,1
DA:205,1
DA:209,1
DA:213,65
DA:214,1
DA:215,1
DA:218,65
DA:219,1
DA:220,1
DA:223,65
DA:224,1
DA:225,1
DA:230,1
DA:233,65
DA:234,0
DA:235,0
DA:236,0
DA:241,0
DA:242,0
DA:252,0
DA:253,0
DA:257,0
DA:258,0
DA:259,0
DA:264,0
DA:266,0
DA:271,0
DA:274,0
DA:277,0
DA:281,0
DA:284,0
DA:287,0
DA:288,0
DA:292,0
DA:294,0
DA:299,0
DA:300,0
DA:303,0
DA:304,0
DA:308,0
DA:313,65
DA:314,68
DA:318,65
DA:320,65
DA:321,0
DA:324,65
DA:325,1
DA:326,1
DA:329,65
DA:330,7
DA:332,7
DA:333,2
DA:334,2
DA:336,2
DA:337,1
DA:339,1
DA:343,7
DA:344,7
DA:347,65
DA:418,65
DA:423,0
DA:439,2
DA:449,2
DA:458,3
DA:563,0
LF:145
LH:108
BRDA:52,0,0,0
BRDA:52,0,1,65
BRDA:103,1,0,0
BRDA:103,1,1,21
BRDA:129,2,0,5
BRDA:129,2,1,60
BRDA:138,3,0,28
BRDA:138,3,1,3
BRDA:185,4,0,0
BRDA:185,4,1,0
BRDA:241,5,0,0
BRDA:241,5,1,0
BRDA:252,6,0,0
BRDA:252,6,1,0
BRDA:259,7,0,0
BRDA:259,7,1,0
BRDA:287,8,0,0
BRDA:287,8,1,0
BRDA:287,9,0,0
BRDA:287,9,1,0
BRDA:314,10,0,68
BRDA:314,10,1,68
BRDA:318,11,0,0
BRDA:318,11,1,65
BRDA:330,12,0,5
BRDA:330,12,1,2
BRDA:336,13,0,1
BRDA:336,13,1,1
BRDA:402,14,0,57
BRDA:402,14,1,8
BRDA:466,15,0,65
BRDA:466,15,1,0
BRDA:473,16,0,65
BRDA:473,16,1,1
BRDA:494,17,0,65
BRDA:494,17,1,2
BRDA:534,18,0,2
BRDA:534,18,1,0
BRDA:534,18,2,0
BRF:39
BRH:21
end_of_record
TN:
SF:src/components/Order/CustomerDetailsModal/index.js
FN:13,CustomerDetailsModal
FN:17,(anonymous_1)
FN:28,(anonymous_2)
FN:32,(anonymous_3)
FNF:4
FNH:4
FNDA:73,CustomerDetailsModal
FNDA:25,(anonymous_1)
FNDA:3,(anonymous_2)
FNDA:1,(anonymous_3)
DA:14,73
DA:15,73
DA:17,73
DA:18,25
DA:19,4
DA:20,4
DA:21,4
DA:26,4
DA:29,3
DA:30,3
DA:33,1
DA:34,1
DA:39,73
LF:13
LH:13
BRDA:18,0,0,4
BRDA:18,0,1,21
BRDA:18,1,0,25
BRDA:18,1,1,4
BRDA:43,2,0,4
BRDA:43,2,1,69
BRDA:48,3,0,69
BRDA:48,3,1,0
BRF:8
BRH:7
end_of_record
TN:
SF:src/components/Order/OrderItemsList/index.js
FN:4,OrderItemsList
FN:19,(anonymous_1)
FNF:2
FNH:2
FNDA:1,OrderItemsList
FNDA:2,(anonymous_1)
DA:5,1
DA:15,1
DA:20,2
LF:3
LH:3
BRF:0
BRH:0
end_of_record
TN:
SF:src/components/Order/OrderModal/index.js
FN:31,(anonymous_0)
FN:54,(anonymous_1)
FN:64,(anonymous_2)
FN:75,(anonymous_3)
FN:84,(anonymous_4)
FN:100,(anonymous_5)
FN:105,(anonymous_6)
FN:139,(anonymous_7)
FN:140,(anonymous_8)
FN:144,(anonymous_9)
FN:159,(anonymous_10)
FN:187,(anonymous_11)
FN:200,(anonymous_12)
FN:214,(anonymous_13)
FN:234,(anonymous_14)
FN:237,(anonymous_15)
FN:255,(anonymous_16)
FN:287,(anonymous_17)
FN:295,(anonymous_18)
FN:314,(anonymous_19)
FN:327,(anonymous_20)
FNF:21
FNH:15
FNDA:102,(anonymous_0)
FNDA:19,(anonymous_1)
FNDA:41,(anonymous_2)
FNDA:16,(anonymous_3)
FNDA:16,(anonymous_4)
FNDA:5,(anonymous_5)
FNDA:0,(anonymous_6)
FNDA:1,(anonymous_7)
FNDA:2,(anonymous_8)
FNDA:4,(anonymous_9)
FNDA:0,(anonymous_10)
FNDA:0,(anonymous_11)
FNDA:0,(anonymous_12)
FNDA:0,(anonymous_13)
FNDA:0,(anonymous_14)
FNDA:114,(anonymous_15)
FNDA:2,(anonymous_16)
FNDA:38,(anonymous_17)
FNDA:1,(anonymous_18)
FNDA:80,(anonymous_19)
FNDA:4,(anonymous_20)
DA:31,4
DA:43,102
DA:44,102
DA:45,102
DA:46,102
DA:47,102
DA:48,102
DA:49,102
DA:50,102
DA:52,102
DA:54,102
DA:55,19
DA:56,19
DA:57,19
DA:58,19
DA:59,19
DA:60,19
DA:61,19
DA:64,102
DA:65,41
DA:66,19
DA:67,19
DA:68,9
DA:70,10
DA:75,102
DA:76,16
DA:77,16
DA:78,16
DA:80,0
DA:84,102
DA:85,16
DA:86,16
DA:88,10
DA:90,2
DA:92,2
DA:94,2
DA:96,0
DA:100,102
DA:101,5
DA:102,0
DA:104,0
DA:105,0
DA:108,0
DA:109,0
DA:110,0
DA:111,0
DA:113,0
DA:119,0
DA:122,0
DA:123,0
DA:124,0
DA:126,5
DA:127,5
DA:129,5
DA:130,3
DA:131,2
DA:132,0
DA:134,2
DA:139,102
DA:140,2
DA:141,1
DA:144,102
DA:145,4
DA:146,4
DA:147,4
DA:148,4
DA:149,4
DA:150,4
DA:152,4
DA:153,4
DA:155,4
DA:156,2
DA:157,0
DA:158,0
DA:159,0
DA:162,2
DA:163,2
DA:164,2
DA:165,2
DA:166,2
DA:167,2
DA:173,102
DA:187,0
DA:200,0
DA:214,0
DA:234,0
DA:238,114
DA:255,2
DA:288,38
DA:295,1
DA:315,80
DA:327,4
LF:92
LH:70
BRDA:65,0,0,19
BRDA:65,0,1,22
BRDA:67,1,0,9
BRDA:67,1,1,10
BRDA:77,2,0,16
BRDA:77,2,1,0
BRDA:86,3,0,10
BRDA:86,3,1,2
BRDA:86,3,2,2
BRDA:86,3,3,2
BRDA:86,3,4,0
BRDA:101,4,0,0
BRDA:101,4,1,5
BRDA:101,5,0,5
BRDA:101,5,1,0
BRDA:108,6,0,0
BRDA:108,6,1,0
BRDA:126,7,0,5
BRDA:126,7,1,0
BRDA:129,8,0,3
BRDA:129,8,1,2
BRDA:131,9,0,0
BRDA:131,9,1,2
BRDA:147,10,0,4
BRDA:147,10,1,4
BRDA:148,11,0,4
BRDA:148,11,1,0
BRDA:149,12,0,4
BRDA:149,12,1,0
BRDA:149,13,0,4
BRDA:149,13,1,3
BRDA:155,14,0,2
BRDA:155,14,1,2
BRDA:156,15,0,0
BRDA:156,15,1,2
BRDA:156,16,0,2
BRDA:156,16,1,0
BRDA:156,16,2,0
BRDA:163,17,0,2
BRDA:163,17,1,0
BRDA:175,18,0,16
BRDA:175,18,1,86
BRDA:189,19,0,102
BRDA:189,19,1,3
BRDA:205,20,0,102
BRDA:205,20,1,0
BRDA:220,21,0,102
BRDA:220,21,1,0
BRDA:223,22,0,102
BRDA:223,22,1,86
BRDA:243,23,0,86
BRDA:243,23,1,11
BRDA:259,24,0,86
BRDA:259,24,1,7
BRDA:275,25,0,19
BRDA:275,25,1,67
BRDA:312,26,0,102
BRDA:312,26,1,16
BRDA:325,27,0,102
BRDA:325,27,1,0
BRDA:331,28,0,16
BRDA:331,28,1,86
BRF:62
BRH:45
end_of_record
TN:
SF:src/components/Register/index.js
FN:9,Register
FN:19,(anonymous_1)
FN:24,(anonymous_2)
FN:29,(anonymous_3)
FNF:4
FNH:4
FNDA:11,Register
FNDA:4,(anonymous_1)
FNDA:3,(anonymous_2)
FNDA:3,(anonymous_3)
DA:10,11
DA:17,11
DA:19,11
DA:20,4
DA:21,4
DA:24,11
DA:25,3
DA:26,3
DA:29,11
DA:30,3
DA:32,3
DA:33,2
DA:37,2
DA:40,1
DA:41,1
DA:42,1
DA:43,1
DA:44,1
DA:45,1
DA:46,1
DA:52,0
DA:53,0
DA:60,11
LF:23
LH:21
BRDA:32,0,0,2
BRDA:32,0,1,1
BRDA:42,1,0,1
BRDA:42,1,1,0
BRF:4
BRH:3
end_of_record
TN:
SF:src/components/Reward/index.js
FN:20,(anonymous_0)
FN:32,Reward
FN:40,(anonymous_2)
FN:49,(anonymous_3)
FN:53,(anonymous_4)
FN:59,(anonymous_5)
FN:63,(anonymous_6)
FN:67,(anonymous_7)
FN:81,(anonymous_8)
FN:88,(anonymous_9)
FN:92,(anonymous_10)
FN:97,(anonymous_11)
FN:104,(anonymous_12)
FN:108,(anonymous_13)
FN:175,(anonymous_14)
FNF:15
FNH:14
FNDA:14,(anonymous_0)
FNDA:27,Reward
FNDA:10,(anonymous_2)
FNDA:8,(anonymous_3)
FNDA:2,(anonymous_4)
FNDA:2,(anonymous_5)
FNDA:3,(anonymous_6)
FNDA:2,(anonymous_7)
FNDA:16,(anonymous_8)
FNDA:0,(anonymous_9)
FNDA:2,(anonymous_10)
FNDA:26,(anonymous_11)
FNDA:6,(anonymous_12)
FNDA:5,(anonymous_13)
FNDA:13,(anonymous_14)
DA:20,3
DA:21,14
DA:29,14
DA:33,27
DA:34,26
DA:35,26
DA:36,26
DA:37,26
DA:38,26
DA:40,26
DA:41,10
DA:42,10
DA:47,10
DA:50,8
DA:51,8
DA:54,2
DA:55,2
DA:59,26
DA:60,2
DA:63,26
DA:64,3
DA:65,3
DA:67,3
DA:68,2
DA:69,2
DA:71,2
DA:72,0
DA:74,2
DA:78,3
DA:81,26
DA:82,16
DA:86,26
DA:88,26
DA:89,0
DA:92,26
DA:93,2
DA:94,2
DA:97,26
DA:98,26
DA:99,26
DA:101,26
DA:103,26
DA:104,5
DA:105,6
DA:108,21
DA:109,5
DA:110,5
DA:112,5
DA:113,3
DA:115,2
DA:120,26
DA:124,26
DA:176,13
LF:53
LH:51
BRDA:64,0,0,3
BRDA:64,0,1,0
BRDA:71,1,0,0
BRDA:71,1,1,2
BRDA:86,2,0,0
BRDA:86,2,1,26
BRDA:103,3,0,5
BRDA:103,3,1,21
BRDA:112,4,0,3
BRDA:112,4,1,2
BRDA:165,5,0,22
BRDA:165,5,1,4
BRDA:184,6,0,26
BRDA:184,6,1,0
BRDA:191,7,0,26
BRDA:191,7,1,2
BRF:16
BRH:12
end_of_record
TN:
SF:src/components/common/Navbar.js
FN:17,Navbar
FN:21,(anonymous_1)
FN:25,(anonymous_2)
FN:29,(anonymous_3)
FN:33,(anonymous_4)
FNF:5
FNH:5
FNDA:156,Navbar
FNDA:1,(anonymous_1)
FNDA:1,(anonymous_2)
FNDA:1,(anonymous_3)
FNDA:1,(anonymous_4)
DA:18,156
DA:19,156
DA:21,156
DA:22,1
DA:25,156
DA:26,1
DA:29,156
DA:30,1
DA:33,156
DA:34,1
DA:35,1
DA:36,1
DA:41,156
LF:13
LH:13
BRF:0
BRH:0
end_of_record
TN:
SF:src/service/AuthContext.js
FN:5,AuthProvider
FN:8,(anonymous_1)
FN:12,(anonymous_2)
FN:23,useAuth
FNF:4
FNH:4
FNDA:3,AuthProvider
FNDA:1,(anonymous_1)
FNDA:1,(anonymous_2)
FNDA:3,useAuth
DA:3,1
DA:6,3
DA:8,3
DA:9,1
DA:12,3
DA:13,1
DA:16,3
DA:24,3
LF:8
LH:8
BRF:0
BRH:0
end_of_record
TN:
SF:src/service/Authentication.js
FN:6,getCSRFToken
FN:23,(anonymous_1)
FN:32,(anonymous_2)
FNF:3
FNH:3
FNDA:1,getCSRFToken
FNDA:5,(anonymous_1)
FNDA:2,(anonymous_2)
DA:4,1
DA:7,1
DA:8,1
DA:9,1
DA:10,1
DA:11,0
DA:14,1
DA:17,1
DA:19,1
DA:23,1
DA:24,5
DA:25,5
DA:26,2
DA:28,3
DA:32,1
DA:33,2
DA:34,2
DA:35,1
DA:37,1
LF:19
LH:18
BRDA:10,0,0,0
BRDA:10,0,1,1
BRF:2
BRH:1
end_of_record
