<?xml version="1.0" encoding="UTF-8"?>
<testsuite xmlns:xsi="http://www.w3.org/2001/XMLSchema-instance" xsi:noNamespaceSchemaLocation="https://maven.apache.org/surefire/maven-surefire-plugin/xsd/surefire-test-report-3.0.xsd" version="3.0" name="com.lalith.customer.servicetests.OrderServiceTests" time="0.122" tests="9" errors="0" skipped="0" failures="2">
  <properties>
[...]
</properties>
  <testcase name="testGetOrderByOrderNo" classname="com.lalith.customer.servicetests.OrderServiceTests" time="0.104">
    <system-out><![CDATA[Order(orderKey=null, orderNo=ORDER123, reward=Reward(rewardsKey=null, rewardsId=REWARD123, orderNo=ORDER123, customerId=CUSTOMER123, rewardsEarned=10.0, rewardsRedeemed=0.0, rewardsDate=2023-10-02T23:29:30.877419), orderItems=null, customerId=CUSTOMER123, orderDate=2023-10-02T23:29:30.877423, orderStatus=Created, totalItems=1, orderTotal=10.0, currency=INR, lastModifiedTS=2023-10-02T23:29:30.877401, customerPhoneNo=9876512340)order
]]></system-out>
  </testcase>
  <testcase name="testDeleteOrder" classname="com.lalith.customer.servicetests.OrderServiceTests" time="0.002">
    <system-out><![CDATA[Order(orderKey=null, orderNo=ORDER123, reward=Reward(rewardsKey=null, rewardsId=REWARD123, orderNo=ORDER123, customerId=CUSTOMER123, rewardsEarned=10.0, rewardsRedeemed=0.0, rewardsDate=2023-10-02T23:29:30.884748), orderItems=null, customerId=CUSTOMER123, orderDate=2023-10-02T23:29:30.884752, orderStatus=Created, totalItems=1, orderTotal=10.0, currency=INR, lastModifiedTS=2023-10-02T23:29:30.884742, customerPhoneNo=9876512340)order
]]></system-out>
  </testcase>
  <testcase name="testUpdateOrder" classname="com.lalith.customer.servicetests.OrderServiceTests" time="0.002">
    <system-out><![CDATA[Order(orderKey=null, orderNo=ORDER123, reward=Reward(rewardsKey=null, rewardsId=REWARD123, orderNo=ORDER123, customerId=CUSTOMER123, rewardsEarned=10.0, rewardsRedeemed=0.0, rewardsDate=2023-10-02T23:29:30.886560), orderItems=null, customerId=CUSTOMER123, orderDate=2023-10-02T23:29:30.886563, orderStatus=Created, totalItems=1, orderTotal=10.0, currency=INR, lastModifiedTS=2023-10-02T23:29:30.886554, customerPhoneNo=9876512340)order
Order(orderKey=null, orderNo=ORDER123, reward=Reward(rewardsKey=null, rewardsId=REWARD123, orderNo=ORDER123, customerId=CUSTOMER123, rewardsEarned=10.0, rewardsRedeemed=0.0, rewardsDate=2023-10-02T23:29:30.886708), orderItems=null, customerId=CUSTOMER123, orderDate=2023-10-02T23:29:30.886710, orderStatus=Created, totalItems=1, orderTotal=10.0, currency=INR, lastModifiedTS=2023-10-02T23:29:30.886704, customerPhoneNo=9876512340)order
]]></system-out>
  </testcase>
  <testcase name="testGetOrdersByPhoneNo" classname="com.lalith.customer.servicetests.OrderServiceTests" time="0.001">
    <system-out><![CDATA[Order(orderKey=null, orderNo=ORDER123, reward=Reward(rewardsKey=null, rewardsId=REWARD123, orderNo=ORDER123, customerId=CUSTOMER123, rewardsEarned=10.0, rewardsRedeemed=0.0, rewardsDate=2023-10-02T23:29:30.888316), orderItems=null, customerId=CUSTOMER123, orderDate=2023-10-02T23:29:30.888318, orderStatus=Created, totalItems=1, orderTotal=10.0, currency=INR, lastModifiedTS=2023-10-02T23:29:30.888311, customerPhoneNo=9876512340)order
Order(orderKey=null, orderNo=ORDER456, reward=Reward(rewardsKey=null, rewardsId=REWARD123, orderNo=ORDER123, customerId=CUSTOMER123, rewardsEarned=10.0, rewardsRedeemed=0.0, rewardsDate=2023-10-02T23:29:30.888383), orderItems=null, customerId=CUSTOMER123, orderDate=2023-10-02T23:29:30.888386, orderStatus=Created, totalItems=1, orderTotal=10.0, currency=INR, lastModifiedTS=2023-10-02T23:29:30.888380, customerPhoneNo=9876512340)order
]]></system-out>
  </testcase>
  <testcase name="testGenerateOrderNo" classname="com.lalith.customer.servicetests.OrderServiceTests" time="0.001"/>
  <testcase name="testCreateOrderWithRedeem" classname="com.lalith.customer.servicetests.OrderServiceTests" time="0.005">
    <failure message="expected: not &lt;null&gt;" type="org.opentest4j.AssertionFailedError"><![CDATA[org.opentest4j.AssertionFailedError: expected: not <null>
	at org.junit.jupiter.api.AssertionFailureBuilder.build(AssertionFailureBuilder.java:152)
	at org.junit.jupiter.api.AssertionFailureBuilder.buildAndThrow(AssertionFailureBuilder.java:132)
	at org.junit.jupiter.api.AssertNotNull.failNull(AssertNotNull.java:49)
	at org.junit.jupiter.api.AssertNotNull.assertNotNull(AssertNotNull.java:35)
	at org.junit.jupiter.api.AssertNotNull.assertNotNull(AssertNotNull.java:30)
	at org.junit.jupiter.api.Assertions.assertNotNull(Assertions.java:301)
	at com.lalith.customer.servicetests.OrderServiceTests.testCreateOrderWithRedeem(OrderServiceTests.java:111)
	at java.base/jdk.internal.reflect.DirectMethodHandleAccessor.invoke(DirectMethodHandleAccessor.java:104)
	at java.base/java.lang.reflect.Method.invoke(Method.java:578)
	at org.junit.platform.commons.util.ReflectionUtils.invokeMethod(ReflectionUtils.java:727)
	at org.junit.jupiter.engine.execution.MethodInvocation.proceed(MethodInvocation.java:60)
	at org.junit.jupiter.engine.execution.InvocationInterceptorChain$ValidatingInvocation.proceed(InvocationInterceptorChain.java:131)
	at org.junit.jupiter.engine.extension.TimeoutExtension.intercept(TimeoutExtension.java:156)
	at org.junit.jupiter.engine.extension.TimeoutExtension.interceptTestableMethod(TimeoutExtension.java:147)
	at org.junit.jupiter.engine.extension.TimeoutExtension.interceptTestMethod(TimeoutExtension.java:86)
	at org.junit.jupiter.engine.execution.InterceptingExecutableInvoker$ReflectiveInterceptorCall.lambda$ofVoidMethod$0(InterceptingExecutableInvoker.java:103)
	at org.junit.jupiter.engine.execution.InterceptingExecutableInvoker.lambda$invoke$0(InterceptingExecutableInvoker.java:93)
	at org.junit.jupiter.engine.execution.InvocationInterceptorChain$InterceptedInvocation.proceed(InvocationInterceptorChain.java:106)
	at org.junit.jupiter.engine.execution.InvocationInterceptorChain.proceed(InvocationInterceptorChain.java:64)
	at org.junit.jupiter.engine.execution.InvocationInterceptorChain.chainAndInvoke(InvocationInterceptorChain.java:45)
	at org.junit.jupiter.engine.execution.InvocationInterceptorChain.invoke(InvocationInterceptorChain.java:37)
	at org.junit.jupiter.engine.execution.InterceptingExecutableInvoker.invoke(InterceptingExecutableInvoker.java:92)
	at org.junit.jupiter.engine.execution.InterceptingExecutableInvoker.invoke(InterceptingExecutableInvoker.java:86)
	at org.junit.jupiter.engine.descriptor.TestMethodTestDescriptor.lambda$invokeTestMethod$7(TestMethodTestDescriptor.java:217)
	at org.junit.platform.engine.support.hierarchical.ThrowableCollector.execute(ThrowableCollector.java:73)
	at org.junit.jupiter.engine.descriptor.TestMethodTestDescriptor.invokeTestMethod(TestMethodTestDescriptor.java:213)
	at org.junit.jupiter.engine.descriptor.TestMethodTestDescriptor.execute(TestMethodTestDescriptor.java:138)
	at org.junit.jupiter.engine.descriptor.TestMethodTestDescriptor.execute(TestMethodTestDescriptor.java:68)
	at org.junit.platform.engine.support.hierarchical.NodeTestTask.lambda$executeRecursively$6(NodeTestTask.java:151)
	at org.junit.platform.engine.support.hierarchical.ThrowableCollector.execute(ThrowableCollector.java:73)
	at org.junit.platform.engine.support.hierarchical.NodeTestTask.lambda$executeRecursively$8(NodeTestTask.java:141)
	at org.junit.platform.engine.support.hierarchical.Node.around(Node.java:137)
	at org.junit.platform.engine.support.hierarchical.NodeTestTask.lambda$executeRecursively$9(NodeTestTask.java:139)
	at org.junit.platform.engine.support.hierarchical.ThrowableCollector.execute(ThrowableCollector.java:73)
	at org.junit.platform.engine.support.hierarchical.NodeTestTask.executeRecursively(NodeTestTask.java:138)
	at org.junit.platform.engine.support.hierarchical.NodeTestTask.execute(NodeTestTask.java:95)
	at java.base/java.util.ArrayList.forEach(ArrayList.java:1511)
	at org.junit.platform.engine.support.hierarchical.SameThreadHierarchicalTestExecutorService.invokeAll(SameThreadHierarchicalTestExecutorService.java:41)
	at org.junit.platform.engine.support.hierarchical.NodeTestTask.lambda$executeRecursively$6(NodeTestTask.java:155)
	at org.junit.platform.engine.support.hierarchical.ThrowableCollector.execute(ThrowableCollector.java:73)
	at org.junit.platform.engine.support.hierarchical.NodeTestTask.lambda$executeRecursively$8(NodeTestTask.java:141)
	at org.junit.platform.engine.support.hierarchical.Node.around(Node.java:137)
	at org.junit.platform.engine.support.hierarchical.NodeTestTask.lambda$executeRecursively$9(NodeTestTask.java:139)
	at org.junit.platform.engine.support.hierarchical.ThrowableCollector.execute(ThrowableCollector.java:73)
	at org.junit.platform.engine.support.hierarchical.NodeTestTask.executeRecursively(NodeTestTask.java:138)
	at org.junit.platform.engine.support.hierarchical.NodeTestTask.execute(NodeTestTask.java:95)
	at java.base/java.util.ArrayList.forEach(ArrayList.java:1511)
	at org.junit.platform.engine.support.hierarchical.SameThreadHierarchicalTestExecutorService.invokeAll(SameThreadHierarchicalTestExecutorService.java:41)
	at org.junit.platform.engine.support.hierarchical.NodeTestTask.lambda$executeRecursively$6(NodeTestTask.java:155)
	at org.junit.platform.engine.support.hierarchical.ThrowableCollector.execute(ThrowableCollector.java:73)
	at org.junit.platform.engine.support.hierarchical.NodeTestTask.lambda$executeRecursively$8(NodeTestTask.java:141)
	at org.junit.platform.engine.support.hierarchical.Node.around(Node.java:137)
	at org.junit.platform.engine.support.hierarchical.NodeTestTask.lambda$executeRecursively$9(NodeTestTask.java:139)
	at org.junit.platform.engine.support.hierarchical.ThrowableCollector.execute(ThrowableCollector.java:73)
	at org.junit.platform.engine.support.hierarchical.NodeTestTask.executeRecursively(NodeTestTask.java:138)
	at org.junit.platform.engine.support.hierarchical.NodeTestTask.execute(NodeTestTask.java:95)
	at org.junit.platform.engine.support.hierarchical.SameThreadHierarchicalTestExecutorService.submit(SameThreadHierarchicalTestExecutorService.java:35)
	at org.junit.platform.engine.support.hierarchical.HierarchicalTestExecutor.execute(HierarchicalTestExecutor.java:57)
	at org.junit.platform.engine.support.hierarchical.HierarchicalTestEngine.execute(HierarchicalTestEngine.java:54)
	at org.junit.platform.launcher.core.EngineExecutionOrchestrator.execute(EngineExecutionOrchestrator.java:147)
	at org.junit.platform.launcher.core.EngineExecutionOrchestrator.execute(EngineExecutionOrchestrator.java:127)
	at org.junit.platform.launcher.core.EngineExecutionOrchestrator.execute(EngineExecutionOrchestrator.java:90)
	at org.junit.platform.launcher.core.EngineExecutionOrchestrator.lambda$execute$0(EngineExecutionOrchestrator.java:55)
	at org.junit.platform.launcher.core.EngineExecutionOrchestrator.withInterceptedStreams(EngineExecutionOrchestrator.java:102)
	at org.junit.platform.launcher.core.EngineExecutionOrchestrator.execute(EngineExecutionOrchestrator.java:54)
	at org.junit.platform.launcher.core.DefaultLauncher.execute(DefaultLauncher.java:114)
	at org.junit.platform.launcher.core.DefaultLauncher.execute(DefaultLauncher.java:86)
	at org.junit.platform.launcher.core.DefaultLauncherSession$DelegatingLauncher.execute(DefaultLauncherSession.java:86)
	at org.apache.maven.surefire.junitplatform.LazyLauncher.execute(LazyLauncher.java:50)
	at org.apache.maven.surefire.junitplatform.JUnitPlatformProvider.execute(JUnitPlatformProvider.java:184)
	at org.apache.maven.surefire.junitplatform.JUnitPlatformProvider.invokeAllTests(JUnitPlatformProvider.java:148)
	at org.apache.maven.surefire.junitplatform.JUnitPlatformProvider.invoke(JUnitPlatformProvider.java:122)
	at org.apache.maven.surefire.booter.ForkedBooter.runSuitesInProcess(ForkedBooter.java:385)
	at org.apache.maven.surefire.booter.ForkedBooter.execute(ForkedBooter.java:162)
	at org.apache.maven.surefire.booter.ForkedBooter.run(ForkedBooter.java:507)
	at org.apache.maven.surefire.booter.ForkedBooter.main(ForkedBooter.java:495)
]]></failure>
    <system-out><![CDATA[Customer(customerKey=null, customerId=CUSTOMER123, firstName=null, lastName=null, addressLine1=null, addressLine2=null, city=null, state=null, zipCode=null, country=null, phoneNo=1234567890, emailId=null, status=Active)customer
Item(itemId=ITEM123, itemName=Item 123, itemPrice=10.0)item
Order(orderKey=null, orderNo=0RDER123, reward=Reward(rewardsKey=null, rewardsId=REWARD123, orderNo=ORDER123, customerId=CUSTOMER123, rewardsEarned=10.0, rewardsRedeemed=0.0, rewardsDate=2023-10-02T23:29:30.894918), orderItems=null, customerId=CUSTOMER123, orderDate=2023-10-02T23:29:30.894920, orderStatus=Created, totalItems=1, orderTotal=10.0, currency=INR, lastModifiedTS=2023-10-02T23:29:30.894914, customerPhoneNo=9876512340)order
OrderItem(itemId=ITEM123, itemName=Item 123, quantity=1)
null
]]></system-out>
  </testcase>
  <testcase name="testGetOrdersByCustomerId" classname="com.lalith.customer.servicetests.OrderServiceTests" time="0.001">
    <system-out><![CDATA[Order(orderKey=null, orderNo=ORDER123, reward=Reward(rewardsKey=null, rewardsId=REWARD123, orderNo=ORDER123, customerId=CUSTOMER123, rewardsEarned=10.0, rewardsRedeemed=0.0, rewardsDate=2023-10-02T23:29:30.897269), orderItems=null, customerId=CUSTOMER123, orderDate=2023-10-02T23:29:30.897272, orderStatus=Created, totalItems=1, orderTotal=10.0, currency=INR, lastModifiedTS=2023-10-02T23:29:30.897263, customerPhoneNo=9876512340)order
Order(orderKey=null, orderNo=ORDER456, reward=Reward(rewardsKey=null, rewardsId=REWARD123, orderNo=ORDER123, customerId=CUSTOMER123, rewardsEarned=10.0, rewardsRedeemed=0.0, rewardsDate=2023-10-02T23:29:30.897342), orderItems=null, customerId=CUSTOMER123, orderDate=2023-10-02T23:29:30.897344, orderStatus=Created, totalItems=1, orderTotal=10.0, currency=INR, lastModifiedTS=2023-10-02T23:29:30.897339, customerPhoneNo=9876512340)order
]]></system-out>
  </testcase>
  <testcase name="testGetAllOrders" classname="com.lalith.customer.servicetests.OrderServiceTests" time="0.001">
    <system-out><![CDATA[Order(orderKey=null, orderNo=ORDER123, reward=Reward(rewardsKey=null, rewardsId=REWARD123, orderNo=ORDER123, customerId=CUSTOMER123, rewardsEarned=10.0, rewardsRedeemed=0.0, rewardsDate=2023-10-02T23:29:30.898748), orderItems=null, customerId=CUSTOMER123, orderDate=2023-10-02T23:29:30.898751, orderStatus=Created, totalItems=1, orderTotal=10.0, currency=INR, lastModifiedTS=2023-10-02T23:29:30.898744, customerPhoneNo=9876512340)order
Order(orderKey=null, orderNo=ORDER456, reward=Reward(rewardsKey=null, rewardsId=REWARD123, orderNo=ORDER123, customerId=CUSTOMER123, rewardsEarned=10.0, rewardsRedeemed=0.0, rewardsDate=2023-10-02T23:29:30.898817), orderItems=null, customerId=CUSTOMER123, orderDate=2023-10-02T23:29:30.898819, orderStatus=Created, totalItems=1, orderTotal=10.0, currency=INR, lastModifiedTS=2023-10-02T23:29:30.898811, customerPhoneNo=9876512340)order
]]></system-out>
  </testcase>
  <testcase name="testCreateOrderWithoutRedeem" classname="com.lalith.customer.servicetests.OrderServiceTests" time="0.001">
    <failure message="expected: not &lt;null&gt;" type="org.opentest4j.AssertionFailedError"><![CDATA[org.opentest4j.AssertionFailedError: expected: not <null>
	at org.junit.jupiter.api.AssertionFailureBuilder.build(AssertionFailureBuilder.java:152)
	at org.junit.jupiter.api.AssertionFailureBuilder.buildAndThrow(AssertionFailureBuilder.java:132)
	at org.junit.jupiter.api.AssertNotNull.failNull(AssertNotNull.java:49)
	at org.junit.jupiter.api.AssertNotNull.assertNotNull(AssertNotNull.java:35)
	at org.junit.jupiter.api.AssertNotNull.assertNotNull(AssertNotNull.java:30)
	at org.junit.jupiter.api.Assertions.assertNotNull(Assertions.java:301)
	at com.lalith.customer.servicetests.OrderServiceTests.testCreateOrderWithoutRedeem(OrderServiceTests.java:82)
	at java.base/jdk.internal.reflect.DirectMethodHandleAccessor.invoke(DirectMethodHandleAccessor.java:104)
	at java.base/java.lang.reflect.Method.invoke(Method.java:578)
	at org.junit.platform.commons.util.ReflectionUtils.invokeMethod(ReflectionUtils.java:727)
	at org.junit.jupiter.engine.execution.MethodInvocation.proceed(MethodInvocation.java:60)
	at org.junit.jupiter.engine.execution.InvocationInterceptorChain$ValidatingInvocation.proceed(InvocationInterceptorChain.java:131)
	at org.junit.jupiter.engine.extension.TimeoutExtension.intercept(TimeoutExtension.java:156)
	at org.junit.jupiter.engine.extension.TimeoutExtension.interceptTestableMethod(TimeoutExtension.java:147)
	at org.junit.jupiter.engine.extension.TimeoutExtension.interceptTestMethod(TimeoutExtension.java:86)
	at org.junit.jupiter.engine.execution.InterceptingExecutableInvoker$ReflectiveInterceptorCall.lambda$ofVoidMethod$0(InterceptingExecutableInvoker.java:103)
	at org.junit.jupiter.engine.execution.InterceptingExecutableInvoker.lambda$invoke$0(InterceptingExecutableInvoker.java:93)
	at org.junit.jupiter.engine.execution.InvocationInterceptorChain$InterceptedInvocation.proceed(InvocationInterceptorChain.java:106)
	at org.junit.jupiter.engine.execution.InvocationInterceptorChain.proceed(InvocationInterceptorChain.java:64)
	at org.junit.jupiter.engine.execution.InvocationInterceptorChain.chainAndInvoke(InvocationInterceptorChain.java:45)
	at org.junit.jupiter.engine.execution.InvocationInterceptorChain.invoke(InvocationInterceptorChain.java:37)
	at org.junit.jupiter.engine.execution.InterceptingExecutableInvoker.invoke(InterceptingExecutableInvoker.java:92)
	at org.junit.jupiter.engine.execution.InterceptingExecutableInvoker.invoke(InterceptingExecutableInvoker.java:86)
	at org.junit.jupiter.engine.descriptor.TestMethodTestDescriptor.lambda$invokeTestMethod$7(TestMethodTestDescriptor.java:217)
	at org.junit.platform.engine.support.hierarchical.ThrowableCollector.execute(ThrowableCollector.java:73)
	at org.junit.jupiter.engine.descriptor.TestMethodTestDescriptor.invokeTestMethod(TestMethodTestDescriptor.java:213)
	at org.junit.jupiter.engine.descriptor.TestMethodTestDescriptor.execute(TestMethodTestDescriptor.java:138)
	at org.junit.jupiter.engine.descriptor.TestMethodTestDescriptor.execute(TestMethodTestDescriptor.java:68)
	at org.junit.platform.engine.support.hierarchical.NodeTestTask.lambda$executeRecursively$6(NodeTestTask.java:151)
	at org.junit.platform.engine.support.hierarchical.ThrowableCollector.execute(ThrowableCollector.java:73)
	at org.junit.platform.engine.support.hierarchical.NodeTestTask.lambda$executeRecursively$8(NodeTestTask.java:141)
	at org.junit.platform.engine.support.hierarchical.Node.around(Node.java:137)
	at org.junit.platform.engine.support.hierarchical.NodeTestTask.lambda$executeRecursively$9(NodeTestTask.java:139)
	at org.junit.platform.engine.support.hierarchical.ThrowableCollector.execute(ThrowableCollector.java:73)
	at org.junit.platform.engine.support.hierarchical.NodeTestTask.executeRecursively(NodeTestTask.java:138)
	at org.junit.platform.engine.support.hierarchical.NodeTestTask.execute(NodeTestTask.java:95)
	at java.base/java.util.ArrayList.forEach(ArrayList.java:1511)
	at org.junit.platform.engine.support.hierarchical.SameThreadHierarchicalTestExecutorService.invokeAll(SameThreadHierarchicalTestExecutorService.java:41)
	at org.junit.platform.engine.support.hierarchical.NodeTestTask.lambda$executeRecursively$6(NodeTestTask.java:155)
	at org.junit.platform.engine.support.hierarchical.ThrowableCollector.execute(ThrowableCollector.java:73)
	at org.junit.platform.engine.support.hierarchical.NodeTestTask.lambda$executeRecursively$8(NodeTestTask.java:141)
	at org.junit.platform.engine.support.hierarchical.Node.around(Node.java:137)
	at org.junit.platform.engine.support.hierarchical.NodeTestTask.lambda$executeRecursively$9(NodeTestTask.java:139)
	at org.junit.platform.engine.support.hierarchical.ThrowableCollector.execute(ThrowableCollector.java:73)
	at org.junit.platform.engine.support.hierarchical.NodeTestTask.executeRecursively(NodeTestTask.java:138)
	at org.junit.platform.engine.support.hierarchical.NodeTestTask.execute(NodeTestTask.java:95)
	at java.base/java.util.ArrayList.forEach(ArrayList.java:1511)
	at org.junit.platform.engine.support.hierarchical.SameThreadHierarchicalTestExecutorService.invokeAll(SameThreadHierarchicalTestExecutorService.java:41)
	at org.junit.platform.engine.support.hierarchical.NodeTestTask.lambda$executeRecursively$6(NodeTestTask.java:155)
	at org.junit.platform.engine.support.hierarchical.ThrowableCollector.execute(ThrowableCollector.java:73)
	at org.junit.platform.engine.support.hierarchical.NodeTestTask.lambda$executeRecursively$8(NodeTestTask.java:141)
	at org.junit.platform.engine.support.hierarchical.Node.around(Node.java:137)
	at org.junit.platform.engine.support.hierarchical.NodeTestTask.lambda$executeRecursively$9(NodeTestTask.java:139)
	at org.junit.platform.engine.support.hierarchical.ThrowableCollector.execute(ThrowableCollector.java:73)
	at org.junit.platform.engine.support.hierarchical.NodeTestTask.executeRecursively(NodeTestTask.java:138)
	at org.junit.platform.engine.support.hierarchical.NodeTestTask.execute(NodeTestTask.java:95)
	at org.junit.platform.engine.support.hierarchical.SameThreadHierarchicalTestExecutorService.submit(SameThreadHierarchicalTestExecutorService.java:35)
	at org.junit.platform.engine.support.hierarchical.HierarchicalTestExecutor.execute(HierarchicalTestExecutor.java:57)
	at org.junit.platform.engine.support.hierarchical.HierarchicalTestEngine.execute(HierarchicalTestEngine.java:54)
	at org.junit.platform.launcher.core.EngineExecutionOrchestrator.execute(EngineExecutionOrchestrator.java:147)
	at org.junit.platform.launcher.core.EngineExecutionOrchestrator.execute(EngineExecutionOrchestrator.java:127)
	at org.junit.platform.launcher.core.EngineExecutionOrchestrator.execute(EngineExecutionOrchestrator.java:90)
	at org.junit.platform.launcher.core.EngineExecutionOrchestrator.lambda$execute$0(EngineExecutionOrchestrator.java:55)
	at org.junit.platform.launcher.core.EngineExecutionOrchestrator.withInterceptedStreams(EngineExecutionOrchestrator.java:102)
	at org.junit.platform.launcher.core.EngineExecutionOrchestrator.execute(EngineExecutionOrchestrator.java:54)
	at org.junit.platform.launcher.core.DefaultLauncher.execute(DefaultLauncher.java:114)
	at org.junit.platform.launcher.core.DefaultLauncher.execute(DefaultLauncher.java:86)
	at org.junit.platform.launcher.core.DefaultLauncherSession$DelegatingLauncher.execute(DefaultLauncherSession.java:86)
	at org.apache.maven.surefire.junitplatform.LazyLauncher.execute(LazyLauncher.java:50)
	at org.apache.maven.surefire.junitplatform.JUnitPlatformProvider.execute(JUnitPlatformProvider.java:184)
	at org.apache.maven.surefire.junitplatform.JUnitPlatformProvider.invokeAllTests(JUnitPlatformProvider.java:148)
	at org.apache.maven.surefire.junitplatform.JUnitPlatformProvider.invoke(JUnitPlatformProvider.java:122)
	at org.apache.maven.surefire.booter.ForkedBooter.runSuitesInProcess(ForkedBooter.java:385)
	at org.apache.maven.surefire.booter.ForkedBooter.execute(ForkedBooter.java:162)
	at org.apache.maven.surefire.booter.ForkedBooter.run(ForkedBooter.java:507)
	at org.apache.maven.surefire.booter.ForkedBooter.main(ForkedBooter.java:495)
]]></failure>
    <system-out><![CDATA[Customer(customerKey=null, customerId=CUSTOMER123, firstName=null, lastName=null, addressLine1=null, addressLine2=null, city=null, state=null, zipCode=null, country=null, phoneNo=1234567890, emailId=null, status=Active)customer
Item(itemId=ITEM123, itemName=Item 123, itemPrice=10.0)item
OrderItem(itemId=ITEM123, itemName=Item 123, quantity=1)
Order(orderKey=null, orderNo=ORDER123, reward=Reward(rewardsKey=null, rewardsId=REWARD123, orderNo=ORDER123, customerId=CUSTOMER123, rewardsEarned=10.0, rewardsRedeemed=0.0, rewardsDate=2023-10-02T23:29:30.900563), orderItems=[OrderItem(itemId=ITEM123, itemName=Item 123, quantity=1)], customerId=CUSTOMER123, orderDate=2023-10-02T23:29:30.900565, orderStatus=Created, totalItems=1, orderTotal=10.0, currency=INR, lastModifiedTS=2023-10-02T23:29:30.900559, customerPhoneNo=9876512340)order
nullcreatedorder
]]></system-out>
  </testcase>
</testsuite>